Column	Row	x	y	Diameter	Intensity	Area	Trimmed	FeatureMedian	FeatureVariance	BackgroundMedian	Circularity	Perimeter	redMean	greenMean	blueMean	redMeanBack	greenMeanBack	blueMeanBack	redMedian	greenMedian	blueMedian	redMedianBack	greenMedianBack	blueMedianBack	Barcode	Filename
1	1	339	280	135	-0.000558438481327	0.0163567584847	0.00147693888969	0.000305584718599	0.00150531909301	-4.52003434866e-06	0.0093600503164	0.0342053385902	153.358306189	153.977198697	129.074918567	84.7612393024	95.8390748565	93.3135629943	126.0	130.0	120.0	82.0	93.0	92.0	DLR00012709	DLR00012709-2009-06-30_14-36-26
2	1	481	283	135	-0.000412364544069	0.000319676061591	2.08680315247e-05	0.000268402437445	5.58847294174e-05	-1.22608119337e-06	0.523598775598	0.000639352123182	95.6666666667	108.333333333	107.0	82.8070671001	96.2522517721	95.2670148697	97.0	109.0	107.0	81.0	95.0	95.0	DLR00012709	DLR00012709-2009-06-30_14-36-26
3	1	612	280	135	-0.000349664457852	0.0	0.0		0.0	-1.0708677759e-06	0.0	0.0				85.9537002504	100.215461666	99.0561564282				84.0	99.0	98.0	DLR00012709	DLR00012709-2009-06-30_14-36-26
4	1	746	275	135	9.36886861483e-05	0.00522137567265	0.000310046958683	0.00023039477432	1.86069264554e-05	-1.5193564332e-06	0.0656137418193	0.00729927007299	129.846938776	136.918367347	127.265306122	87.9651866531	102.927427561	101.845696535	130.0	137.0	127.0	85.0	101.0	100.0	DLR00012709	DLR00012709-2009-06-30_14-36-26
5	1	883	279	135	-0.000278324443521	0.000372955405189	2.31812037486e-05	0.000242611920121	3.24481168251e-05	-1.60677361315e-06	0.390953752447	0.000799190153977	102.857142857	117.857142857	113.857142857	87.4487261486	103.368297623	102.102174608	102.0	117.0	114.0	85.0	102.0	101.0	DLR00012709	DLR00012709-2009-06-30_14-36-26
6	1	1020	275	135	-0.000207755037033	0.0	0.0		0.0	-1.46952289066e-06	0.0	0.00564761042144				87.863551601	104.396664713	102.903457829				85.0	103.0	102.0	DLR00012709	DLR00012709-2009-06-30_14-36-26
7	1	1150	279	135	-0.000181531900617	0.0	0.0		0.0	-1.41855439971e-06	0.0	0.0				87.5683840375	104.488944536	102.649635036				85.0	102.0	101.0	DLR00012709	DLR00012709-2009-06-30_14-36-26
8	1	1289	274	135	0.000171257468017	5.32793435985e-05	3.78609875018e-06	0.000278671715459	0.0	-1.14591936848e-06	0.155140377955	0.000479514092386	102.0	121.0	119.0	89.0509910486	105.784047315	103.381979966	102.0	121.0	119.0	85.0	103.0	102.0	DLR00012709	DLR00012709-2009-06-30_14-36-26
9	1	1422	273	135	0.000296520148827	0.0	0.0		0.0	-7.60908198096e-07	0.0	0.000213117374394				89.1213703447	105.976184133	103.292769993				85.0	103.0	102.0	DLR00012709	DLR00012709-2009-06-30_14-36-26
10	1	1560	271	135	9.19064067294e-05	0.000426234748788	4.20084709777e-05	0.000317395177774	0.00175473732141	-1.31764557948e-06	0.174532925199	0.00127870424636	109.75	126.5	123.375	89.3967272533	106.152070785	103.216726187	104.5	122.0	119.0	85.0	103.0	101.0	DLR00012709	DLR00012709-2009-06-30_14-36-26
11	1	1694	275	135	-5.01019945483e-05	0.0	0.0		0.0	-8.77687585088e-07	0.0	5.32793435985e-05				88.6422824871	105.526240077	102.61116735				85.0	103.0	101.0	DLR00012709	DLR00012709-2009-06-30_14-36-26
12	1	1846	269	135	-1.61444362396e-05	0.0	0.0		0.0	-1.08563463434e-06	0.0	0.0				89.9901433214	106.744632106	103.400820502				85.0	103.0	101.0	DLR00012709	DLR00012709-2009-06-30_14-36-26
13	1	1976	279	135	-8.72623595078e-05	0.000213117374394	1.35102033742e-05	0.000248976820257	3.64729505379e-05	-1.23222160579e-06	2.0106192983	0.000266396717992	111.0	124.75	114.75	87.8555289102	105.087343459	102.152517986	110.5	125.0	115.0	84.0	102.0	101.0	DLR00012709	DLR00012709-2009-06-30_14-36-26
14	1	2114	279	135	-9.89507858144e-05	0.0	0.0		0.0	-1.27195264006e-06	0.0	0.0				87.107304598	104.083328893	101.222334701				83.0	102.0	100.0	DLR00012709	DLR00012709-2009-06-30_14-36-26
15	1	2252	272	135	0.000120466506681	0.0	0.0		0.0	-4.34063676564e-07	0.0	0.0				88.5614044435	105.247642389	102.185465395				84.0	102.0	100.0	DLR00012709	DLR00012709-2009-06-30_14-36-26
16	1	2384	279	135	-0.000132147483058	0.0	0.0		0.0	-1.07198698646e-06	0.0	0.0				87.249347328	104.14529277	101.65176621				84.0	102.0	100.0	DLR00012709	DLR00012709-2009-06-30_14-36-26
17	1	2517	269	135	7.70365997516e-05	5.32793435985e-05	3.15220024419e-06	0.000232014299542	0.0	-5.4217582558e-07	1.3962634016	0.000159838030795	101.0	117.0	116.0	89.3104219949	105.672687553	102.972346547	101.0	117.0	116.0	85.0	103.0	101.0	DLR00012709	DLR00012709-2009-06-30_14-36-26
18	1	2659	270	135	0.00011329789147	0.000213117374394	1.28872406643e-05	0.000240872035216	2.5522903148e-05	-5.18093744841e-07	0.173929005043	0.000905748841174	103.5	120.5	119.25	88.877111644	104.951665334	102.538342659	102.5	120.0	118.5	84.0	102.0	101.0	DLR00012709	DLR00012709-2009-06-30_14-36-26
19	1	2798	272	135	4.68417210557e-05	0.0	0.0		0.0	-4.31115470026e-07	0.0	0.0				87.8459161383	103.659704832	101.627843785				84.0	101.0	100.0	DLR00012709	DLR00012709-2009-06-30_14-36-26
20	1	2934	279	135	-0.000119485077228	5.32793435985e-05	4.80656023036e-06	0.00035378168221	0.0	-1.29380965904e-06	0.196349540849	0.000426234748788	102.0	121.0	117.0	85.7487745098	101.305360188	99.641943734	102.0	121.0	117.0	83.0	99.0	98.0	DLR00012709	DLR00012709-2009-06-30_14-36-26
21	1	3064	271	135	0.000125993381544	0.000106558687197	5.7577218418e-06	0.000211895453429	6.87169143105e-07	-2.70816840858e-07	1.00530964915	0.000266396717992	92.5	106.5	106.0	85.9007300048	100.210902115	98.1084883039	92.5	106.5	106.0	83.0	98.0	97.0	DLR00012709	DLR00012709-2009-06-30_14-36-26
22	1	3205	279	135	-0.000245062789765	0.0	0.0		0.0	-1.10629963864e-06	0.0	0.000159838030795				81.806329586	95.5539453354	93.6398849166				80.0	94.0	93.0	DLR00012709	DLR00012709-2009-06-30_14-36-26
23	1	3332	271	135	0.000133170051774	0.0	0.0		0.0	-4.70099854659e-07	0.0	0.000266396717992				82.4148862486	94.7327508125	92.2488678139				79.0	92.0	91.0	DLR00012709	DLR00012709-2009-06-30_14-36-26
24	1	3487	279	135	-0.000658814514946	0.00990995790932	0.00100819225018	0.000336458130043	0.00214992324086	-5.51728888562e-06	0.01053612693	0.0250945708349	190.430107527	192.123655914	160.946236559	87.3132970995	97.3825539472	93.3188936124	204.0	205.0	165.5	83.0	94.0	90.0	DLR00012709	DLR00012709-2009-06-30_14-36-26
1	2	331	412	135	-2.10215887056e-05	0.0	0.0		0.0	-3.81702918139e-08	0.0	0.0				77.4802067239	91.1352229741	90.2544088657				77.0	91.0	90.0	DLR00012709	DLR00012709-2009-06-30_14-36-26
2	2	477	405	135	3.49212120015e-05	0.000426234748788	2.8480856165e-05	0.000268402437445	7.32184886442e-05	-2.26202369389e-07	0.14871444514	0.00138526293356	95.875	109.125	107.375	78.3226373861	93.4412344758	93.1470603912	97.0	109.0	107.0	78.0	93.0	93.0	DLR00012709	DLR00012709-2009-06-30_14-36-26
3	2	611	412	135	1.62781151941e-05	0.0	0.0		0.0	-2.48779851527e-07	0.0	0.0				80.0836485694	96.1415632159	95.7230006926				80.0	96.0	96.0	DLR00012709	DLR00012709-2009-06-30_14-36-26
4	2	746	402	135	2.75540563401e-05	0.0	0.0		0.0	-5.3180445041e-07	0.0	0.0				81.1881826416	98.1438009484	97.6350364964				81.0	98.0	98.0	DLR00012709	DLR00012709-2009-06-30_14-36-26
5	2	878	412	135	2.47252924298e-05	0.0	0.0		0.0	-2.36532604483e-07	0.0	5.32793435985e-05				81.2933027865	98.894240503	98.0405455805				81.0	99.0	98.0	DLR00012709	DLR00012709-2009-06-30_14-36-26
6	2	1012	412	135	8.41951538939e-06	5.32793435985e-05	3.02736869313e-06	0.000222826207848	0.0	3.2835819262e-07	0.25645654315	0.000372955405189	96.0	115.0	113.0	81.2543158568	99.4434143223	98.2414748508	96.0	115.0	113.0	81.0	99.0	98.0	DLR00012709	DLR00012709-2009-06-30_14-36-26
7	2	1154	412	135	4.34815956085e-05	0.0	0.0		0.0	6.19590837221e-07	0.0	0.000213117374394				81.2146624754	99.6524055624	98.2200436891				81.0	100.0	98.0	DLR00012709	DLR00012709-2009-06-30_14-36-26
8	2	1294	412	135	1.9523164092e-05	0.000479514092386	3.95861595206e-05	0.000266717798083	0.000922864599815	-8.08144141276e-07	0.196349540849	0.00127870424636	106.0	121.777777778	119.0	80.7488272921	99.3276119403	97.8055970149	103.0	118.0	115.0	81.0	99.0	98.0	DLR00012709	DLR00012709-2009-06-30_14-36-26
9	2	1425	411	135	1.65607101448e-05	0.0	0.0		0.0	3.82919306845e-07	0.0	0.0				80.2972454579	98.8871010709	97.202514785				80.0	99.0	97.0	DLR00012709	DLR00012709-2009-06-30_14-36-26
10	2	1565	412	135	-1.22045404462e-05	5.32793435985e-05	4.13856136002e-06	0.00030461434575	0.0	-3.3249026202e-07	0.125663706144	0.000532793435985	100.0	119.0	117.0	79.6674126172	98.3036551577	96.5615942029	100.0	119.0	117.0	79.0	98.0	97.0	DLR00012709	DLR00012709-2009-06-30_14-36-26
11	2	1704	412	135	9.50861909692e-06	0.000213117374394	1.5139698603e-05	0.000275752072963	0.00023005338599	-3.47830772103e-07	0.125663706144	0.00106558687197	102.0	117.0	115.5	79.4771649347	98.2732747136	96.575592859	102.5	116.5	116.0	79.0	98.0	97.0	DLR00012709	DLR00012709-2009-06-30_14-36-26
12	2	1839	409	135	1.846331639e-05	0.0	0.0		0.0	-8.97152741006e-08	0.0	0.0				79.6192125313	98.6829879056	96.6733443444				79.0	99.0	97.0	DLR00012709	DLR00012709-2009-06-30_14-36-26
13	2	1968	403	135	1.83129155734e-05	0.000213117374394	1.66787980806e-05	0.000292617491301	0.000235551981271	-6.57197407203e-07	0.113980685845	0.00111886621557	102.5	117.75	115.25	79.2218491873	98.2705035971	96.2193445244	101.5	117.0	115.0	79.0	98.0	96.0	DLR00012709	DLR00012709-2009-06-30_14-36-26
14	2	2114	403	135	-1.92481668923e-05	0.0	0.0		0.0	-6.72025035206e-07	0.0	0.0				78.5233629922	97.4526613032	95.7454845756				78.0	97.0	96.0	DLR00012709	DLR00012709-2009-06-30_14-36-26
15	2	2249	412	135	9.78545523487e-06	0.0	0.0		0.0	-9.07688003898e-07	0.0	0.0				78.5423304385	97.3568650434	95.7575257073				78.0	97.0	96.0	DLR00012709	DLR00012709-2009-06-30_14-36-26
16	2	2385	412	135	9.74196038817e-06	0.000586072779583	5.74462988112e-05	0.000387381449789	0.00132459559583	-7.84988978806e-07	0.0747593708804	0.00229101177473	106.818181818	122.909090909	120.090909091	78.8041369016	97.5058641646	95.9839535132	108.0	123.0	120.0	79.0	97.0	96.0	DLR00012709	DLR00012709-2009-06-30_14-36-26
17	2	2526	407	135	4.33972607304e-06	5.32793435985e-05	2.92126836187e-06	0.000215016807388	0.0	-3.78875276057e-07	0.349065850399	0.000319676061591	95.0	111.0	108.0	78.885230179	97.4546568627	96.2045502984	95.0	111.0	108.0	79.0	97.0	96.0	DLR00012709	DLR00012709-2009-06-30_14-36-26
18	2	2659	412	135	5.81462445852e-06	0.0	0.0		0.0	4.95014242175e-08	0.0	0.0				78.3863817998	96.8061164686	95.8537482018				78.0	97.0	96.0	DLR00012709	DLR00012709-2009-06-30_14-36-26
19	2	2798	412	135	8.99917607955e-06	0.000159838030795	1.12372932775e-05	0.000242929204589	0.000328444718586	-6.96362743129e-07	0.223071667711	0.00069263146678	98.6666666667	115.666666667	113.0	77.7594053075	96.1525631461	95.4000319727	97.0	113.0	112.0	78.0	96.0	95.0	DLR00012709	DLR00012709-2009-06-30_14-36-26
20	2	2934	412	135	1.24728721499e-05	0.0	0.0		0.0	-6.95317702508e-07	0.0	0.0				77.3310778411	95.3897383984	94.7992967127				77.0	95.0	95.0	DLR00012709	DLR00012709-2009-06-30_14-36-26
21	2	3066	412	135	-2.6342869045e-05	0.000159838030795	1.02520192344e-05	0.00024764485489	1.97063028548e-06	-4.70282041612e-07	0.311562907794	0.000586072779583	96.3333333333	111.333333333	107.666666667	76.1087605244	93.3583608654	93.2136843227	96.0	111.0	108.0	76.0	93.0	93.0	DLR00012709	DLR00012709-2009-06-30_14-36-26
22	2	3205	412	135	1.24497177758e-05	0.000372955405189	3.17251526805e-05	0.000364743544734	0.00062518245955	-4.3976516479e-07	0.199466200228	0.00111886621557	97.4285714286	111.714285714	109.857142857	73.9961091568	90.3749067264	90.1899051274	99.0	113.0	111.0	74.0	90.0	90.0	DLR00012709	DLR00012709-2009-06-30_14-36-26
23	2	3342	412	135	2.32579002624e-05	0.0	0.0		0.0	3.15634304029e-07	0.0	0.0				72.1319196547	87.6772337365	87.4864404071				72.0	88.0	87.0	DLR00012709	DLR00012709-2009-06-30_14-36-26
24	2	3482	412	135	-7.99567669223e-05	0.000426234748788	3.30950131289e-05	0.000277565073212	0.000441532448786	-1.0661411754e-07	0.111701072128	0.00159838030795	92.375	105.625	103.0	74.8122701349	88.1863973136	86.8630136986	92.5	105.0	103.0	75.0	88.0	87.0	DLR00012709	DLR00012709-2009-06-30_14-36-26
1	3	338	551	135	-2.58566151275e-05	0.000745910810379	5.66845725911e-05	0.000300511515568	0.00019536644793	-5.19790099015e-07	0.121834618145	0.00202461505674	100.642857143	112.071428571	110.0	77.603252466	91.339696081	90.7251399627	101.5	112.0	110.5	77.0	91.0	91.0	DLR00012709	DLR00012709-2009-06-30_14-36-26
2	3	477	551	135	5.5450280076e-05	0.000213117374394	1.36947199085e-05	0.000251170057393	6.82861484085e-05	9.50488808613e-09	0.25645654315	0.000745910810379	97.0	112.5	110.0	78.8819078071	93.9048228084	93.365627498	97.0	112.5	110.0	79.0	94.0	93.0	DLR00012709	DLR00012709-2009-06-30_14-36-26
3	3	612	559	135	3.19827605897e-05	0.0	0.0		0.0	-5.25969782901e-07	0.0	5.32793435985e-05				79.9250359636	96.202674623	95.4838829986				80.0	96.0	96.0	DLR00012709	DLR00012709-2009-06-30_14-36-26
4	3	739	560	135	3.39022503004e-05	0.000213117374394	1.59910786599e-05	0.000264657776378	0.000454072327004	1.12568214192e-07	0.25645654315	0.000745910810379	102.0	118.0	116.0	80.6244604317	97.899014122	96.9674926725	100.0	116.0	114.0	81.0	98.0	97.0	DLR00012709	DLR00012709-2009-06-30_14-36-26
5	3	883	551	135	1.94632692455e-05	0.0	0.0		0.0	-9.10711218237e-07	0.0	0.0				81.0138526293	98.7693004422	97.4976823486				81.0	99.0	97.0	DLR00012709	DLR00012709-2009-06-30_14-36-26
6	3	1020	545	135	1.43299463086e-05	0.0	0.0		0.0	7.45801796542e-07	0.0	0.0				81.0348979701	99.1984655549	97.6082902659				81.0	99.0	98.0	DLR00012709	DLR00012709-2009-06-30_14-36-26
7	3	1158	545	135	1.14010743767e-05	0.000106558687197	7.66163322624e-06	0.000281963125536	1.37360414171e-05	-1.38191232173e-06	0.251327412287	0.000532793435985	102.0	118.0	117.0	80.8100921831	99.2109021154	97.3887142324	102.0	118.0	117.0	81.0	99.0	97.0	DLR00012709	DLR00012709-2009-06-30_14-36-26
8	3	1285	551	135	1.60051865506e-05	0.0	0.0		0.0	-1.9138848877e-06	0.0	0.0				80.5666258192	99.0413447706	96.9786349832				80.0	99.0	97.0	DLR00012709	DLR00012709-2009-06-30_14-36-26
9	3	1435	551	135	3.54882895064e-05	5.32793435985e-05	4.18099296092e-06	0.000307737477975	0.0	7.96709026105e-07	0.125663706144	0.000532793435985	101.0	120.0	116.0	80.1373081841	98.5455029838	96.3975916454	101.0	120.0	116.0	80.0	99.0	97.0	DLR00012709	DLR00012709-2009-06-30_14-36-26
10	3	1565	544	135	9.79591564156e-06	0.000213117374394	1.48665340787e-05	0.000264004176435	0.000181972831847	-9.0670271861e-07	0.113980685845	0.00111886621557	100.0	116.25	114.0	79.5594457767	97.9055688782	95.7607247535	100.0	115.5	113.5	79.0	98.0	96.0	DLR00012709	DLR00012709-2009-06-30_14-36-26
11	3	1710	545	135	3.71838438064e-05	0.000159838030795	1.16175294253e-05	0.000269607734047	0.000252072815762	1.86160013158e-06	0.116355283466	0.000959028184773	98.3333333333	117.333333333	112.666666667	78.9768730683	97.5280827028	95.4375466269	97.0	116.0	112.0	79.0	98.0	96.0	DLR00012709	DLR00012709-2009-06-30_14-36-26
12	3	1834	551	135	4.93477163236e-05	0.000372955405189	2.95527262862e-05	0.000261075078392	0.00115912100609	1.49684497258e-08	0.120664738409	0.00143854227716	101.714285714	118.714285714	115.0	79.0083679778	97.8579575738	95.5380023452	99.0	115.0	112.0	79.0	98.0	96.0	DLR00012709	DLR00012709-2009-06-30_14-36-26
13	3	1966	551	135	2.26947877482e-05	0.000266396717992	2.26811728197e-05	0.000303361186989	0.00102283505237	9.08963641252e-07	0.245436926062	0.000852469497576	102.0	121.0	117.4	78.8608505649	97.7847473886	95.471328075	100.0	119.0	115.0	79.0	98.0	96.0	DLR00012709	DLR00012709-2009-06-30_14-36-26
14	3	2116	544	135	-4.27795846157e-06	0.0	0.0		0.0	-9.43474531749e-07	0.0	0.000266396717992				78.4567638127	97.3403484469	95.3431722521				78.0	97.0	95.0	DLR00012709	DLR00012709-2009-06-30_14-36-26
15	3	2251	553	135	2.36576009369e-05	0.0	0.0		0.0	-1.76026040289e-06	0.0	0.000159838030795				78.4405668922	97.0518940807	95.179871064				78.0	97.0	95.0	DLR00012709	DLR00012709-2009-06-30_14-36-26
16	3	2385	547	135	2.94271007486e-05	0.000319676061591	3.31686323459e-05	0.000453056602133	0.00125746458383	-1.76396343543e-06	0.1308996939	0.00127870424636	109.166666667	124.333333333	120.666666667	78.531045142	96.9626392368	95.1945850877	112.5	127.5	123.5	78.0	97.0	95.0	DLR00012709	DLR00012709-2009-06-30_14-36-26
17	3	2535	551	135	-5.39040433156e-06	0.0	0.0		0.0	-1.51175823615e-07	0.0	0.0				78.2460972881	96.6993979434	95.1240343119				78.0	97.0	95.0	DLR00012709	DLR00012709-2009-06-30_14-36-26
18	3	2659	559	135	2.90868591477e-05	0.0	0.0		0.0	6.50998593637e-07	0.0	0.000106558687197				77.7527838457	96.2706057861	94.8830518408				78.0	96.0	95.0	DLR00012709	DLR00012709-2009-06-30_14-36-26
19	3	2795	551	135	1.50156668735e-05	5.32793435985e-05	3.73779367447e-06	0.000275116272455	0.0	-3.80235122341e-07	0.25645654315	0.000372955405189	99.0	113.0	113.0	77.1921355499	95.6980498721	94.5864236999	99.0	113.0	113.0	77.0	96.0	95.0	DLR00012709	DLR00012709-2009-06-30_14-36-26
20	3	2934	549	135	2.83680459019e-05	0.0	0.0		0.0	-2.10176521475e-07	0.0	0.0				76.4801001652	94.804304971	94.0200330332				76.0	95.0	94.0	DLR00012709	DLR00012709-2009-06-30_14-36-26
21	3	3069	551	135	1.45031270198e-05	0.000106558687197	8.33034807485e-06	0.00030657314317	0.000142771305753	-4.23259284449e-08	0.698131700798	0.000319676061591	95.0	114.0	112.0	75.4260137475	93.1141898012	92.7162572601	95.0	114.0	112.0	75.0	93.0	93.0	DLR00012709	DLR00012709-2009-06-30_14-36-26
22	3	3205	548	135	1.51359330121e-05	0.0	0.0		0.0	-4.83970003774e-07	0.0	0.0				73.7098939741	90.5981139112	90.3140284512				74.0	91.0	90.0	DLR00012709	DLR00012709-2009-06-30_14-36-26
23	3	3338	551	135	-8.11744055482e-06	0.000266396717992	1.75074232638e-05	0.000251037521394	0.000122576640276	-4.06050505527e-07	0.245436926062	0.000852469497576	89.2	104.6	103.4	72.0764762311	87.9811340865	87.7663078235	90.0	104.0	104.0	72.0	88.0	88.0	DLR00012709	DLR00012709-2009-06-30_14-36-26
24	3	3482	551	135	-5.31112309792e-05	0.0	0.0		0.0	1.8135964879e-07	0.0	0.0				73.3251105546	87.57792104	86.6943896851				73.0	87.0	87.0	DLR00012709	DLR00012709-2009-06-30_14-36-26
1	4	331	685	135	-2.35950234638e-05	0.000106558687197	6.04217014967e-06	0.0002223637089	1.22267195526e-06	-5.47789819313e-07	2.79252680319	0.000159838030795	97.5	108.5	102.5	78.0466776789	91.9098417435	91.3873288219	97.5	108.5	102.5	78.0	92.0	91.0	DLR00012709	DLR00012709-2009-06-30_14-36-26
2	4	477	690	135	3.40409162051e-05	5.32793435985e-05	5.56710613247e-06	0.000409760843138	0.0	-4.55858911009e-07	0.196349540849	0.000426234748788	107.0	123.0	120.0	78.9441069906	94.4271099744	93.9636615516	107.0	123.0	120.0	79.0	94.0	94.0	DLR00012709	DLR00012709-2009-06-30_14-36-26
3	4	606	687	135	3.17389046969e-05	0.0	0.0		0.0	2.6723916581e-07	0.0	0.000159838030795				79.8999946721	96.3959720816	95.8097927434				80.0	96.0	96.0	DLR00012709	DLR00012709-2009-06-30_14-36-26
4	4	754	687	135	4.66613075658e-05	5.32793435985e-05	3.08716034713e-06	0.00022722710806	0.0	4.68842171482e-08	0.25645654315	0.000372955405189	96.0	115.0	113.0	80.7204816709	98.1645353794	97.3710571185	96.0	115.0	113.0	81.0	98.0	97.0	DLR00012709	DLR00012709-2009-06-30_14-36-26
5	4	884	689	135	2.6307989094e-05	5.32793435985e-05	3.66542076246e-06	0.000269789342316	0.0	-1.37716492256e-06	0.103854302598	0.000586072779583	101.0	117.0	116.0	80.8098891731	98.867114237	97.6528665814	101.0	117.0	116.0	81.0	99.0	98.0	DLR00012709	DLR00012709-2009-06-30_14-36-26
6	4	1020	691	135	3.13218372161e-05	0.0	0.0		0.0	-2.1143786645e-06	0.0	0.0				80.787255581	99.0830624967	97.5463263893				81.0	99.0	98.0	DLR00012709	DLR00012709-2009-06-30_14-36-26
7	4	1154	687	135	1.12700716372e-05	0.0	0.0		0.0	-1.53599863366e-06	0.0	5.32793435985e-05				80.7895998721	99.12824338	97.3458362193				81.0	99.0	97.0	DLR00012709	DLR00012709-2009-06-30_14-36-26
8	4	1294	680	135	5.23882659947e-05	5.32793435985e-05	4.06458354412e-06	0.000299169288391	0.0	-4.21805049535e-07	0.196349540849	0.000426234748788	101.0	120.0	116.0	80.6539855072	98.7966219096	96.8849637681	101.0	120.0	116.0	80.0	99.0	97.0	DLR00012709	DLR00012709-2009-06-30_14-36-26
9	4	1429	687	135	2.52176128906e-05	0.000159838030795	1.20306680541e-05	0.000259764035448	0.000425823230634	1.50905904432e-06	0.192342407363	0.000745910810379	101.666666667	118.666666667	116.0	80.3031013535	98.506128104	96.4410103378	100.0	116.0	113.0	80.0	98.0	97.0	DLR00012709	DLR00012709-2009-06-30_14-36-26
10	4	1565	687	135	-5.48489124743e-06	5.32793435985e-05	2.93818216119e-06	0.000216261729347	0.0	-1.09733788689e-06	1.3962634016	0.000159838030795	96.0	112.0	111.0	79.7207480818	97.8902919864	95.7201619778	96.0	112.0	111.0	79.0	98.0	96.0	DLR00012709	DLR00012709-2009-06-30_14-36-26
11	4	1700	692	135	3.24003964054e-05	0.0	0.0		0.0	6.22503999647e-07	0.0	0.0				79.2023016676	97.2618679738	95.2172731632				79.0	97.0	95.0	DLR00012709	DLR00012709-2009-06-30_14-36-26
12	4	1839	684	135	1.84742042313e-05	5.32793435985e-05	3.70650282036e-06	0.000272813142883	0.0	7.76686465554e-08	0.502654824574	0.000266396717992	100.0	115.0	112.0	78.8257672634	97.3294970162	95.270140665	100.0	115.0	112.0	79.0	97.0	95.0	DLR00012709	DLR00012709-2009-06-30_14-36-26
13	4	1977	696	135	1.8842983711e-06	0.0	0.0		0.0	1.27801199856e-06	0.0	0.0				78.7917843252	97.3639511961	95.4225584741				79.0	97.0	96.0	DLR00012709	DLR00012709-2009-06-30_14-36-26
14	4	2120	687	135	3.82526155756e-05	0.000106558687197	6.15893644816e-06	0.000226660937638	1.52187146763e-05	1.63799367202e-06	0.207708605196	0.000586072779583	93.5	113.0	110.0	78.7451377418	97.3441146694	95.3888208025	93.5	113.0	110.0	79.0	97.0	95.0	DLR00012709	DLR00012709-2009-06-30_14-36-26
15	4	2247	687	135	4.13214747342e-05	0.000586072779583	5.55808063944e-05	0.000375683265977	0.000871303146145	-2.52367962461e-06	0.090881049808	0.00207789440034	107.272727273	122.454545455	117.090909091	78.6847211856	97.118242883	95.3379891246	108.0	122.0	114.0	78.0	97.0	95.0	DLR00012709	DLR00012709-2009-06-30_14-36-26
16	4	2394	677	135	2.84066738848e-05	0.000106558687197	7.07149580574e-06	0.000260244911329	0.000180572940891	-4.26027933262e-07	0.31028075591	0.000479514092386	98.5	113.5	110.5	78.4243619119	96.7422070656	95.0633026056	98.5	113.5	110.5	78.0	97.0	95.0	DLR00012709	DLR00012709-2009-06-30_14-36-26
17	4	2526	693	135	3.42476066839e-05	0.0	0.0		0.0	2.69204378687e-07	0.0	0.000106558687197				78.2521178539	96.5867654111	95.0669721349				78.0	97.0	95.0	DLR00012709	DLR00012709-2009-06-30_14-36-26
18	4	2659	685	135	1.1463127721e-05	0.0	0.0		0.0	-3.98952236869e-07	0.0	0.0				77.5731258991	96.0870051681	94.743832916				77.0	96.0	95.0	DLR00012709	DLR00012709-2009-06-30_14-36-26
19	4	2788	687	135	2.93418207243e-05	0.0	0.0		0.0	-6.36745670997e-08	0.0	0.0				77.0497629069	95.5442484949	94.593425329				77.0	96.0	95.0	DLR00012709	DLR00012709-2009-06-30_14-36-26
20	4	2934	688	135	3.90416588666e-05	0.000106558687197	6.52371518028e-06	0.000240085510233	3.46494571924e-05	-4.14051894186e-07	0.698131700798	0.000319676061591	94.5	110.5	109.5	76.2761762669	94.713593009	94.0747588853	94.5	110.5	109.5	76.0	95.0	94.0	DLR00012709	DLR00012709-2009-06-30_14-36-26
21	4	3064	687	135	5.00385560682e-05	0.000159838030795	1.24946008385e-05	0.000306505333806	9.51809369446e-05	-4.63007855801e-07	0.376991118431	0.000532793435985	95.0	114.0	112.0	75.4380795055	93.3208994991	93.0204092508	95.0	114.0	112.0	75.0	93.0	93.0	DLR00012709	DLR00012709-2009-06-30_14-36-26
22	4	3207	687	135	4.27621262168e-05	0.000266396717992	2.18916119927e-05	0.000293699823887	0.000373448206657	3.95986209188e-08	0.193925472444	0.000959028184773	95.8	109.8	109.8	73.7948731614	90.9584310382	90.9856640375	94.0	108.0	108.0	74.0	91.0	91.0	DLR00012709	DLR00012709-2009-06-30_14-36-26
23	4	3339	687	135	7.09558485837e-06	5.32793435985e-05	4.21144144463e-06	0.000309978605782	0.0	-6.71364902414e-08	0.196349540849	0.000426234748788	95.0	109.0	109.0	72.0932971014	88.5079390452	88.557544757	95.0	109.0	109.0	72.0	89.0	88.0	DLR00012709	DLR00012709-2009-06-30_14-36-26
24	4	3482	684	135	-7.37010184272e-05	0.000319676061591	2.28993939215e-05	0.000240406556472	0.000667826715499	-5.88861601043e-07	0.260893507565	0.000905748841174	89.0	104.5	103.0	73.2244310611	88.0700314449	87.57187017	87.0	102.0	100.5	72.0	88.0	87.0	DLR00012709	DLR00012709-2009-06-30_14-36-26
1	5	336	824	135	-3.6652581038e-05	0.0	0.0		0.0	-9.22294143228e-07	0.0	0.0				77.6966274176	91.9540732058	91.669401673				78.0	92.0	92.0	DLR00012709	DLR00012709-2009-06-30_14-36-26
2	5	477	824	135	1.94714822624e-05	0.0	0.0		0.0	6.10108480622e-07	0.0	0.0				78.9978688263	94.6767542224	94.2703926688				79.0	95.0	94.0	DLR00012709	DLR00012709-2009-06-30_14-36-26
3	5	603	818	135	4.02868874349e-05	0.0	0.0		0.0	1.90563387818e-07	0.0	5.32793435985e-05				79.9211465715	96.6476637008	96.0179018594				80.0	97.0	96.0	DLR00012709	DLR00012709-2009-06-30_14-36-26
4	5	746	824	135	2.95583567419e-05	0.0	0.0		0.0	-2.49999190162e-08	0.0	0.0				80.6386062124	98.1761415099	97.3234056156				80.0	98.0	97.0	DLR00012709	DLR00012709-2009-06-30_14-36-26
5	5	883	824	135	4.49452736834e-05	0.000159838030795	9.52575176312e-06	0.000232688574328	3.3107566249e-05	-1.48948560476e-06	0.311562907794	0.000586072779583	97.0	116.0	112.666666667	80.8488756261	98.8686987104	97.6924224662	97.0	116.0	112.0	81.0	99.0	98.0	DLR00012709	DLR00012709-2009-06-30_14-36-26
6	5	1020	814	135	4.85213516158e-05	0.000213117374394	1.27005388078e-05	0.000237371186939	2.37915456664e-05	-1.87693282156e-06	0.415417210392	0.000586072779583	96.75	115.75	113.75	80.6510524913	98.9558220091	97.4605382361	97.0	116.0	114.0	80.0	99.0	97.0	DLR00012709	DLR00012709-2009-06-30_14-36-26
7	5	1150	824	135	5.73036000172e-05	0.000106558687197	7.86179733166e-06	0.000289329557094	0.000347220100256	-6.58119852701e-07	0.207708605196	0.000586072779583	102.5	118.0	116.0	80.5652475089	98.8589545479	97.0994831353	102.5	118.0	116.0	80.0	99.0	97.0	DLR00012709	DLR00012709-2009-06-30_14-36-26
8	5	1294	816	135	2.83550961808e-05	5.32793435985e-05	3.38559877162e-06	0.000249193346449	0.0	4.41191512108e-07	0.125663706144	0.000532793435985	99.0	116.0	110.0	80.4914748508	98.6204710145	96.6087489344	99.0	116.0	110.0	80.0	99.0	97.0	DLR00012709	DLR00012709-2009-06-30_14-36-26
9	5	1431	821	135	2.21983875669e-05	0.0	0.0		0.0	1.20626903768e-06	0.0	5.32793435985e-05				80.3284138739	98.2982044861	96.1441739038				80.0	98.0	96.0	DLR00012709	DLR00012709-2009-06-30_14-36-26
10	5	1565	814	135	2.22153214092e-05	0.0	0.0		0.0	-6.42958870316e-08	0.0	5.32793435985e-05				79.8130960627	97.6325856465	95.2552613352				80.0	98.0	95.0	DLR00012709	DLR00012709-2009-06-30_14-36-26
11	5	1704	818	135	-3.39054559058e-05	5.32793435985e-05	3.31397207031e-06	0.000243921340344	0.0	-1.34584102105e-06	0.785398163397	0.000213117374394	98.0	113.0	108.0	79.0981990622	96.761988491	94.5801896846	98.0	113.0	108.0	79.0	97.0	95.0	DLR00012709	DLR00012709-2009-06-30_14-36-26
12	5	1839	833	135	2.3416692999e-05	5.32793435985e-05	4.09578964243e-06	0.000301466179603	0.0	-2.30235561523e-06	0.196349540849	0.000426234748788	101.0	118.0	110.0	79.1094948849	96.9389919011	94.8333333333	101.0	118.0	110.0	79.0	97.0	95.0	DLR00012709	DLR00012709-2009-06-30_14-36-26
13	5	1981	818	135	3.45638684034e-05	0.000213117374394	1.48054684925e-05	0.000272436772586	7.30724322363e-05	-2.4269846135e-06	0.349065850399	0.000639352123182	100.0	115.0	112.0	78.8996003197	97.0559019451	95.1154276579	100.0	115.0	112.0	79.0	97.0	95.0	DLR00012709	DLR00012709-2009-06-30_14-36-26
14	5	2112	824	135	3.58184804214e-05	0.000586072779583	4.78076535719e-05	0.00025709208461	0.000749629216613	-1.43185029921e-06	0.0863937979737	0.00213117374394	104.272727273	118.636363636	114.0	78.8054163557	96.9575647724	95.0139140633	100.0	115.0	110.0	79.0	97.0	95.0	DLR00012709	DLR00012709-2009-06-30_14-36-26
15	5	2245	821	135	3.21713381669e-05	0.000266396717992	3.00713971975e-05	0.000456208122709	0.00134305416313	-1.70554150644e-07	0.174049454493	0.00101230752837	110.4	126.6	123.0	78.5027712641	96.7236196973	94.8627158388	111.0	128.0	122.0	78.0	97.0	95.0	DLR00012709	DLR00012709-2009-06-30_14-36-26
16	5	2385	830	135	4.10241824974e-05	0.0	0.0		0.0	1.15702411165e-06	0.0	0.0				78.2988971176	96.5085513346	94.7040332463				78.0	97.0	95.0	DLR00012709	DLR00012709-2009-06-30_14-36-26
17	5	2526	827	135	2.12464426787e-05	0.000106558687197	6.95744382105e-06	0.000256047574661	6.6571540065e-05	4.62959955089e-07	0.174532925199	0.000639352123182	97.0	113.0	111.0	77.8236265786	96.1805829381	94.6005221932	97.0	113.0	111.0	78.0	96.0	95.0	DLR00012709	DLR00012709-2009-06-30_14-36-26
18	5	2659	823	135	3.0042732107e-05	0.000213117374394	2.00793207108e-05	0.000263295944426	0.00242795891775	-8.45538207648e-07	0.297428890281	0.00069263146678	103.0	120.5	119.0	77.2173727685	95.7785238476	94.4842525979	96.0	113.5	112.0	77.0	96.0	94.0	DLR00012709	DLR00012709-2009-06-30_14-36-26
19	5	2795	824	135	6.87314801438e-05	5.32793435985e-05	3.08183459423e-06	0.000226835111761	0.0	5.41352280485e-07	3.14159265359	0.000106558687197	94.0	110.0	109.0	76.6753516624	95.4639279625	94.414428815	94.0	110.0	109.0	77.0	95.0	94.0	DLR00012709	DLR00012709-2009-06-30_14-36-26
20	5	2935	822	135	-7.85506080624e-06	0.0	0.0		0.0	-4.19166031169e-07	0.0	0.000106558687197				76.0221642069	94.6688688795	93.8800681976				76.0	95.0	94.0	DLR00012709	DLR00012709-2009-06-30_14-36-26
21	5	3071	824	135	4.13327641624e-05	0.000213117374394	1.91495207124e-05	0.000360180593026	3.60921909324e-05	2.97640548187e-07	0.223402144255	0.000799190153977	99.5	115.5	114.5	75.1576871836	93.2513189448	92.9263522515	100.0	116.0	115.0	75.0	93.0	93.0	DLR00012709	DLR00012709-2009-06-30_14-36-26
22	5	3205	820	135	1.66710996195e-05	0.000159838030795	9.39606732914e-06	0.000209363433625	5.84645699606e-05	-2.49461252619e-07	0.311562907794	0.000586072779583	90.3333333333	106.333333333	106.333333333	73.6911968454	91.2298838325	91.105829692	89.0	105.0	105.0	74.0	91.0	91.0	DLR00012709	DLR00012709-2009-06-30_14-36-26
23	5	3339	824	135	2.84966269075e-05	0.000426234748788	4.20608960456e-05	0.000345513732605	0.000993805325603	-7.06723204802e-07	0.207708605196	0.00117214555917	99.875	114.125	113.875	72.1956718725	89.1498320985	88.9963221577	97.5	111.5	111.0	72.0	89.0	89.0	DLR00012709	DLR00012709-2009-06-30_14-36-26
24	5	3482	824	135	-7.40550828857e-05	0.0	0.0		0.0	2.57942659609e-07	0.0	0.0				72.9697373328	88.6398316373	87.9589216261				72.0	88.0	88.0	DLR00012709	DLR00012709-2009-06-30_14-36-26
1	6	339	961	135	-8.66660956932e-05	0.0	0.0		0.0	-6.45607766812e-07	0.0	0.0				77.3786030156	92.2058181043	92.0909478395				77.0	92.0	92.0	DLR00012709	DLR00012709-2009-06-30_14-36-26
2	6	477	958	135	6.07280041614e-06	0.000213117374394	1.57573427072e-05	0.000304759808896	6.30838607743e-05	-1.07787004426e-07	0.297428890281	0.00069263146678	101.0	113.75	111.5	78.9290167866	94.9457500666	94.5799626965	101.5	114.5	112.5	79.0	95.0	95.0	DLR00012709	DLR00012709-2009-06-30_14-36-26
3	6	612	960	135	-1.03248658759e-06	0.000213117374394	1.37272410603e-05	0.000248854753551	0.00010288588488	-2.8897218938e-07	0.297428890281	0.00069263146678	99.75	112.75	112.75	79.8891020517	96.8675193179	96.3465494271	99.5	112.5	112.5	80.0	97.0	96.0	DLR00012709	DLR00012709-2009-06-30_14-36-26
4	6	738	955	135	4.1733791714e-05	0.000106558687197	6.54453924599e-06	0.000240851876682	1.00119817495e-05	-4.67944810915e-07	0.251327412287	0.000532793435985	99.5	114.5	114.0	80.5702030159	98.3254116268	97.4400809932	99.5	114.5	114.0	80.0	98.0	97.0	DLR00012709	DLR00012709-2009-06-30_14-36-26
5	6	882	960	135	5.63589041902e-06	0.0	0.0		0.0	-1.72028547669e-06	0.0	5.32793435985e-05				80.5152112526	98.9411796047	97.6855453141				80.0	99.0	98.0	DLR00012709	DLR00012709-2009-06-30_14-36-26
6	6	1020	951	135	1.14863438709e-05	0.000106558687197	7.44006754493e-06	0.000273809074021	3.51637593281e-06	-8.86375557153e-07	0.207708605196	0.000586072779583	101.5	117.5	114.5	80.3697980498	98.861672084	97.3651622529	101.5	117.5	114.5	80.0	99.0	97.0	DLR00012709	DLR00012709-2009-06-30_14-36-26
7	6	1158	960	135	5.78535722426e-06	0.000106558687197	6.55535272618e-06	0.000241249833956	3.53877306647e-06	1.61446945342e-07	0.31028075591	0.000479514092386	96.5	115.5	113.5	80.2266744818	98.7147119945	96.9695742527	96.5	115.5	113.5	80.0	99.0	97.0	DLR00012709	DLR00012709-2009-06-30_14-36-26
8	6	1294	963	135	1.46491349246e-05	5.32793435985e-05	2.98596167247e-06	0.000219778488747	0.0	1.86776869644e-06	0.785398163397	0.000213117374394	97.0	113.0	110.0	80.130541347	98.364183717	96.4240196078	97.0	113.0	110.0	80.0	98.0	97.0	DLR00012709	DLR00012709-2009-06-30_14-36-26
9	6	1424	956	135	3.59996451951e-05	0.0	0.0		0.0	6.28882811261e-07	0.0	0.0				80.1921785924	98.1647397304	96.0666524588				80.0	98.0	96.0	DLR00012709	DLR00012709-2009-06-30_14-36-26
10	6	1565	954	135	4.46562885475e-05	0.0	0.0		0.0	3.25474413476e-07	0.0	0.0				79.8176780862	97.4570834887	95.1184932602				80.0	97.0	95.0	DLR00012709	DLR00012709-2009-06-30_14-36-26
11	6	1711	958	135	1.07226411494e-05	5.32793435985e-05	2.88247255048e-06	0.000212161283529	0.0	-9.91767749376e-07	0.0	0.0	94.0	111.0	105.0	79.294384058	96.7043904518	94.3903452685	94.0	111.0	105.0	79.0	97.0	94.0	DLR00012709	DLR00012709-2009-06-30_14-36-26
12	6	1839	953	135	3.93509142263e-05	5.32793435985e-05	2.89151102084e-06	0.000212826550392	0.0	-1.68374664359e-06	3.14159265359	0.000106558687197	95.0	111.0	108.0	79.4439471441	96.9604113384	94.7201086957	95.0	111.0	108.0	79.0	97.0	95.0	DLR00012709	DLR00012709-2009-06-30_14-36-26
13	6	1975	967	135	9.68904440446e-06	0.000586072779583	4.04663564774e-05	0.000223984216532	0.000493128764669	-1.77768261887e-06	0.176313873416	0.00149182162076	101.272727273	114.181818182	110.454545455	79.1250666382	96.7516792835	94.7615417422	98.0	112.0	108.0	79.0	97.0	95.0	DLR00012709	DLR00012709-2009-06-30_14-36-26
14	6	2106	960	135	2.72605403001e-05	0.0	0.0		0.0	-1.08396292988e-06	0.0	0.000106558687197				78.8721828547	96.7486813362	94.6942298471				79.0	97.0	95.0	DLR00012709	DLR00012709-2009-06-30_14-36-26
15	6	2242	959	135	1.16946924369e-06	5.32793435985e-05	3.01608520763e-06	0.000221995699066	0.0	1.47501391062e-06	3.14159265359	0.000106558687197	96.0	110.0	110.0	78.599584399	96.3563512361	94.4661658142	96.0	110.0	110.0	78.0	96.0	95.0	DLR00012709	DLR00012709-2009-06-30_14-36-26
16	6	2380	960	135	7.32222980318e-06	0.000266396717992	1.51840968028e-05	0.000225142533611	7.57172498065e-06	-1.81495459458e-06	0.279252680319	0.000799190153977	94.8	110.8	108.2	77.985610744	96.1617458964	94.3514176082	95.0	111.0	108.0	78.0	96.0	94.0	DLR00012709	DLR00012709-2009-06-30_14-36-26
17	6	2526	960	135	2.5743488387e-05	0.0	0.0		0.0	-1.02286067057e-06	0.0	0.0				77.5045021045	95.8242847248	94.233683201				77.0	96.0	94.0	DLR00012709	DLR00012709-2009-06-30_14-36-26
18	6	2659	963	135	-9.34863257405e-06	0.0	0.0		0.0	1.84127744896e-07	0.0	0.0				76.8571048005	95.5054078534	94.2357610954				77.0	95.0	94.0	DLR00012709	DLR00012709-2009-06-30_14-36-26
19	6	2799	966	135	2.09258459944e-05	0.0	0.0		0.0	-7.29438560478e-08	0.0	0.0				76.3317171932	95.070701689	94.2159944589				76.0	95.0	94.0	DLR00012709	DLR00012709-2009-06-30_14-36-26
20	6	2934	959	135	3.79341966785e-05	0.0	0.0		0.0	-2.57862804773e-07	0.0	0.0				75.850977676	94.4960306889	93.7727103202				76.0	94.0	94.0	DLR00012709	DLR00012709-2009-06-30_14-36-26
21	6	3065	960	135	1.73917307519e-05	0.0	0.0		0.0	-4.20719189367e-07	0.0	0.0				74.9347860834	93.391070382	93.0705951303				75.0	93.0	93.0	DLR00012709	DLR00012709-2009-06-30_14-36-26
22	6	3205	954	135	4.03717459555e-05	0.000213117374394	1.79133351106e-05	0.000325668878816	9.22718661497e-05	2.16015365312e-07	0.196349540849	0.000852469497576	96.75	112.75	111.75	73.6531308287	91.5092992273	91.5138289369	96.5	112.5	111.5	73.0	91.0	91.0	DLR00012709	DLR00012709-2009-06-30_14-36-26
23	6	3342	960	135	3.80053318408e-05	0.000159838030795	1.22088126541e-05	0.00030622719002	2.29443958611e-05	-8.4365942034e-07	0.130446753782	0.000905748841174	91.6666666667	108.666666667	107.333333333	72.2769370137	89.5978898007	89.3842587659	91.0	109.0	108.0	72.0	90.0	89.0	DLR00012709	DLR00012709-2009-06-30_14-36-26
24	6	3472	958	135	-4.90093821194e-05	0.000213117374394	1.55078821263e-05	0.000281279782311	2.96050475139e-05	-3.74484865817e-07	0.297428890281	0.00069263146678	90.75	106.25	104.25	72.3231548095	88.6564348521	88.125019984	90.5	106.0	104.0	72.0	88.0	88.0	DLR00012709	DLR00012709-2009-06-30_14-36-26
1	7	342	1099	135	-0.000106784540205	0.0	0.0		0.0	-5.81936916395e-07	0.0	0.0				77.3874473866	92.8404283659	92.6847994033				77.0	93.0	93.0	DLR00012709	DLR00012709-2009-06-30_14-36-26
2	7	477	1099	135	3.28095599195e-05	0.0	0.0		0.0	2.88928285245e-07	0.0	0.0				78.6869838564	95.3122702328	94.8189035111				79.0	95.0	95.0	DLR00012709	DLR00012709-2009-06-30_14-36-26
3	7	619	1099	135	1.44334636279e-05	0.0	0.0		0.0	-3.07133201501e-07	0.0	0.0				79.6306143108	97.1473706644	96.4373701316				79.0	97.0	96.0	DLR00012709	DLR00012709-2009-06-30_14-36-26
4	7	746	1102	135	4.59786261719e-05	0.0	0.0		0.0	5.11729546877e-08	0.0	0.0				80.1865309819	98.2771591454	97.3703447174				80.0	98.0	97.0	DLR00012709	DLR00012709-2009-06-30_14-36-26
5	7	883	1090	135	3.01195536296e-05	0.0	0.0		0.0	-8.85352826228e-07	0.0	0.0				80.2419947786	98.8418669082	97.5786136715				80.0	99.0	98.0	DLR00012709	DLR00012709-2009-06-30_14-36-26
6	7	1012	1091	135	3.43536219361e-05	0.00069263146678	4.71717639033e-05	0.000275087238536	0.000104430995134	-2.74624347691e-07	0.181514242207	0.00159838030795	104.538461538	118.923076923	114.307692308	80.2630624867	98.8049690766	97.3188313073	105.0	120.0	115.0	80.0	99.0	97.0	DLR00012709	DLR00012709-2009-06-30_14-36-26
7	7	1153	1105	135	7.45986268531e-06	0.0	0.0		0.0	1.59678230003e-06	0.0	0.000159838030795				79.9016463317	98.4696041345	96.6808567318				80.0	98.0	97.0	DLR00012709	DLR00012709-2009-06-30_14-36-26
8	7	1294	1097	135	3.2371094328e-05	0.000213117374394	1.65649521926e-05	0.000296516070025	0.000431521718702	-1.72082978556e-06	0.196349540849	0.000852469497576	103.0	118.5	116.0	79.9214495071	98.1242739142	96.202664535	102.5	118.0	116.0	80.0	98.0	96.0	DLR00012709	DLR00012709-2009-06-30_14-36-26
9	7	1431	1094	135	3.21397834357e-05	0.000479514092386	3.63643920542e-05	0.00027094045744	0.0003338397637	-1.28928872979e-06	0.117687133745	0.00165165965155	102.555555556	118.222222222	112.777777778	79.8403518124	97.7329957356	95.617217484	101.0	117.0	111.0	80.0	98.0	96.0	DLR00012709	DLR00012709-2009-06-30_14-36-26
10	7	1565	1098	135	1.24362908693e-05	0.000159838030795	9.22049643887e-06	0.000213318755199	3.41036578319e-05	-4.59612424023e-07	0.223071667711	0.00069263146678	96.0	112.666666667	107.666666667	79.5846744112	97.0635191303	94.7355856336	95.0	112.0	108.0	80.0	97.0	95.0	DLR00012709	DLR00012709-2009-06-30_14-36-26
11	7	1708	1104	135	1.10426428977e-05	0.0	0.0		0.0	-1.40156821475e-06	0.0	0.0				79.6634343865	96.8465022111	94.4627310992				80.0	97.0	95.0	DLR00012709	DLR00012709-2009-06-30_14-36-26
12	7	1839	1099	135	1.42340553718e-05	0.000372955405189	3.4374070147e-05	0.000313176727474	0.000743541274859	-2.00909706464e-06	0.0760939397063	0.00181149768235	106.857142857	121.571428571	114.714285714	79.6535017589	96.7726255197	94.2645240379	102.0	119.0	113.0	80.0	97.0	94.0	DLR00012709	DLR00012709-2009-06-30_14-36-26
13	7	1976	1101	135	2.86054502714e-05	0.000426234748788	2.98014709068e-05	0.000251914914903	0.000252260568416	-1.8472008245e-08	0.0775701889775	0.00191805636955	98.75	114.875	111.0	79.1491924737	96.4788657321	94.1879963755	97.5	114.0	109.5	79.0	96.0	94.0	DLR00012709	DLR00012709-2009-06-30_14-36-26
14	7	2114	1099	135	3.26840875909e-05	0.000532793435985	3.84025840372e-05	0.000246072365114	0.00049739715922	5.37461177145e-07	0.149421767115	0.00154510096436	100.2	114.7	111.1	78.6241803934	96.1456900688	93.9270216963	97.5	112.5	108.5	79.0	96.0	94.0	DLR00012709	DLR00012709-2009-06-30_14-36-26
15	7	2252	1101	135	9.88191319565e-07	0.0	0.0		0.0	-1.57652067982e-06	0.0	0.0				78.2411423091	95.7688742075	93.8819329746				78.0	96.0	94.0	DLR00012709	DLR00012709-2009-06-30_14-36-26
16	7	2382	1093	135	3.37367309947e-05	0.000106558687197	6.145152775e-06	0.000226153671439	1.48471699088e-05	-3.36906664449e-07	0.392699081699	0.000426234748788	95.0	111.0	108.0	77.9461821282	95.6578568764	93.8242127138	95.0	111.0	108.0	78.0	96.0	94.0	DLR00012709	DLR00012709-2009-06-30_14-36-26
17	7	2526	1099	135	2.92151174707e-05	0.000106558687197	6.58953631115e-06	0.00024250785691	4.11823334847e-05	1.01097180322e-06	0.251327412287	0.000532793435985	95.0	110.0	109.5	77.3245057814	95.4018223477	93.8541056109	95.0	110.0	109.5	77.0	95.0	94.0	DLR00012709	DLR00012709-2009-06-30_14-36-26
18	7	2659	1096	135	3.05946218047e-05	0.000213117374394	1.63171895942e-05	0.000291045889009	0.000106535624827	-8.1334917493e-07	0.297428890281	0.00069263146678	99.25	114.25	113.75	76.4818012257	95.057873701	93.6852651212	98.0	114.0	113.0	76.0	95.0	94.0	DLR00012709	DLR00012709-2009-06-30_14-36-26
19	7	2793	1095	135	3.74354934255e-05	0.0	0.0		0.0	-1.61082114752e-07	0.0	0.0				75.8245511215	94.6811231286	93.6557088817				76.0	95.0	94.0	DLR00012709	DLR00012709-2009-06-30_14-36-26
20	7	2940	1099	135	9.70003399292e-06	0.0	0.0		0.0	-4.71605775879e-07	0.0	0.0				75.3551601044	94.1111407107	93.4014065747				75.0	94.0	93.0	DLR00012709	DLR00012709-2009-06-30_14-36-26
21	7	3067	1099	135	9.38121908885e-06	0.000426234748788	3.35714989116e-05	0.00030633510476	0.000281916654605	-3.42917135667e-07	0.174532925199	0.00127870424636	98.75	113.75	112.5	74.7180320878	93.2189648739	92.823463568	98.5	113.5	113.0	75.0	93.0	93.0	DLR00012709	DLR00012709-2009-06-30_14-36-26
22	7	3205	1092	135	2.31285184845e-05	0.0	0.0		0.0	-4.21011498686e-07	0.0	0.0				73.5281048537	91.5652405562	91.482710853				73.0	92.0	91.0	DLR00012709	DLR00012709-2009-06-30_14-36-26
23	7	3335	1092	135	-6.1411521363e-05	0.0	0.0		0.0	-1.00717880506e-06	0.0	0.0				72.1475305024	89.7690873248	89.4404070542				72.0	90.0	89.0	DLR00012709	DLR00012709-2009-06-30_14-36-26
24	7	3479	1099	135	-8.00185965122e-05	0.000319676061591	1.83571623332e-05	0.000225339565552	1.32966707155e-05	-5.89780505314e-07	8.37758040957	0.000159838030795	93.0	102.166666667	99.0	72.4676757448	88.8637744497	88.1593561797	93.0	102.5	99.0	72.0	89.0	88.0	DLR00012709	DLR00012709-2009-06-30_14-36-26
1	8	344	1240	135	-6.42068640223e-05	0.0	0.0		0.0	-1.42858797302e-06	0.0	0.000159838030795				77.6114870265	93.4991741702	93.1401246737				78.0	93.0	93.0	DLR00012709	DLR00012709-2009-06-30_14-36-26
2	8	479	1235	135	2.31092809504e-05	0.0	0.0		0.0	-6.03729346405e-08	0.0	0.0				78.7069103309	95.7742021418	95.0535457403				79.0	96.0	95.0	DLR00012709	DLR00012709-2009-06-30_14-36-26
3	8	614	1223	135	3.62982114648e-05	0.000319676061591	2.0743498879e-05	0.000238898917798	0.000140297433969	-7.96030446668e-07	0.170971028767	0.00111886621557	98.6666666667	114.333333333	113.0	79.369130736	97.2720780259	96.4111815808	97.5	113.5	111.5	79.0	97.0	96.0	DLR00012709	DLR00012709-2009-06-30_14-36-26
4	8	746	1236	135	5.77491375235e-05	0.0	0.0		0.0	2.38418806596e-07	0.0	0.0				79.8988225265	98.2663434386	97.1930843412				80.0	98.0	97.0	DLR00012709	DLR00012709-2009-06-30_14-36-26
5	8	890	1232	135	3.71702281763e-05	0.0	0.0		0.0	6.25038367646e-07	0.0	0.0				79.9838030795	98.6440939848	97.3071554158				80.0	99.0	97.0	DLR00012709	DLR00012709-2009-06-30_14-36-26
6	8	1020	1238	135	1.61347113457e-05	0.0	0.0		0.0	7.14352375555e-07	0.0	5.32793435985e-05				79.716394054	98.3625126538	96.9089988811				80.0	98.0	97.0	DLR00012709	DLR00012709-2009-06-30_14-36-26
7	8	1150	1232	135	4.04633247467e-05	0.000319676061591	2.64549702456e-05	0.000262625158689	0.00078653980386	-5.93452565424e-07	0.208859345391	0.00101230752837	104.166666667	120.333333333	117.5	79.7070297927	98.1818472526	96.3811757182	100.0	116.5	114.0	80.0	98.0	96.0	DLR00012709	DLR00012709-2009-06-30_14-36-26
8	8	1294	1225	135	3.64092117475e-05	0.0	0.0		0.0	-5.29336174867e-07	0.0	0.0				79.6016303479	97.7346688689	95.8136288561				79.0	98.0	96.0	DLR00012709	DLR00012709-2009-06-30_14-36-26
9	8	1426	1234	135	1.88362969006e-05	0.0	0.0		0.0	2.01585461916e-07	0.0	0.0				79.501784858	97.2336299217	95.079705898				79.0	97.0	95.0	DLR00012709	DLR00012709-2009-06-30_14-36-26
10	8	1567	1232	135	1.13106479891e-05	5.32793435985e-05	2.8794748035e-06	0.000211940637596	0.0	-1.81235999162e-06	3.14159265359	0.000106558687197	96.0	111.0	108.0	79.3893861893	96.7005008525	94.3964727195	96.0	111.0	108.0	79.0	97.0	95.0	DLR00012709	DLR00012709-2009-06-30_14-36-26
11	8	1703	1232	135	2.17519813211e-05	0.00186477702595	0.000173117298413	0.000356615530681	0.000716764062908	-2.58807491338e-06	0.0825338659228	0.00388939208269	112.457142857	124.628571429	114.485714286	79.5204974912	96.863243301	94.2877121811	112.0	124.0	114.0	80.0	97.0	94.0	DLR00012709	DLR00012709-2009-06-30_14-36-26
12	8	1845	1225	135	1.61252306219e-05	0.00149182162076	0.000111604572737	0.000290988166999	0.000271029909847	-1.96844676446e-06	0.0859029241216	0.0034098779903	107.142857143	119.428571429	110.642857143	79.7080198495	96.7549757217	94.010831866	106.0	119.0	112.0	80.0	97.0	94.0	DLR00012709	DLR00012709-2009-06-30_14-36-26
13	8	1971	1232	135	5.03551677912e-05	0.0	0.0		0.0	9.36094385166e-07	0.0	5.32793435985e-05				79.0830624967	96.3199424583	93.6828813469				79.0	96.0	94.0	DLR00012709	DLR00012709-2009-06-30_14-36-26
14	8	2115	1232	135	5.9395576621e-05	0.0	0.0		0.0	-1.28658103891e-06	0.0	0.0				78.5719004742	95.795780276	93.4117427673				79.0	96.0	93.0	DLR00012709	DLR00012709-2009-06-30_14-36-26
15	8	2250	1232	135	2.56537399856e-05	0.0	0.0		0.0	-2.736095455e-07	0.0	0.0				78.0860461399	95.3935745112	93.2537162342				78.0	95.0	93.0	DLR00012709	DLR00012709-2009-06-30_14-36-26
16	8	2385	1232	135	7.03157797407e-05	0.000532793435985	5.63462332937e-05	0.000356303519343	0.00152081566031	5.50492096049e-07	0.108705628152	0.00181149768235	107.8	123.9	117.8	77.6040300656	95.2749080441	93.2922330615	103.5	120.5	113.5	77.0	95.0	93.0	DLR00012709	DLR00012709-2009-06-30_14-36-26
17	8	2520	1232	135	4.52209008067e-05	0.0	0.0		0.0	-1.38460035874e-06	0.0	0.000159838030795				77.1151366615	94.9508231659	93.3350205125				77.0	95.0	93.0	DLR00012709	DLR00012709-2009-06-30_14-36-26
18	8	2659	1231	135	1.94321905554e-05	0.0	0.0		0.0	-2.75050319011e-08	0.0	0.0				76.3075283713	94.6173477543	93.2391176941				76.0	95.0	93.0	DLR00012709	DLR00012709-2009-06-30_14-36-26
19	8	2789	1236	135	8.98671718867e-07	0.0	0.0		0.0	8.65086201886e-07	0.0	0.0				75.5646544835	94.2953806809	93.146997709				75.0	94.0	93.0	DLR00012709	DLR00012709-2009-06-30_14-36-26
20	8	2934	1232	135	1.31024751888e-05	0.000213117374394	1.6405925212e-05	0.000293631522259	8.65278214886e-05	-8.86242153896e-07	0.25645654315	0.000745910810379	96.5	112.5	111.75	75.2092192912	93.939621636	93.0949107381	96.0	112.0	111.0	75.0	94.0	93.0	DLR00012709	DLR00012709-2009-06-30_14-36-26
21	8	3064	1232	135	3.55970748137e-05	0.000266396717992	1.95373821129e-05	0.000282545211125	0.000122671926093	-2.5553489119e-07	0.142475857306	0.00111886621557	94.8	111.8	110.6	74.6431997442	93.1933489661	92.5770091665	95.0	111.0	111.0	75.0	93.0	92.0	DLR00012709	DLR00012709-2009-06-30_14-36-26
22	8	3205	1223	135	1.89622269938e-05	0.0	0.0		0.0	-2.59011670147e-07	0.0	0.0				73.2951675635	91.4741328787	91.23863818				73.0	91.0	91.0	DLR00012709	DLR00012709-2009-06-30_14-36-26
23	8	3337	1232	135	4.76369123293e-05	0.0	0.0		0.0	-1.75289668753e-07	0.0	0.0				72.1218498588	89.7285950237	89.2528104854				72.0	90.0	89.0	DLR00012709	DLR00012709-2009-06-30_14-36-26
24	8	3476	1232	135	-0.00010077592854	0.000319676061591	1.80825292243e-05	0.000215232528648	1.45745531018e-05	-3.319519938e-07	0.93084226773	0.000479514092386	92.1666666667	102.666666667	100.666666667	72.1856312956	88.597878804	87.9072110004	92.5	103.5	100.0	72.0	88.0	88.0	DLR00012709	DLR00012709-2009-06-30_14-36-26
1	9	346	1372	135	-6.72348870091e-05	0.0	0.0		0.0	-1.03425193559e-07	0.0	0.0				77.7761734775	94.109009537	93.5187276893				78.0	94.0	94.0	DLR00012709	DLR00012709-2009-06-30_14-36-26
2	9	477	1372	135	5.0183776437e-05	0.0	0.0		0.0	1.7525254072e-07	0.0	0.000159838030795				78.6065320475	95.9751718259	95.0675582077				78.0	96.0	95.0	DLR00012709	DLR00012709-2009-06-30_14-36-26
3	9	609	1369	135	9.48149343219e-07	0.000159838030795	9.6696810086e-06	0.000238817348933	3.35972294767e-07	-1.84021294082e-07	0.223071667711	0.00069263146678	96.3333333333	113.333333333	111.333333333	79.0193967814	97.0794522008	96.1302355323	97.0	113.0	112.0	79.0	97.0	96.0	DLR00012709	DLR00012709-2009-06-30_14-36-26
4	9	747	1372	135	2.23064950281e-05	0.000266396717992	1.81669583011e-05	0.00024589673971	0.000260733352164	1.74801219688e-07	0.0861890988639	0.00143854227716	100.8	115.8	114.8	79.8914410573	98.2452035813	97.0606480495	98.0	114.0	113.0	80.0	98.0	97.0	DLR00012709	DLR00012709-2009-06-30_14-36-26
5	9	883	1372	135	2.73089419837e-05	0.000106558687197	7.07644514777e-06	0.000260427056821	0.00012779767479	8.77149423889e-07	0.207708605196	0.000586072779583	98.0	117.0	115.0	79.8212287526	98.5637022433	97.2117546758	98.0	117.0	115.0	80.0	99.0	97.0	DLR00012709	DLR00012709-2009-06-30_14-36-26
6	9	1020	1369	135	5.40379464787e-05	0.000639352123182	4.6694766594e-05	0.000265639523325	0.000263635062004	-1.34556127188e-06	0.138472403464	0.00175821833875	104.083333333	118.5	114.25	79.4989070747	98.239483926	96.7371647918	103.0	117.5	112.5	79.0	98.0	97.0	DLR00012709	DLR00012709-2009-06-30_14-36-26
7	9	1150	1372	135	2.63704557083e-05	5.32793435985e-05	2.93558742753e-06	0.000216070746774	0.0	-4.1088432491e-07	0.785398163397	0.000213117374394	94.0	113.0	111.0	79.2599637681	97.8122868713	96.1126918159	94.0	113.0	111.0	79.0	98.0	96.0	DLR00012709	DLR00012709-2009-06-30_14-36-26
8	9	1301	1372	135	1.87896445283e-05	0.0	0.0		0.0	1.73034406456e-06	0.0	0.0				79.3305450477	97.3545740316	95.5373754595				79.0	97.0	96.0	DLR00012709	DLR00012709-2009-06-30_14-36-26
9	9	1422	1368	135	3.12422029569e-05	0.0	0.0		0.0	-3.17743268703e-07	0.0	0.0				79.1646331717	96.7988704779	94.8145346049				79.0	97.0	95.0	DLR00012709	DLR00012709-2009-06-30_14-36-26
10	9	1565	1371	135	2.61266741984e-07	0.000213117374394	1.56648299099e-05	0.000295779533198	0.000109791884739	-8.09197341979e-07	0.25645654315	0.000745910810379	101.0	116.0	113.0	79.1768185452	96.6066080469	94.2224886757	101.5	116.5	113.5	79.0	97.0	94.0	DLR00012709	DLR00012709-2009-06-30_14-36-26
11	9	1704	1379	135	2.11419220585e-05	0.000479514092386	3.21098943979e-05	0.000248878185385	0.000109376390036	-1.25446891066e-06	0.0672797950799	0.00218445308754	98.4444444444	114.111111111	110.111111111	79.4056503198	96.5528784648	94.0178571429	97.0	113.0	110.0	80.0	97.0	94.0	DLR00012709	DLR00012709-2009-06-30_14-36-26
12	9	1839	1372	135	3.37142059594e-05	0.000266396717992	1.5838493962e-05	0.000224267736205	1.85635199661e-05	-2.7601054437e-07	0.279252680319	0.000799190153977	95.8	112.2	107.4	79.3563206139	96.4413771051	93.7708377745	96.0	112.0	108.0	79.0	96.0	94.0	DLR00012709	DLR00012709-2009-06-30_14-36-26
13	9	1974	1378	135	1.74784506146e-05	0.000479514092386	3.66870008984e-05	0.000275707601681	0.000317761298262	-2.37035209038e-07	0.0641141357875	0.00223773243114	100.0	116.222222222	112.666666667	78.9611407249	96.2063965885	93.4803837953	99.0	114.0	111.0	79.0	96.0	93.0	DLR00012709	DLR00012709-2009-06-30_14-36-26
14	9	2107	1374	135	3.69399619176e-05	0.000266396717992	2.7976482975e-05	0.000387794290049	0.000905598836144	-1.82059718641e-07	0.193925472444	0.000959028184773	109.0	123.4	120.6	78.2965785547	95.7109891281	93.1576422938	107.0	122.0	119.0	78.0	96.0	93.0	DLR00012709	DLR00012709-2009-06-30_14-36-26
15	9	2248	1372	135	3.26200820107e-05	0.000106558687197	6.62287097926e-06	0.000243734638058	3.4188244743e-05	-4.36526151603e-07	0.251327412287	0.000532793435985	95.5	110.5	107.5	77.4080034102	94.5688708904	92.407310705	95.5	110.5	107.5	78.0	95.0	93.0	DLR00012709	DLR00012709-2009-06-30_14-36-26
16	9	2385	1365	135	4.20462984153e-06	0.000319676061591	2.67018304185e-05	0.000334168175851	0.000230238366582	6.21724017632e-07	0.111535833855	0.00138526293356	101.166666667	115.833333333	111.333333333	76.9784149656	94.2915845014	92.407717316	101.5	116.5	112.0	77.0	94.0	93.0	DLR00012709	DLR00012709-2009-06-30_14-36-26
17	9	2533	1372	135	6.02321022688e-05	0.000426234748788	2.69218627516e-05	0.000242584341583	3.18566496061e-05	3.12156128432e-07	0.128228271575	0.00149182162076	94.5	111.375	105.5	76.6978839081	94.5232130483	92.906614786	94.5	111.0	105.5	76.0	94.0	93.0	DLR00012709	DLR00012709-2009-06-30_14-36-26
18	9	2659	1363	135	3.49817515898e-05	0.000532793435985	4.62406116802e-05	0.000320183416576	0.000531422740717	1.01638594704e-06	0.108705628152	0.00181149768235	99.4	116.2	113.9	75.9423210192	94.1654139346	92.8174209713	98.0	115.0	113.0	76.0	94.0	93.0	DLR00012709	DLR00012709-2009-06-30_14-36-26
19	9	2793	1372	135	2.97780259683e-05	0.0	0.0		0.0	-1.19723431303e-06	0.0	0.0				75.2814214929	93.8980766157	92.8283872343				75.0	94.0	93.0	DLR00012709	DLR00012709-2009-06-30_14-36-26
20	9	2934	1372	135	6.63068571728e-05	0.000213117374394	1.45406575996e-05	0.000263659806916	9.81732859053e-05	-5.66413085958e-08	0.297428890281	0.00069263146678	94.25	110.25	109.25	74.9237410072	93.5826805222	92.7455369038	94.0	110.0	109.0	75.0	94.0	93.0	DLR00012709	DLR00012709-2009-06-30_14-36-26
21	9	3060	1372	135	2.02574333087e-05	0.000319676061591	2.07965211306e-05	0.000254093345181	7.47652664995e-05	-4.89872045928e-07	0.155781453897	0.00117214555917	93.6666666667	110.5	107.5	74.3621489101	92.8690507915	92.2369557107	94.0	110.5	107.5	74.0	93.0	92.0	DLR00012709	DLR00012709-2009-06-30_14-36-26
22	9	3211	1362	135	1.09536698231e-05	0.000319676061591	2.67724329782e-05	0.000293356159137	0.000328241215316	-7.22620362155e-07	0.103426918637	0.00143854227716	97.0	111.666666667	111.333333333	73.1831263657	91.2015669136	90.7216862975	94.5	109.5	109.0	73.0	91.0	91.0	DLR00012709	DLR00012709-2009-06-30_14-36-26
23	9	3339	1372	135	2.28497923172e-05	0.000266396717992	1.64518462834e-05	0.000242964316548	2.29846717212e-05	-2.84121536878e-08	0.193925472444	0.000959028184773	88.8	104.8	104.2	72.1708590919	89.5916115967	88.9949371136	89.0	105.0	104.0	72.0	90.0	89.0	DLR00012709	DLR00012709-2009-06-30_14-36-26
24	9	3480	1372	135	-0.00010103704502	5.32793435985e-05	2.93240870475e-06	0.000215836780312	0.0	-1.94795041011e-07	12.5663706144	5.32793435985e-05	89.0	104.0	101.0	72.4005221654	88.5141197783	87.8509697357	89.0	104.0	101.0	72.0	88.0	88.0	DLR00012709	DLR00012709-2009-06-30_14-36-26
1	10	333	1499	135	-8.39152980011e-05	0.000372955405189	2.27391506756e-05	0.000239749168091	2.17485630142e-05	-1.25035533706e-06	0.448798950513	0.000745910810379	108.714285714	114.0	107.0	78.6663468713	94.5835731798	93.8202217248	110.0	114.0	107.0	78.0	94.0	94.0	DLR00012709	DLR00012709-2009-06-30_14-36-26
2	10	477	1506	135	1.31799759e-05	0.0	0.0		0.0	2.37698270406e-08	0.0	0.000106558687197				78.6967339762	96.0339922212	95.0188608876				79.0	96.0	95.0	DLR00012709	DLR00012709-2009-06-30_14-36-26
3	10	612	1514	135	4.09608392431e-05	0.000586072779583	5.4525416129e-05	0.000302319510341	0.00136851579945	-1.15517047801e-07	0.0957271999709	0.00202461505674	106.0	121.454545455	118.818181818	79.1263994029	97.054536731	96.0269751573	102.0	117.0	114.0	79.0	97.0	96.0	DLR00012709	DLR00012709-2009-06-30_14-36-26
4	10	746	1499	135	2.40737906973e-05	0.000319676061591	2.28509885125e-05	0.00026890832609	0.000126238178141	-1.99608895476e-08	0.1308996939	0.00127870424636	101.666666667	117.5	115.0	79.9147790865	98.1307893194	97.0122581677	101.0	116.5	114.0	80.0	98.0	97.0	DLR00012709	DLR00012709-2009-06-30_14-36-26
5	10	888	1501	135	3.17479075136e-05	0.0	0.0		0.0	1.02442679741e-06	0.0	0.000159838030795				79.9383025201	98.5175022644	97.1832276626				80.0	99.0	97.0	DLR00012709	DLR00012709-2009-06-30_14-36-26
6	10	1029	1507	135	3.39547206082e-05	0.0	0.0		0.0	-7.44831889912e-07	0.0	5.32793435985e-05				79.3955991262	98.1315466993	96.6500079919				79.0	98.0	97.0	DLR00012709	DLR00012709-2009-06-30_14-36-26
7	10	1161	1510	135	1.5787349053e-05	0.000106558687197	5.82435302602e-06	0.000214347611658	1.9856391297e-06	2.28071357836e-07	0.698131700798	0.000319676061591	93.5	112.5	109.5	78.9823626579	97.6128843182	95.9598763787	93.5	112.5	109.5	79.0	98.0	96.0	DLR00012709	DLR00012709-2009-06-30_14-36-26
8	10	1294	1506	135	3.70952138598e-05	0.000266396717992	1.50408354057e-05	0.000213859950328	9.49308104862e-06	-9.84501264349e-07	0.436332312999	0.000639352123182	95.4	111.6	109.0	78.8412385419	97.0079940311	95.2575676828	96.0	112.0	109.0	79.0	97.0	95.0	DLR00012709	DLR00012709-2009-06-30_14-36-26
9	10	1423	1500	135	3.86547247385e-05	0.000106558687197	5.93280482996e-06	0.000218338850693	3.72447060509e-06	-2.02090967766e-07	0.698131700798	0.000319676061591	95.5	111.5	108.5	78.656737891	96.5965258166	94.6255128683	95.5	111.5	108.5	78.0	97.0	95.0	DLR00012709	DLR00012709-2009-06-30_14-36-26
10	10	1571	1499	135	5.3657656135e-05	0.000426234748788	3.45831274115e-05	0.000307609300408	0.000292169607471	-5.84560528599e-07	0.128228271575	0.00149182162076	105.0	118.5	111.0	78.9486701135	96.4165556207	94.0817653643	104.0	118.0	110.5	79.0	96.0	94.0	DLR00012709	DLR00012709-2009-06-30_14-36-26
11	10	1710	1506	135	1.70355669457e-05	0.0	0.0		0.0	-3.99548870984e-07	0.0	0.000159838030795				79.1293089669	96.5328999947	93.9867334434				79.0	96.0	94.0	DLR00012709	DLR00012709-2009-06-30_14-36-26
12	10	1839	1506	135	2.91815487527e-05	5.32793435985e-05	3.5837065166e-06	0.000263774853373	0.0	1.02581499263e-06	0.125663706144	0.000532793435985	98.0	114.0	111.0	78.7941709292	96.2457907076	93.6862212276	98.0	114.0	111.0	79.0	96.0	94.0	DLR00012709	DLR00012709-2009-06-30_14-36-26
13	10	1972	1506	135	-2.91148660386e-06	0.000213117374394	1.42766730703e-05	0.000274124572548	4.04254903862e-05	2.87443978084e-07	0.223402144255	0.000799190153977	97.75	112.75	109.75	78.3359445777	95.9533173461	93.453610445	98.5	113.5	110.5	78.0	96.0	94.0	DLR00012709	DLR00012709-2009-06-30_14-36-26
14	10	2114	1507	135	5.54632697796e-05	0.000266396717992	1.85017527619e-05	0.000302320954188	0.000169058507383	4.58964964734e-07	0.157079632679	0.00106558687197	96.2	113.6	109.2	77.6011511405	95.3474738862	93.1075996589	97.0	116.0	111.0	77.0	95.0	93.0	DLR00012709	DLR00012709-2009-06-30_14-36-26
15	10	2252	1506	135	2.13449659254e-05	0.00127870424636	0.000144511560738	0.000457047618499	0.0018100102104	-1.17433756806e-06	0.0837758040957	0.00319676061591	114.125	125.75	114.416666667	77.00896239	94.3713523606	92.1976527074	116.0	127.0	114.5	77.0	94.0	92.0	DLR00012709	DLR00012709-2009-06-30_14-36-26
16	10	2387	1506	135	3.58271520485e-05	0.000319676061591	2.1331771348e-05	0.000252346105101	9.36726454331e-05	-1.07788842431e-06	0.142529723414	0.00122542490277	95.5	111.666666667	107.166666667	76.5537494004	93.8240686457	91.976229814	94.5	111.0	107.5	77.0	94.0	92.0	DLR00012709	DLR00012709-2009-06-30_14-36-26
17	10	2530	1496	135	3.18294878646e-05	0.000319676061591	2.039191915e-05	0.000244844296919	3.96317362709e-05	-7.66626989568e-08	0.188495559215	0.00106558687197	95.1666666667	111.333333333	104.833333333	76.3427490273	94.0010126312	92.5109524063	95.0	110.5	103.5	76.0	94.0	93.0	DLR00012709	DLR00012709-2009-06-30_14-36-26
18	10	2659	1506	135	2.00851054729e-05	0.000479514092386	3.47251311416e-05	0.000247259190219	0.000427100251462	-1.1916123369e-06	0.125663706144	0.00159838030795	98.7777777778	112.555555556	108.888888889	75.6924307036	93.779424307	92.4283049041	96.0	110.0	106.0	75.0	94.0	92.0	DLR00012709	DLR00012709-2009-06-30_14-36-26
19	10	2789	1506	135	2.7567754559e-05	0.000372955405189	3.84966914261e-05	0.000418648018044	0.000645584386652	2.53411835771e-07	0.15271630955	0.00127870424636	104.142857143	119.857142857	118.142857143	74.8732544505	93.2850975376	92.2637245496	103.0	122.0	118.0	75.0	93.0	92.0	DLR00012709	DLR00012709-2009-06-30_14-36-26
20	10	2934	1503	135	2.54245412149e-05	0.00069263146678	4.56296090073e-05	0.000251021148605	0.000126734763797	-9.48808274118e-07	0.141317316597	0.00181149768235	93.8461538462	109.769230769	107.076923077	74.4934420985	92.9191192152	92.0794412455	93.0	109.0	107.0	74.0	93.0	92.0	DLR00012709	DLR00012709-2009-06-30_14-36-26
21	10	3071	1506	135	3.70272166211e-05	0.0	0.0		0.0	-4.82769993647e-07	0.0	0.0				74.0972348021	92.3579306303	91.7137300868				74.0	92.0	92.0	DLR00012709	DLR00012709-2009-06-30_14-36-26
22	10	3204	1498	135	8.40592599313e-05	0.000213117374394	1.39027195878e-05	0.000256051832351	8.51719602717e-06	-3.49051611617e-07	1.0258261726	0.000372955405189	91.0	107.0	104.0	73.1990940581	91.0731681322	90.6654942712	91.0	107.0	104.0	73.0	91.0	91.0	DLR00012709	DLR00012709-2009-06-30_14-36-26
23	10	3342	1506	135	-3.26592372382e-05	0.000106558687197	8.58220112266e-06	0.000315841829159	3.72259743299e-07	-4.32962808752e-07	0.128228271575	0.000745910810379	96.5	107.5	106.0	72.0821655033	89.2903500826	88.6708051367	96.5	107.5	106.0	72.0	89.0	89.0	DLR00012709	DLR00012709-2009-06-30_14-36-26
24	10	3482	1506	135	-0.000110066739128	0.000479514092386	2.92422769256e-05	0.000224722381149	5.95022418723e-05	-8.55721238102e-07	0.313289018087	0.00101230752837	88.6666666667	104.111111111	100.444444444	72.5187100213	88.2253198294	87.6757995736	88.0	104.0	101.0	72.0	88.0	88.0	DLR00012709	DLR00012709-2009-06-30_14-36-26
1	11	340	1646	135	-6.68255291055e-05	0.000266396717992	1.81413590153e-05	0.000272022750247	5.36210319347e-05	5.28597646245e-08	0.320570678938	0.000745910810379	98.2	111.0	110.6	78.1455979535	94.0603815818	93.5067682797	98.0	111.0	111.0	78.0	94.0	93.0	DLR00012709	DLR00012709-2009-06-30_14-36-26
2	11	477	1645	135	6.32170028451e-05	0.000106558687197	6.0615277446e-06	0.00022307610635	1.50776771456e-05	5.81237085527e-07	0.251327412287	0.000532793435985	96.0	110.0	110.0	78.9130388448	95.9027548356	94.9423988917	96.0	110.0	110.0	79.0	96.0	95.0	DLR00012709	DLR00012709-2009-06-30_14-36-26
3	11	607	1648	135	4.47680227206e-05	5.32793435985e-05	3.14711748457e-06	0.000231640188502	0.0	5.82686674498e-07	0.25645654315	0.000372955405189	96.0	112.0	111.0	79.4775682012	96.9694693095	95.9758098892	96.0	112.0	111.0	79.0	97.0	96.0	DLR00012709	DLR00012709-2009-06-30_14-36-26
4	11	746	1646	135	2.49280988029e-05	0.000106558687197	8.30404532116e-06	0.000305605150261	0.000501890126304	-1.39285668438e-06	0.31028075591	0.000479514092386	102.0	118.0	116.0	79.7892044546	97.795012522	96.6983534928	102.0	118.0	116.0	80.0	98.0	97.0	DLR00012709	DLR00012709-2009-06-30_14-36-26
5	11	883	1646	135	8.51208954609e-05	0.000159838030795	1.08045803411e-05	0.000251733170704	0.000187842982329	2.46262882327e-07	0.311562907794	0.000586072779583	101.0	116.0	112.333333333	79.982734733	98.1079079186	96.9347223702	100.0	115.0	112.0	80.0	98.0	97.0	DLR00012709	DLR00012709-2009-06-30_14-36-26
6	11	1022	1644	135	-2.66578739607e-05	0.0	0.0		0.0	-6.87699157978e-07	0.0	0.0				79.1603708242	97.8411742767	96.4070009057				79.0	98.0	96.0	DLR00012709	DLR00012709-2009-06-30_14-36-26
7	11	1158	1642	135	4.47845834554e-05	0.000266396717992	1.61579168883e-05	0.000234176807577	3.18101249927e-05	-1.01424632098e-06	0.0801426697344	0.00149182162076	96.6	112.8	110.4	78.7622575144	97.3005222767	95.6995310168	95.0	114.0	111.0	79.0	97.0	96.0	DLR00012709	DLR00012709-2009-06-30_14-36-26
8	11	1294	1648	135	4.10025788638e-05	0.000372955405189	2.52312702876e-05	0.000249378386496	0.000175802786985	3.09164161807e-08	0.10459523698	0.00154510096436	97.8571428571	114.285714286	111.0	78.4672742778	96.5677966102	94.8635539921	96.0	113.0	110.0	78.0	97.0	95.0	DLR00012709	DLR00012709-2009-06-30_14-36-26
9	11	1434	1654	135	2.21510469727e-05	0.000213117374394	1.64062924015e-05	0.00030190475641	0.000413691163349	-2.964947478e-07	0.223402144255	0.000799190153977	100.0	116.5	112.0	78.219237943	96.129123368	94.1709032774	100.0	116.5	112.0	78.0	96.0	94.0	DLR00012709	DLR00012709-2009-06-30_14-36-26
10	11	1565	1646	135	2.95135183128e-05	0.000586072779583	6.22667996238e-05	0.000331013888489	0.00254612872717	-3.93226390145e-07	0.0822308606532	0.00218445308754	107.454545455	123.545454545	120.454545455	77.8286064612	95.6565731954	93.467427231	102.0	118.0	115.0	78.0	96.0	94.0	DLR00012709	DLR00012709-2009-06-30_14-36-26
11	11	1707	1639	135	2.7096863201e-05	0.000159838030795	1.23793553581e-05	0.000306773509245	0.000110165135093	-7.48855760693e-07	0.167551608191	0.000799190153977	100.666666667	115.0	114.0	78.0185974635	95.6558137056	93.6125972503	101.0	115.0	115.0	78.0	96.0	94.0	DLR00012709	DLR00012709-2009-06-30_14-36-26
12	11	1839	1637	135	-2.32940867588e-06	0.000106558687197	5.87213598147e-06	0.00021610611811	1.85127073272e-09	8.14835085116e-08	0.698131700798	0.000319676061591	94.0	111.0	105.0	77.8800554164	95.5395641285	93.4051793041	94.0	111.0	105.0	78.0	96.0	94.0	DLR00012709	DLR00012709-2009-06-30_14-36-26
13	11	1976	1638	135	1.80704778896e-05	5.32793435985e-05	3.0008737629e-06	0.000220876077082	0.0	3.61566583816e-07	0.502654824574	0.000266396717992	94.0	110.0	109.0	77.4806585678	95.3662617221	93.1440217391	94.0	110.0	109.0	77.0	95.0	93.0	DLR00012709	DLR00012709-2009-06-30_14-36-26
14	11	2114	1646	135	4.60841335448e-05	0.000745910810379	0.000102411806464	0.000442113691109	0.00447484948188	-1.15848947148e-06	0.0868786116548	0.00239757046193	118.0	130.571428571	124.785714286	76.9302585977	94.7041322314	92.5922154092	112.5	124.5	118.0	77.0	95.0	93.0	DLR00012709	DLR00012709-2009-06-30_14-36-26
15	11	2246	1646	135	3.89717510507e-05	0.0	0.0		0.0	-1.2051861543e-06	0.0	0.0				76.3002823805	93.728168789	91.7035004529				76.0	94.0	92.0	DLR00012709	DLR00012709-2009-06-30_14-36-26
16	11	2388	1643	135	3.59860791084e-05	0.000372955405189	3.08361959485e-05	0.000288070501456	0.000543290097707	-6.16139063907e-08	0.15271630955	0.00127870424636	99.8571428571	114.428571429	109.857142857	76.0059695128	93.3761326085	91.5442916533	99.0	112.0	109.0	76.0	93.0	92.0	DLR00012709	DLR00012709-2009-06-30_14-36-26
17	11	2526	1646	135	2.22295828119e-05	0.000106558687197	8.31644045296e-06	0.000306061315415	0.000395273226447	-3.52020866856e-07	0.207708605196	0.000586072779583	97.0	113.0	110.0	75.5503277029	93.3024990675	91.7970906378	97.0	113.0	110.0	75.0	93.0	92.0	DLR00012709	DLR00012709-2009-06-30_14-36-26
18	11	2659	1641	135	5.14360712012e-05	0.000266396717992	1.73245740291e-05	0.000246868835776	4.58953997494e-05	1.10399798243e-06	0.217411256304	0.000905748841174	92.6	110.6	106.4	75.2325197186	93.1659027926	91.9815071413	92.0	110.0	106.0	75.0	93.0	92.0	DLR00012709	DLR00012709-2009-06-30_14-36-26
19	11	2792	1646	135	5.05002591063e-05	0.0	0.0		0.0	-1.15816150113e-07	0.0	0.0				74.7081357558	92.8068091001	91.8353135489				75.0	93.0	92.0	DLR00012709	DLR00012709-2009-06-30_14-36-26
20	11	2934	1646	135	5.43302993297e-05	0.0	0.0		0.0	-3.18939847769e-07	0.0	0.000106558687197				74.3532420481	92.3732750813	91.4460013853				74.0	92.0	91.0	DLR00012709	DLR00012709-2009-06-30_14-36-26
21	11	3062	1646	135	3.14124126086e-05	0.0	0.0		0.0	-2.45447858639e-08	0.0	0.0				73.8271618094	91.5390271192	90.9110767755				74.0	92.0	91.0	DLR00012709	DLR00012709-2009-06-30_14-36-26
22	11	3205	1639	135	-2.26873895117e-06	0.0	0.0		0.0	-2.75363587037e-07	0.0	0.0				73.1566412702	90.5731258991	90.0193936811				73.0	91.0	90.0	DLR00012709	DLR00012709-2009-06-30_14-36-26
23	11	3340	1646	135	6.77463616304e-05	0.000106558687197	7.68908285694e-06	0.000282973325768	8.33939645804e-05	-6.50478892646e-08	0.207708605196	0.000586072779583	92.5	105.5	105.5	72.1064101881	88.7805189961	88.1814354985	92.5	105.5	105.5	72.0	89.0	88.0	DLR00012709	DLR00012709-2009-06-30_14-36-26
24	11	3473	1636	135	-0.000121609747968	0.000266396717992	1.87108918436e-05	0.000245180579397	0.000378577407111	-1.23745641484e-06	0.628318530718	0.000532793435985	90.2	104.6	101.8	71.6204434023	87.358292475	86.8971434662	88.0	103.0	100.0	72.0	87.0	87.0	DLR00012709	DLR00012709-2009-06-30_14-36-26
1	12	337	1779	135	-3.2103811689e-05	0.000266396717992	2.05168814041e-05	0.000317751838463	0.000152876040864	-5.61430960731e-07	0.193925472444	0.000959028184773	97.8	112.6	112.2	78.0989128118	93.7662012364	93.1097314006	98.0	114.0	113.0	78.0	94.0	93.0	DLR00012709	DLR00012709-2009-06-30_14-36-26
2	12	477	1772	135	3.28419065531e-05	0.000426234748788	2.88790707617e-05	0.000253299379614	9.07558826982e-05	-7.97131928821e-07	0.174532925199	0.00127870424636	99.5	112.25	107.5	78.3116571611	95.3234902191	94.3730078354	98.5	111.5	107.5	78.0	95.0	94.0	DLR00012709	DLR00012709-2009-06-30_14-36-26
3	12	612	1779	135	3.16073246092e-05	0.0	0.0		0.0	3.22911624827e-07	0.0	0.000106558687197				78.9686184666	96.3699184826	95.4450423571				79.0	96.0	95.0	DLR00012709	DLR00012709-2009-06-30_14-36-26
4	12	748	1779	135	5.47110206487e-05	0.0	0.0		0.0	2.08243053524e-07	0.0	5.32793435985e-05				79.4083328893	97.2459374501	96.2777984975				79.0	97.0	96.0	DLR00012709	DLR00012709-2009-06-30_14-36-26
5	12	883	1772	135	4.33186085895e-05	0.0	0.0		0.0	-7.22893943977e-08	0.0	0.0				79.2863231925	97.5529863072	96.3982630934				79.0	98.0	96.0	DLR00012709	DLR00012709-2009-06-30_14-36-26
6	12	1020	1777	135	2.25800990851e-05	0.000266396717992	1.81973240565e-05	0.000245088590786	0.000116139749988	9.14291563839e-07	0.371786112851	0.00069263146678	99.8	116.4	108.6	78.9102003837	97.4241099979	96.0427947133	99.0	115.0	107.0	79.0	97.0	96.0	DLR00012709	DLR00012709-2009-06-30_14-36-26
7	12	1154	1780	135	2.85226537393e-05	0.000479514092386	3.66979603368e-05	0.000279491271083	0.000297815784717	-8.7994977172e-07	0.125663706144	0.00159838030795	102.555555556	117.555555556	112.222222222	78.250533049	96.8886460554	95.3141791045	101.0	116.0	111.0	78.0	97.0	95.0	DLR00012709	DLR00012709-2009-06-30_14-36-26
8	12	1290	1779	135	2.96309971226e-05	0.0	0.0		0.0	7.95361360473e-07	0.0	0.0				78.0556769141	96.2249453887	94.4891576536				78.0	96.0	95.0	DLR00012709	DLR00012709-2009-06-30_14-36-26
9	12	1431	1779	135	1.46206624643e-05	0.000372955405189	3.39612545112e-05	0.000325247469659	0.000945006473944	-1.05497466601e-06	0.0807755686873	0.00175821833875	103.285714286	118.857142857	115.857142857	77.9122694809	95.7363287496	93.8841274917	101.0	117.0	114.0	78.0	96.0	94.0	DLR00012709	DLR00012709-2009-06-30_14-36-26
10	12	1565	1779	135	-1.68302537485e-05	0.000106558687197	9.82314698953e-06	0.000361511070287	6.04783282994e-05	8.86329727906e-07	0.14871444514	0.00069263146678	104.0	120.0	117.0	77.4821228753	95.3486438962	93.4083764054	104.0	120.0	117.0	77.0	95.0	94.0	DLR00012709	DLR00012709-2009-06-30_14-36-26
11	12	1702	1773	135	-1.47375317976e-05	0.000426234748788	3.07336359478e-05	0.00026649085015	0.000252304901806	-7.90900378539e-07	0.207708605196	0.00117214555917	98.875	114.375	109.375	77.3118703694	94.8298065135	92.9695112201	97.5	113.5	108.0	77.0	95.0	93.0	DLR00012709	DLR00012709-2009-06-30_14-36-26
12	12	1839	1773	135	5.50932376133e-05	0.000159838030795	1.22056216102e-05	0.000330630394425	0.000191244185554	-3.52347043731e-07	0.104429672696	0.00101230752837	97.3333333333	115.333333333	110.333333333	77.1366300757	94.6667377171	92.7104337632	99.0	117.0	112.0	77.0	95.0	93.0	DLR00012709	DLR00012709-2009-06-30_14-36-26
13	12	1972	1783	135	3.20897512634e-05	0.0	0.0		0.0	7.75501094754e-08	0.0	0.0				76.664286856	94.3140284512	92.4404070542				77.0	94.0	93.0	DLR00012709	DLR00012709-2009-06-30_14-36-26
14	12	2114	1779	135	3.83910920647e-05	0.000372955405189	2.51392853417e-05	0.000230859731995	0.000300131249639	-1.92319370851e-07	0.199466200228	0.00111886621557	95.4285714286	110.285714286	108.142857143	76.3068969193	93.630476495	91.915893828	94.0	109.0	107.0	76.0	94.0	92.0	DLR00012709	DLR00012709-2009-06-30_14-36-26
15	12	2252	1779	135	7.03642898424e-06	0.00117214555917	0.000101046000866	0.000286074846258	0.000904071936862	-4.81698536172e-07	0.0948080087503	0.00287708455432	103.045454545	115.272727273	111.136363636	75.656425028	93.0126953646	91.2344908519	99.5	112.0	108.0	76.0	93.0	91.0	DLR00012709	DLR00012709-2009-06-30_14-36-26
16	12	2385	1779	135	-1.20648318109e-06	0.000532793435985	4.93636822652e-05	0.00031720271598	0.00102523817477	-1.25066480626e-06	0.0679630644368	0.00229101177473	100.3	116.1	113.8	75.3907457754	92.7150700997	91.0783623861	97.5	113.0	111.5	75.0	93.0	91.0	DLR00012709	DLR00012709-2009-06-30_14-36-26
17	12	2532	1778	135	3.6334551692e-05	0.000106558687197	7.51983986797e-06	0.000276744851925	5.572107312e-05	-1.4494168425e-06	0.251327412287	0.000532793435985	94.5	110.0	107.0	75.0823253583	92.6970213673	91.269195929	94.5	110.0	107.0	75.0	93.0	91.0	DLR00012709	DLR00012709-2009-06-30_14-36-26
18	12	2659	1779	135	8.42247908353e-06	0.000106558687197	5.9994011879e-06	0.000220789727246	8.80097221954e-10	-8.20000685642e-07	6.28318530718	0.000106558687197	89.0	108.0	106.0	74.7411413652	92.6412319497	91.5236319071	89.0	108.0	106.0	74.0	93.0	91.0	DLR00012709	DLR00012709-2009-06-30_14-36-26
19	12	2790	1779	135	1.78809140716e-05	0.0	0.0		0.0	2.83782956054e-07	0.0	0.0				74.3292663434	92.4545260802	91.3816399382				74.0	92.0	91.0	DLR00012709	DLR00012709-2009-06-30_14-36-26
20	12	2934	1783	135	1.95318795259e-05	0.0	0.0		0.0	-2.74555999305e-07	0.0	0.0				73.9239703767	91.5886301881	90.6476104214				74.0	92.0	91.0	DLR00012709	DLR00012709-2009-06-30_14-36-26
21	12	3067	1779	135	3.28703008628e-05	0.000426234748788	3.04970064571e-05	0.000265754710025	0.000248452091703	-2.09081033197e-07	0.119537413692	0.00154510096436	92.125	108.375	107.5	73.2535046106	90.5315281701	89.9542668301	91.5	107.0	107.0	73.0	91.0	90.0	DLR00012709	DLR00012709-2009-06-30_14-36-26
22	12	3205	1771	135	1.92393178012e-05	0.000426234748788	3.14342550229e-05	0.000267146716787	0.000324320074139	-4.12146814255e-07	0.207708605196	0.00117214555917	93.25	107.75	107.25	72.8137092905	89.8088588028	89.2204573317	91.5	106.5	106.0	73.0	90.0	89.0	DLR00012709	DLR00012709-2009-06-30_14-36-26
23	12	3340	1779	135	1.82087589189e-05	0.0	0.0		0.0	3.06662019136e-07	0.0	0.0				71.7138899249	87.9428845437	87.5108423464				72.0	88.0	87.0	DLR00012709	DLR00012709-2009-06-30_14-36-26
24	12	3473	1771	135	-8.15635834701e-05	0.0	0.0		0.0	-3.12070814375e-07	0.0	0.0				71.1935105759	86.7248654697	86.4245298098				71.0	87.0	86.0	DLR00012709	DLR00012709-2009-06-30_14-36-26
1	13	343	1926	135	-6.81048998025e-05	0.0	0.0		0.0	-1.06058390184e-06	0.0	0.0				77.9348926421	93.1992114657	92.6304011935				78.0	93.0	93.0	DLR00012709	DLR00012709-2009-06-30_14-36-26
2	13	477	1915	135	4.34230370768e-05	0.000532793435985	3.68000254971e-05	0.000253170674737	0.000227652105081	-1.11829555084e-07	0.172378197728	0.00143854227716	100.5	111.5	108.2	78.2720827336	94.4254491178	93.7786129325	99.5	110.5	108.5	78.0	94.0	94.0	DLR00012709	DLR00012709-2009-06-30_14-36-26
3	13	612	1918	135	-3.47135998277e-05	0.000532793435985	3.99851946287e-05	0.00027952885517	0.000549859434212	-1.1448726018e-07	0.0747553278665	0.00218445308754	100.4	115.7	112.5	78.6302574764	95.5989658297	94.7169358708	99.5	114.5	112.5	79.0	96.0	95.0	DLR00012709	DLR00012709-2009-06-30_14-36-26
4	13	746	1921	135	2.69278818635e-05	0.000426234748788	3.41752808906e-05	0.000287062434082	0.000500209391245	-7.47679871253e-07	0.111701072128	0.00159838030795	104.0	117.25	113.625	79.2472149672	96.5591386387	95.5987953734	103.0	115.5	112.0	79.0	97.0	96.0	DLR00012709	DLR00012709-2009-06-30_14-36-26
5	13	883	1918	135	3.68312913751e-05	0.000159838030795	1.04685587192e-05	0.000234409858433	0.000134867550708	8.84601999394e-07	0.376991118431	0.000532793435985	98.0	115.0	112.333333333	79.2933496749	97.0684749014	95.8261217095	96.0	114.0	112.0	79.0	97.0	96.0	DLR00012709	DLR00012709-2009-06-30_14-36-26
6	13	1017	1918	135	3.10369323059e-05	0.000159838030795	9.45100582265e-06	0.000236252679927	2.21603925432e-05	-8.84521004067e-07	0.311562907794	0.000586072779583	98.0	114.333333333	109.333333333	78.9292870084	97.0151337525	95.659490568	98.0	115.0	109.0	79.0	97.0	96.0	DLR00012709	DLR00012709-2009-06-30_14-36-26
7	13	1149	1914	135	4.24626839175e-05	0.000372955405189	2.03017674125e-05	0.000208500563362	2.40125908043e-06	-5.19399610447e-07	0.0	0.0	111.0	111.142857143	96.8571428571	78.4504317237	96.7822193796	95.2115979107	111.0	111.0	97.0	78.0	97.0	95.0	DLR00012709	DLR00012709-2009-06-30_14-36-26
8	13	1294	1918	135	6.61290348562e-05	0.000213117374394	1.21636502811e-05	0.000219936426747	1.54463915939e-05	-9.84484875529e-07	0.223402144255	0.000799190153977	94.75	111.5	108.25	77.9754862776	95.930722089	94.2729016787	95.0	111.5	108.0	78.0	96.0	94.0	DLR00012709	DLR00012709-2009-06-30_14-36-26
9	13	1435	1919	135	4.20813350089e-05	0.000319676061591	1.98701820666e-05	0.000240382304649	4.21068390547e-05	-1.58661699746e-07	0.188495559215	0.00106558687197	97.1666666667	112.5	105.166666667	77.8812023664	95.3929542184	93.617172094	97.0	112.5	104.0	78.0	95.0	94.0	DLR00012709	DLR00012709-2009-06-30_14-36-26
10	13	1562	1913	135	1.37116446549e-05	0.000213117374394	1.35798725791e-05	0.000253222170431	9.67441986357e-06	-1.01571073437e-06	0.297428890281	0.00069263146678	96.25	111.25	108.25	77.4054356515	94.9108979483	93.1432454037	96.5	111.5	108.5	77.0	95.0	93.0	DLR00012709	DLR00012709-2009-06-30_14-36-26
11	13	1706	1918	135	1.97125083237e-06	0.000266396717992	1.91697307458e-05	0.000263964391292	9.54197580902e-05	-3.17264769012e-07	0.193925472444	0.000959028184773	98.8	112.8	108.6	77.1968130463	94.2439778299	92.4822532509	99.0	112.0	107.0	77.0	94.0	93.0	DLR00012709	DLR00012709-2009-06-30_14-36-26
12	13	1839	1918	135	5.79871015275e-05	0.000905748841174	9.18823052496e-05	0.000344008965446	0.00175597286254	7.90701397965e-07	0.115537209543	0.00229101177473	107.235294118	121.058823529	112.882352941	76.7874360068	93.9194219283	92.0578071672	104.0	118.0	110.0	77.0	94.0	92.0	DLR00012709	DLR00012709-2009-06-30_14-36-26
13	13	1976	1918	135	-2.49467030436e-05	0.000213117374394	1.61731072417e-05	0.000309130664548	8.01917706696e-05	-1.0121905912e-06	0.25645654315	0.000745910810379	97.75	112.75	109.75	76.3286970424	93.5348787637	91.7725552891	98.5	113.5	110.5	76.0	94.0	92.0	DLR00012709	DLR00012709-2009-06-30_14-36-26
14	13	2114	1913	135	5.76704811432e-05	0.000426234748788	3.53599418412e-05	0.000312175494349	0.000351865297733	-1.61147211155e-07	0.119537413692	0.00154510096436	98.0	115.125	109.875	75.9201002079	92.9139171686	91.1223282341	97.0	114.5	109.0	76.0	93.0	91.0	DLR00012709	DLR00012709-2009-06-30_14-36-26
15	13	2252	1911	135	2.82823946315e-05	0.000479514092386	3.72728277391e-05	0.00026310979645	0.00048130532206	-1.97599228922e-07	0.180955736847	0.00133198358996	98.3333333333	112.444444444	107.888888889	75.2837953092	92.1778251599	90.4881130064	97.0	111.0	105.0	75.0	92.0	91.0	DLR00012709	DLR00012709-2009-06-30_14-36-26
16	13	2385	1909	135	1.88246718531e-05	0.00101230752837	7.18524927339e-05	0.000267042021824	0.000198368189735	2.18130273889e-07	0.165346981768	0.00202461505674	101.578947368	111.210526316	103.789473684	74.8708266667	91.94944	90.33088	101.0	110.0	103.0	75.0	92.0	90.0	DLR00012709	DLR00012709-2009-06-30_14-36-26
17	13	2526	1918	135	-2.69265686438e-06	0.000532793435985	3.92687751328e-05	0.000276991551115	0.000114619755685	-1.35638430131e-07	0.115393669553	0.00175821833875	94.7	111.3	107.1	74.6072285303	92.0980862519	90.7707766939	94.0	111.0	106.0	74.0	92.0	91.0	DLR00012709	DLR00012709-2009-06-30_14-36-26
18	13	2650	1918	135	5.06668656595e-05	0.000213117374394	1.62043551285e-05	0.000306018574219	0.000206456957389	1.04698833894e-06	0.297428890281	0.00069263146678	93.5	111.75	109.0	74.2532907008	92.1756994404	90.9982946976	93.5	112.5	109.5	74.0	92.0	91.0	DLR00012709	DLR00012709-2009-06-30_14-36-26
19	13	2797	1918	135	2.48344858183e-05	0.0	0.0		0.0	1.68671544073e-07	0.0	0.0				74.1913794022	91.9567904523	90.8462890937				74.0	92.0	91.0	DLR00012709	DLR00012709-2009-06-30_14-36-26
20	13	2934	1909	135	4.20025586972e-05	0.0	0.0		0.0	-8.87184681557e-07	0.0	0.0				73.6840534925	91.0151313336	90.0192871224				74.0	91.0	90.0	DLR00012709	DLR00012709-2009-06-30_14-36-26
21	13	3066	1918	135	3.16939092663e-05	0.0	0.0		0.0	-2.86535540846e-07	0.0	0.0				73.1083169055	90.1003782833	89.2487079759				73.0	90.0	89.0	DLR00012709	DLR00012709-2009-06-30_14-36-26
22	13	3205	1914	135	3.03406418757e-05	0.0	0.0		0.0	-3.41171604414e-07	0.0	0.0				72.5220310086	88.8393094997	88.2844584155				73.0	89.0	88.0	DLR00012709	DLR00012709-2009-06-30_14-36-26
23	13	3342	1916	135	1.40248146464e-05	0.0	0.0		0.0	1.15578779539e-07	0.0	0.0				71.2674623049	86.8366455325	86.5559699505				71.0	87.0	87.0	DLR00012709	DLR00012709-2009-06-30_14-36-26
24	13	3477	1924	135	-5.82105521458e-05	0.0	0.0		0.0	-1.9459377312e-07	0.0	0.0				71.1251531781	85.9848686664	85.7265171293				71.0	86.0	86.0	DLR00012709	DLR00012709-2009-06-30_14-36-26
1	14	345	2053	135	-1.41585684506e-05	0.0	0.0		0.0	1.50337000726e-07	0.0	0.0				77.6496883158	92.5906548031	92.1872768927				77.0	93.0	92.0	DLR00012709	DLR00012709-2009-06-30_14-36-26
2	14	477	2053	135	3.11044351073e-05	0.000586072779583	4.68123653478e-05	0.00028252477391	0.000787751794467	-6.36271039995e-07	0.143839830133	0.00165165965155	100.272727273	114.727272727	113.363636364	77.6684614564	93.6711269858	93.2371788037	99.0	113.0	111.0	78.0	94.0	93.0	DLR00012709	DLR00012709-2009-06-30_14-36-26
3	14	608	2053	135	3.22349166329e-05	0.000266396717992	2.43382312328e-05	0.000288143582947	0.00125418617842	-4.92930396191e-07	0.51927151299	0.000586072779583	103.8	118.2	117.0	78.7241526327	95.1816243871	94.6416542315	99.0	114.0	113.0	79.0	95.0	95.0	DLR00012709	DLR00012709-2009-06-30_14-36-26
4	14	746	2048	135	5.56801250594e-05	0.000372955405189	3.07475600875e-05	0.000300240409952	0.000530679956594	-4.9734284122e-07	0.219911485751	0.00106558687197	105.142857143	117.571428571	114.285714286	79.3727747575	96.2948512952	95.5541520094	104.0	116.0	112.0	79.0	96.0	96.0	DLR00012709	DLR00012709-2009-06-30_14-36-26
5	14	882	2053	135	3.83161363011e-05	0.0	0.0		0.0	-8.79184136151e-07	0.0	0.0				79.2722574458	96.7810218978	95.8559859343				79.0	97.0	96.0	DLR00012709	DLR00012709-2009-06-30_14-36-26
6	14	1020	2053	135	2.208730903e-05	5.32793435985e-05	4.26533283739e-06	0.000313945223627	0.0	-1.46431018847e-06	0.196349540849	0.000426234748788	100.0	119.0	117.0	78.7795716113	96.7229859335	95.5216325661	100.0	119.0	117.0	79.0	97.0	96.0	DLR00012709	DLR00012709-2009-06-30_14-36-26
7	14	1150	2057	135	-2.89516083616e-05	0.0	0.0		0.0	-9.88842658911e-08	0.0	0.0				78.312909585	96.4871330385	95.1597847515				78.0	96.0	95.0	DLR00012709	DLR00012709-2009-06-30_14-36-26
8	14	1294	2046	135	2.86337792835e-05	5.32793435985e-05	2.87282769525e-06	0.000211451384362	0.0	8.59382313974e-08	12.5663706144	5.32793435985e-05	94.0	108.0	108.0	77.6559036658	95.7995524297	94.319213555	94.0	108.0	108.0	77.0	96.0	94.0	DLR00012709	DLR00012709-2009-06-30_14-36-26
9	14	1430	2053	135	2.16333055898e-05	0.0	0.0		0.0	-3.56875979115e-08	0.0	0.0				77.102189781	94.7547551814	93.1301081571				77.0	95.0	93.0	DLR00012709	DLR00012709-2009-06-30_14-36-26
10	14	1566	2053	135	4.3066735119e-05	0.000479514092386	3.56614077329e-05	0.000255998927508	0.000345308460614	-5.45439994162e-07	0.0923243555341	0.00186477702595	96.0	113.111111111	109.555555556	76.5837953092	94.1085287846	92.4054371002	94.0	112.0	108.0	76.0	94.0	92.0	DLR00012709	DLR00012709-2009-06-30_14-36-26
11	14	1701	2053	135	3.10005040374e-05	0.000479514092386	3.72210795617e-05	0.000306347617434	0.000297987063649	-6.08554383784e-07	0.0783222545216	0.00202461505674	97.7777777778	113.111111111	110.444444444	76.1686034115	93.6131663113	91.992803838	98.0	114.0	111.0	76.0	94.0	92.0	DLR00012709	DLR00012709-2009-06-30_14-36-26
12	14	1839	2048	135	5.24782126042e-05	0.0	0.0		0.0	-2.30769057515e-07	0.0	0.0				76.000159838	93.2636794715	91.6098886462				76.0	93.0	92.0	DLR00012709	DLR00012709-2009-06-30_14-36-26
13	14	1974	2053	135	2.30577633319e-05	0.0	0.0		0.0	-9.90919914673e-08	0.0	0.0				75.3548404284	92.7194309766	91.0684639565				75.0	93.0	91.0	DLR00012709	DLR00012709-2009-06-30_14-36-26
14	14	2107	2045	135	3.78465077771e-05	5.32793435985e-05	2.86401178683e-06	0.000210802498929	0.0	-7.95413883735e-07	1.3962634016	0.000159838030795	90.0	105.0	102.0	74.7552216539	92.0571184996	90.453271526	90.0	105.0	102.0	75.0	92.0	91.0	DLR00012709	DLR00012709-2009-06-30_14-36-26
15	14	2252	2061	135	-3.51027817675e-05	0.00282380521072	0.000195060891866	0.000250270220289	0.000241078762932	-1.00378492535e-06	0.0707851676651	0.00516809632905	106.396226415	118.773584906	107.0	74.5401795255	91.5263410985	89.8791408421	106.0	118.0	106.0	74.0	91.0	90.0	DLR00012709	DLR00012709-2009-06-30_14-36-26
16	14	2385	2048	135	3.96607352885e-05	0.0	0.0		0.0	6.90352843379e-07	0.0	0.0				74.0332463104	91.2375725931	89.8101656988				74.0	91.0	90.0	DLR00012709	DLR00012709-2009-06-30_14-36-26
17	14	2534	2053	135	4.68396109568e-05	0.000213117374394	1.32401448408e-05	0.000243648265513	1.60450249273e-05	3.5490039912e-07	0.785398163397	0.000426234748788	93.5	106.25	104.0	73.6700239808	91.3987210232	90.257873701	93.0	106.0	104.0	73.0	91.0	90.0	DLR00012709	DLR00012709-2009-06-30_14-36-26
18	14	2659	2053	135	3.40960547159e-05	0.0	0.0		0.0	1.86408233603e-08	0.0	0.0				73.7816079706	91.4805263999	90.3957056849				74.0	91.0	90.0	DLR00012709	DLR00012709-2009-06-30_14-36-26
19	14	2793	2053	135	2.64356492591e-05	0.000106558687197	6.41531194796e-06	0.000236096058728	2.14719165978e-05	-4.71066334766e-07	0.251327412287	0.000532793435985	93.0	107.0	103.5	73.7835562423	91.3263174722	90.2880055416	93.0	107.0	103.5	74.0	91.0	90.0	DLR00012709	DLR00012709-2009-06-30_14-36-26
20	14	2934	2051	135	-3.59519253535e-06	0.00069263146678	4.25969378635e-05	0.00023877746782	2.95411666319e-05	-8.53768519803e-07	1.35010593377	0.000586072779583	93.0769230769	107.153846154	100.538461538	73.4049904031	90.3859564939	89.4271699723	93.0	107.0	100.0	73.0	90.0	89.0	DLR00012709	DLR00012709-2009-06-30_14-36-26
21	14	3072	2053	135	1.29488798793e-05	0.000426234748788	2.74096997882e-05	0.000253060970527	4.3987291762e-05	2.17742954741e-07	0.698131700798	0.000639352123182	92.125	108.25	103.25	73.0751026065	89.7031608123	89.1022866585	92.5	108.0	103.0	73.0	90.0	89.0	DLR00012709	DLR00012709-2009-06-30_14-36-26
22	14	3205	2053	135	4.95954909225e-06	0.0	0.0		0.0	-1.35146476286e-07	0.0	0.000159838030795				71.9576962012	88.053652299	87.79221056				72.0	88.0	88.0	DLR00012709	DLR00012709-2009-06-30_14-36-26
23	14	3336	2053	135	8.80464467567e-06	0.000319676061591	2.14711367929e-05	0.000253138004398	0.000161792347404	-1.87602224624e-07	0.446143335421	0.00069263146678	88.3333333333	102.833333333	99.0	70.712945691	86.0096999414	85.959174972	87.5	102.5	98.5	71.0	86.0	86.0	DLR00012709	DLR00012709-2009-06-30_14-36-26
24	14	3480	2053	135	-4.47401813355e-05	0.0	0.0		0.0	-1.13255318038e-06	0.0	0.0				71.1724652352	85.544887847	85.2447653045				71.0	85.0	85.0	DLR00012709	DLR00012709-2009-06-30_14-36-26
1	15	337	2195	135	-8.60685084027e-05	0.0	0.0		0.0	-2.49431757344e-07	0.0	0.0				77.2013959188	91.5825563429	91.4802600032				77.0	92.0	91.0	DLR00012709	DLR00012709-2009-06-30_14-36-26
2	15	477	2192	135	-7.86368214656e-06	0.0	0.0		0.0	-3.20230071493e-07	0.0	0.0				77.2407160744	92.928818797	93.1133784432				77.0	93.0	93.0	DLR00012709	DLR00012709-2009-06-30_14-36-26
3	15	612	2190	135	-5.30304595609e-05	0.00069263146678	5.68679852884e-05	0.000323432648396	0.000309965956796	-7.53186504795e-07	0.126051557088	0.00191805636955	101.846153846	116.692307692	112.461538462	78.5905843463	94.9364470036	95.1015674984	102.0	115.0	113.0	79.0	95.0	95.0	DLR00012709	DLR00012709-2009-06-30_14-36-26
4	15	743	2191	135	1.13684821396e-05	0.0	0.0		0.0	-5.96911400602e-07	0.0	0.000106558687197				79.3335819703	96.475731259	96.389205605				79.0	96.0	96.0	DLR00012709	DLR00012709-2009-06-30_14-36-26
5	15	883	2197	135	2.65318081104e-06	0.000213117374394	1.47566180705e-05	0.000238034544498	0.000416272737692	-7.88505918261e-07	0.349065850399	0.000639352123182	96.25	115.25	113.25	78.8803623768	96.4619237943	96.1667998934	94.0	113.0	111.0	79.0	96.0	96.0	DLR00012709	DLR00012709-2009-06-30_14-36-26
6	15	1020	2192	135	1.42279798164e-05	0.0	0.0		0.0	-6.40951687113e-08	0.0	0.0				78.6200650008	96.1351164154	95.567691406				78.0	96.0	96.0	DLR00012709	DLR00012709-2009-06-30_14-36-26
7	15	1158	2190	135	3.04316132208e-05	0.000372955405189	3.00966840095e-05	0.00032126249113	0.000645459002838	3.46579754134e-07	0.199466200228	0.00111886621557	101.285714286	118.857142857	116.0	78.4513378105	96.3352521053	95.4587997015	101.0	120.0	116.0	78.0	96.0	95.0	DLR00012709	DLR00012709-2009-06-30_14-36-26
8	15	1290	2190	135	1.52974935132e-05	5.32793435985e-05	3.3051077636e-06	0.000243268892608	0.0	-4.66444870353e-07	0.785398163397	0.000213117374394	96.0	111.0	108.0	77.3625319693	95.5926044331	94.6629901961	96.0	111.0	108.0	77.0	96.0	95.0	DLR00012709	DLR00012709-2009-06-30_14-36-26
9	15	1434	2190	135	8.66776023178e-06	5.32793435985e-05	3.4363385178e-06	0.000252927990747	0.0	-7.05509759319e-07	0.502654824574	0.000266396717992	93.0	112.0	110.0	76.1907502131	93.8733482523	92.9918478261	93.0	112.0	110.0	76.0	94.0	93.0	DLR00012709	DLR00012709-2009-06-30_14-36-26
10	15	1565	2190	135	1.64872367785e-05	0.0	0.0		0.0	2.35250383059e-07	0.0	0.0				75.3567584847	92.7910384144	91.6741435346				75.0	93.0	92.0	DLR00012709	DLR00012709-2009-06-30_14-36-26
11	15	1698	2190	135	-1.1354329991e-05	0.0	0.0		0.0	-3.02554904818e-08	0.0	0.0				74.8433587298	92.309819383	91.1205711546				75.0	92.0	91.0	DLR00012709	DLR00012709-2009-06-30_14-36-26
12	15	1839	2190	135	-3.47851855076e-06	0.0	0.0		0.0	-7.20924629495e-08	0.0	0.0				74.7488411743	92.503649635	91.2732697533				75.0	93.0	91.0	DLR00012709	DLR00012709-2009-06-30_14-36-26
13	15	1969	2190	135	2.47897178329e-05	0.000266396717992	2.14486707826e-05	0.000275214413682	0.000679983896306	-1.31092149169e-06	0.371786112851	0.00069263146678	97.4	112.6	110.0	74.4783095289	92.1019505436	90.878597314	95.0	110.0	107.0	74.0	92.0	91.0	DLR00012709	DLR00012709-2009-06-30_14-36-26
14	15	2111	2190	135	1.85529456886e-05	0.0	0.0		0.0	9.55215505446e-07	0.0	0.0				73.6869838564	91.2106665246	90.1732644254				74.0	91.0	90.0	DLR00012709	DLR00012709-2009-06-30_14-36-26
15	15	2257	2190	135	2.35085034557e-05	0.0	0.0		0.0	-7.32963335669e-07	0.0	5.32793435985e-05				73.510149715	90.9217326443	89.8687729767				73.0	91.0	90.0	DLR00012709	DLR00012709-2009-06-30_14-36-26
16	15	2391	2190	135	-1.058490764e-05	0.000106558687197	6.222471952e-06	0.000228999168759	3.91498337052e-06	-5.80180427829e-07	0.251327412287	0.000532793435985	89.5	105.5	102.5	73.5722278468	90.7921351308	90.0856290297	89.5	105.5	102.5	73.0	91.0	90.0	DLR00012709	DLR00012709-2009-06-30_14-36-26
17	15	2526	2190	135	2.98627055265e-05	0.0	0.0		0.0	6.54005026411e-07	0.0	0.0				73.4027385583	91.2756673238	90.5201129522				73.0	91.0	90.0	DLR00012709	DLR00012709-2009-06-30_14-36-26
18	15	2659	2196	135	-3.64446416236e-07	0.000106558687197	6.13623937326e-06	0.000225825640778	1.60479328198e-05	-1.612723412e-07	0.5129130863	0.000372955405189	91.0	105.0	105.0	73.958117973	91.6382479885	90.8227207332	91.0	105.0	105.0	74.0	92.0	91.0	DLR00012709	DLR00012709-2009-06-30_14-36-26
19	15	2798	2193	135	4.5794309747e-05	0.0	0.0		0.0	4.22380350649e-07	0.0	0.000106558687197				74.2775321008	91.2438595557	90.627843785				74.0	91.0	91.0	DLR00012709	DLR00012709-2009-06-30_14-36-26
20	15	2939	2192	135	6.67108352646e-05	0.0	0.0		0.0	-7.15937064057e-07	0.0	0.0				74.0460866322	91.0368693058	90.7304598007				74.0	91.0	91.0	DLR00012709	DLR00012709-2009-06-30_14-36-26
21	15	3069	2190	135	1.74490130097e-05	0.0	0.0		0.0	4.38560817594e-07	0.0	0.0				73.6013106719	90.3385369492	90.285630561				74.0	90.0	90.0	DLR00012709	DLR00012709-2009-06-30_14-36-26
22	15	3205	2190	135	3.54194111039e-05	0.000426234748788	3.21960142899e-05	0.000310126540801	0.000210366298651	-4.52387466161e-07	0.128228271575	0.00149182162076	92.375	107.875	105.875	72.4178881723	88.3367624327	88.3383614946	93.5	108.5	106.5	73.0	88.0	88.0	DLR00012709	DLR00012709-2009-06-30_14-36-26
23	15	3332	2190	135	3.46563056766e-05	0.0	0.0		0.0	-5.53043880769e-08	0.0	0.0				71.1719857211	86.5022643721	86.7124513826				71.0	87.0	87.0	DLR00012709	DLR00012709-2009-06-30_14-36-26
24	15	3485	2199	135	-0.000142674298082	0.0	0.0		0.0	-3.77897935885e-07	0.0	0.0				71.6007245991	85.7265171293	85.7749480526				71.0	86.0	86.0	DLR00012709	DLR00012709-2009-06-30_14-36-26
1	16	339	2329	135	-0.00226965037103	5.32793435985e-05	2.84951359318e-06	0.000209735375021	0.0	-4.32063821709e-06	8.9839362109e-05	0.0199264745058	168.0	171.0	154.0	91.2313512361	102.061221228	99.8375426257	168.0	171.0	154.0	86.0	97.0	96.0	DLR00012709	DLR00012709-2009-06-30_14-36-26
2	16	477	2329	135	-0.00260827240065	0.000266396717992	1.89756258609e-05	0.000272544385336	0.000329351500297	-4.64894431718e-06	0.000408891172114	0.0208855026906	112.6	123.0	118.0	92.1528991686	103.938659135	101.819921126	110.0	122.0	120.0	87.0	99.0	98.0	DLR00012709	DLR00012709-2009-06-30_14-36-26
3	16	621	2329	135	-0.00252821316089	0.00154510096436	0.000296900656874	0.0006855044697	0.0104235242958	-4.97737580411e-06	0.00597329488791	0.0131599978688	141.275862069	151.793103448	148.965517241	91.3526147279	104.42171825	102.740288154	132.0	146.0	144.0	87.0	100.0	100.0	DLR00012709	DLR00012709-2009-06-30_14-36-26
4	16	746	2329	135	-0.00241735648675	0.0	0.0		0.0	-4.50421574862e-06	0.0	0.00159838030795				90.7556076509	104.824551122	103.629655283				87.0	101.0	101.0	DLR00012709	DLR00012709-2009-06-30_14-36-26
5	16	883	2329	135	-0.00145622361242	0.00591400713943	0.00061411380915	0.000422148030512	0.000815488362227	-3.81205618364e-06	0.0421104678841	0.00969684053492	186.531531532	188.522522523	170.855855856	88.0876835674	103.103816057	101.980544539	189.0	191.0	174.0	84.0	100.0	99.0	DLR00012709	DLR00012709-2009-06-30_14-36-26
6	16	1020	2329	135	-0.00129781199374	0.0	0.0		0.0	-3.42046244951e-06	0.0	0.0				85.8289200277	101.194416325	100.243166924				83.0	98.0	98.0	DLR00012709	DLR00012709-2009-06-30_14-36-26
7	16	1157	2329	135	-0.00125417817369	5.32793435985e-05	2.88594446889e-06	0.00021241683034	0.0	-4.43558811112e-06	1.3962634016	0.000159838030795	96.0	110.0	110.0	84.9978154305	100.762787724	99.6505754476	96.0	110.0	110.0	82.0	98.0	98.0	DLR00012709	DLR00012709-2009-06-30_14-36-26
8	16	1294	2329	135	-0.00123553243308	0.0	0.0		0.0	-3.46079948985e-06	0.0	0.0				83.4555916671	99.6486760083	98.4563375779				80.0	97.0	97.0	DLR00012709	DLR00012709-2009-06-30_14-36-26
9	16	1425	2331	135	-0.00148507384316	0.000159838030795	8.86260691364e-06	0.000211629870578	5.76404903602e-06	-4.21390018203e-06	0.0261074181739	0.00202461505674	94.3333333333	109.0	106.333333333	81.7613236705	97.8992859427	96.7416071619	94.0	109.0	107.0	79.0	96.0	95.0	DLR00012709	DLR00012709-2009-06-30_14-36-26
10	16	1565	2334	135	-0.00219755333767	0.000213117374394	1.28485262235e-05	0.000240561707055	1.35599725357e-05	-4.49549232886e-06	0.0036719616084	0.00623368320102	96.0	110.75	108.5	81.2829203304	97.1169197975	95.6201971756	92.5	108.5	107.5	78.0	94.0	94.0	DLR00012709	DLR00012709-2009-06-30_14-36-26
11	16	1705	2329	135	-0.00135408488276	0.0	0.0		0.0	-4.17527600043e-06	0.0	0.00277052586712				81.0356971602	97.1884490383	95.6005114817				78.0	94.0	94.0	DLR00012709	DLR00012709-2009-06-30_14-36-26
12	16	1834	2329	135	-0.0017251104497	0.00111886621557	6.44322592871e-05	0.000225250733588	8.7591994928e-06	-4.69561682286e-06	0.0153775294506	0.0069795940114	114.285714286	124.095238095	115.238095238	82.2038617453	98.3655323234	96.6524962663	114.0	124.0	116.0	79.0	95.0	95.0	DLR00012709	DLR00012709-2009-06-30_14-36-26
13	16	1972	2333	135	-0.00209682235532	0.007032873355	0.000729180004596	0.000383672093806	0.00164535918098	-5.66123893178e-06	0.00757342081733	0.0249347328041	180.606060606	184.151515152	165.113636364	82.8444492139	98.9902881365	96.8651607018	192.5	194.0	172.0	78.0	95.0	94.0	DLR00012709	DLR00012709-2009-06-30_14-36-26
14	16	2114	2329	135	-0.00161965925162	0.000799190153977	4.58281962487e-05	0.000221166857458	1.44751595443e-05	-4.68820996749e-06	0.00745601674045	0.00847141563216	107.2	118.0	110.333333333	80.348938893	96.7673029754	95.0504958942	109.0	119.0	111.0	77.0	94.0	93.0	DLR00012709	DLR00012709-2009-06-30_14-36-26
15	16	2252	2327	135	-0.00141666739945	0.0	0.0		0.0	-3.95417107564e-06	0.0	0.00399595076989				79.9517289147	96.3831317598	95.0837551281				77.0	94.0	93.0	DLR00012709	DLR00012709-2009-06-30_14-36-26
16	16	2385	2329	135	-0.00243965881442	0.0	0.0		0.0	-4.80110184262e-06	0.0	0.00479514092386				81.2017155949	97.3325696627	96.3226597048				78.0	94.0	94.0	DLR00012709	DLR00012709-2009-06-30_14-36-26
17	16	2531	2337	135	0.000447723562948	0.0409185358836	0.00241129302903	0.000227228610612	2.4840703336e-05	-4.80672964915e-06	0.0880876646966	0.0176354627311	176.256510417	178.942708333	157.552083333	85.5340814399	101.297039053	99.4342536526	177.0	179.0	157.0	80.0	96.0	96.0	DLR00012709	DLR00012709-2009-06-30_14-36-26
18	16	2659	2329	135	-0.00227441070596	0.00474186158027	0.000282117239936	0.000227760990233	3.62072001679e-05	-4.73071319408e-06	0.00762434118903	0.0204059885982	166.91011236	171.449438202	151.404494382	85.3710385439	100.826659529	98.9764989293	173.0	177.0	155.0	80.0	96.0	95.0	DLR00012709	DLR00012709-2009-06-30_14-36-26
19	16	2802	2329	135	-0.00183600102692	0.0122542490277	0.000726035397162	0.000227295113002	2.85829834362e-05	-5.107838314e-06	0.0289443322515	0.0168362725771	174.852173913	178.4	157.273913043	85.2885808296	100.480824208	98.9208695183	174.0	178.0	157.0	80.0	96.0	95.0	DLR00012709	DLR00012709-2009-06-30_14-36-26
20	16	2934	2338	135	0.00211161279226	0.0618040385742	0.00437465188636	0.000262254366026	0.000227674809693	-5.27160646121e-06	0.0228908579605	0.0425169161916	180.407758621	183.030172414	163.762931034	88.3130217502	102.661366347	100.757964677	180.0	182.0	163.0	83.0	97.0	96.0	DLR00012709	DLR00012709-2009-06-30_14-36-26
21	16	3063	2337	135	0.00198250897914	0.0516809632905	0.00389756814727	0.000262113009555	0.000507704949155	-4.78802118944e-06	0.0284987690335	0.0348446907134	185.32371134	187.924742268	167.156701031	89.7190291589	103.550030901	101.473846845	183.0	185.0	166.0	83.0	97.0	96.0	DLR00012709	DLR00012709-2009-06-30_14-36-26
22	16	3205	2322	135	-0.00239616309485	0.000213117374394	1.23651178738e-05	0.000222259459137	1.76982436428e-05	-4.09589116051e-06	0.25645654315	0.000745910810379	98.0	110.0	107.5	83.2313349321	96.85931255	95.7733013589	91.5	106.0	104.5	79.0	93.0	93.0	DLR00012709	DLR00012709-2009-06-30_14-36-26
23	16	3337	2335	135	0.00303658834901	0.0631360221642	0.00549785979073	0.000290477413112	0.000975694444828	-5.0925738445e-06	0.0223639182917	0.0434759443764	194.490295359	196.454852321	168.456540084	87.1146496815	99.3983735214	97.3202343039	190.0	193.0	168.0	81.0	93.0	93.0	DLR00012709	DLR00012709-2009-06-30_14-36-26
24	16	3482	2319	135	-0.00203255228761	0.00117214555917	6.92738270317e-05	0.00022682259725	1.95767667452e-05	-4.80794887158e-06	0.0212727111046	0.00607384517023	113.045454545	122.363636364	115.954545455	83.5320851336	95.3582973276	93.9508721395	117.0	126.0	118.0	79.0	91.0	91.0	DLR00012709	DLR00012709-2009-06-30_14-36-26
