Column	Row	x	y	Diameter	Intensity	Area	Trimmed	FeatureMedian	FeatureVariance	BackgroundMedian	Circularity	Perimeter	redMean	greenMean	blueMean	redMeanBack	greenMeanBack	blueMeanBack	redMedian	greenMedian	blueMedian	redMedianBack	greenMedianBack	blueMedianBack	Barcode	Filename
1	1	339	280	135	0.000592456877481	0.0195535191006	0.001724009002	0.00027789496168	0.00168938856653	-1.72791320234e-06	0.00922650243467	0.0376684959241	151.19346049	152.561307902	130.839237057	82.2104662537	92.8869144658	93.1377024236	158.0	159.0	135.0	79.0	91.0	92.0	DLR00012709	DLR00012709-2009-07-01_11-32-39
2	1	481	283	135	0.000266853799839	0.000266396717992	1.60973438938e-05	0.000232627505855	3.27808194788e-05	1.90703951347e-07	0.628318530718	0.000532793435985	93.6	103.4	105.4	80.4413771051	93.3464613089	95.2142933276	93.0	104.0	104.0	79.0	92.0	95.0	DLR00012709	DLR00012709-2009-07-01_11-32-39
3	1	612	280	135	0.000428371278361	0.0	0.0		0.0	4.78643169579e-07	0.0	0.0				83.569076669	97.185305557	99.0613245245				82.0	96.0	98.0	DLR00012709	DLR00012709-2009-07-01_11-32-39
4	1	746	275	135	0.0001964562528	0.000959028184773	5.24517227411e-05	0.000212196367531	2.52969027004e-06	-1.31502030705e-06	0.0180321006902	0.00596728648303	123.388888889	131.722222222	127.0	85.4713881926	99.7898778732	101.764172577	123.0	132.0	127.0	83.0	98.0	101.0	DLR00012709	DLR00012709-2009-07-01_11-32-39
5	1	883	279	135	-0.000152626079711	0.000106558687197	7.17220290901e-06	0.000263951130195	1.82098076236e-05	-1.71390993487e-06	0.207708605196	0.000586072779583	99.5	114.5	115.0	84.7126338786	100.116001492	101.995737198	99.5	114.5	115.0	83.0	99.0	101.0	DLR00012709	DLR00012709-2009-07-01_11-32-39
6	1	1020	275	135	0.000276625293641	0.0	0.0		0.0	-4.88767811144e-07	0.0	0.00388939208269				85.4136608237	101.131013906	102.777931696				83.0	99.0	102.0	DLR00012709	DLR00012709-2009-07-01_11-32-39
7	1	1150	279	135	0.00037586679544	0.0	0.0		0.0	2.80626516516e-08	0.0	0.0				85.0879641963	101.26948692	102.584314561				82.0	99.0	102.0	DLR00012709	DLR00012709-2009-07-01_11-32-39
8	1	1289	274	135	0.000659955702832	5.32793435985e-05	2.84738561468e-06	0.000209578747459	0.0	3.34578337893e-07	0.125663706144	0.000532793435985	95.0	113.0	113.0	86.5468350384	102.515185422	103.201832907	95.0	113.0	113.0	83.0	100.0	102.0	DLR00012709	DLR00012709-2009-07-01_11-32-39
9	1	1422	273	135	0.000920411909954	0.0	0.0		0.0	5.21295911186e-07	0.0	5.32793435985e-05				86.6304544728	102.769939794	103.103628323				83.0	100.0	102.0	DLR00012709	DLR00012709-2009-07-01_11-32-39
10	1	1560	271	135	-0.000280314668692	0.000319676061591	3.3241102306e-05	0.000374102688812	0.00184119269429	-2.86325910558e-06	0.103426918637	0.00143854227716	109.833333333	124.166666667	124.666666667	86.5135106326	102.696210627	102.813729148	107.0	122.0	122.5	82.0	100.0	101.0	DLR00012709	DLR00012709-2009-07-01_11-32-39
11	1	1694	275	135	0.00013728259694	0.0	0.0		0.0	-4.60843664401e-07	0.0	0.0				85.9593478608	102.242421013	102.312856306				82.0	99.0	101.0	DLR00012709	DLR00012709-2009-07-01_11-32-39
12	1	1846	269	135	-0.00017707367106	0.0	0.0		0.0	-2.23335555208e-06	0.0	5.32793435985e-05				87.2407160744	103.297405296	102.998028664				83.0	100.0	101.0	DLR00012709	DLR00012709-2009-07-01_11-32-39
13	1	1976	279	135	-1.4950219812e-05	0.000319676061591	2.06637829486e-05	0.000259915113885	5.22764190543e-05	-1.87848315666e-06	0.232710566933	0.000959028184773	107.166666667	122.166666667	116.166666667	85.279646112	101.734957096	101.753930608	107.5	122.5	116.0	82.0	99.0	100.0	DLR00012709	DLR00012709-2009-07-01_11-32-39
14	1	2114	279	135	-0.000807829047716	0.0	0.0		0.0	-4.63920623669e-06	0.0	0.0				84.3055570355	100.523256433	100.867920507				81.0	98.0	100.0	DLR00012709	DLR00012709-2009-07-01_11-32-39
15	1	2252	272	135	6.32512782035e-05	0.0	0.0		0.0	-1.44009226993e-06	0.0	0.0				85.853002291	101.851563749	102.033672545				82.0	99.0	101.0	DLR00012709	DLR00012709-2009-07-01_11-32-39
16	1	2384	279	135	-0.000539000445785	0.0	0.0		0.0	-3.46351956848e-06	0.0	0.0				84.3954392882	100.720656402	101.415472321				81.0	98.0	100.0	DLR00012709	DLR00012709-2009-07-01_11-32-39
17	1	2517	269	135	0.000371258811223	0.0	0.0		0.0	-3.70188015502e-07	0.0	0.0				86.7352016623	102.304065214	103.018008418				83.0	99.0	102.0	DLR00012709	DLR00012709-2009-07-01_11-32-39
18	1	2659	270	135	0.000867571468881	0.000106558687197	8.63138251075e-06	0.000317651800675	4.66960252298e-05	1.70388122107e-06	0.0628318530718	0.00106558687197	107.0	123.0	122.5	86.5759045132	101.686524218	102.499280652	107.0	123.0	122.5	83.0	99.0	101.0	DLR00012709	DLR00012709-2009-07-01_11-32-39
19	1	2798	272	135	-0.00179972000084	0.0	0.0		0.0	-8.84605240422e-06	0.0	0.0				84.9662741755	99.5610314881	100.740849273				82.0	97.0	99.0	DLR00012709	DLR00012709-2009-07-01_11-32-39
20	1	2934	279	135	-0.006331936735	5.32793435985e-05	3.35888044539e-06	0.000247226772861	0.0	-2.5814544729e-05	0.196349540849	0.000426234748788	94.0	110.0	110.0	81.5274936061	96.172314578	98.0617007673	94.0	110.0	110.0	79.0	94.0	97.0	DLR00012709	DLR00012709-2009-07-01_11-32-39
21	1	3064	271	135	0.000841860924177	5.32793435985e-05	2.94435305773e-06	0.000216715931532	0.0	2.3962359503e-07	12.5663706144	5.32793435985e-05	93.0	107.0	107.0	83.6636295823	97.0348998295	98.0346334186	93.0	107.0	107.0	81.0	95.0	97.0	DLR00012709	DLR00012709-2009-07-01_11-32-39
22	1	3205	279	135	-0.000172220063768	0.000426234748788	2.69859342076e-05	0.000241788354824	6.86309697987e-05	-2.17310867347e-06	0.128228271575	0.00149182162076	98.875	111.25	109.875	79.370929055	92.4251905549	93.744469911	99.5	111.5	109.5	77.0	91.0	93.0	DLR00012709	DLR00012709-2009-07-01_11-32-39
23	1	3332	271	135	0.000414558390871	0.0	0.0		0.0	-3.33411694618e-07	0.0	0.000532793435985				80.1157760136	91.6783526027	92.1663913901				78.0	90.0	91.0	DLR00012709	DLR00012709-2009-07-01_11-32-39
24	1	3487	279	135	-0.000373217252114	0.0184346528851	0.00158748720184	0.000248820719745	0.00198051399793	-6.54298130669e-06	0.0184082890166	0.0258937609889	159.502890173	162.098265896	142.01734104	84.4441187646	93.9558160994	93.0405471422	124.0	127.0	118.0	81.0	91.0	90.0	DLR00012709	DLR00012709-2009-07-01_11-32-39
1	2	331	412	135	0.000928260788963	0.000266396717992	2.0875342076e-05	0.000306864882012	0.000303946671252	2.67733222735e-06	0.245436926062	0.000852469497576	96.0	108.0	108.0	75.427574078	88.3961841825	90.2341185248	96.0	108.0	108.0	75.0	88.0	90.0	DLR00012709	DLR00012709-2009-07-01_11-32-39
2	2	477	405	135	0.000569742578435	0.000426234748788	2.73203499604e-05	0.000245871196711	8.36614194732e-05	9.83605206248e-07	0.207708605196	0.00117214555917	94.125	105.25	106.625	75.9867277864	90.6379190875	92.908320452	94.0	104.5	106.0	76.0	91.0	93.0	DLR00012709	DLR00012709-2009-07-01_11-32-39
3	2	611	412	135	0.00102344606707	0.000479514092386	8.23685810919e-05	0.000655240266688	0.0033806279416	1.85048766175e-06	0.196349540849	0.00127870424636	124.666666667	136.0	136.111111111	77.9843816631	93.2312899787	95.7364605544	123.0	135.0	135.0	78.0	93.0	96.0	DLR00012709	DLR00012709-2009-07-01_11-32-39
4	2	746	402	135	5.30567617687e-05	0.0	0.0		0.0	1.06255052586e-07	0.0	0.0				78.8985561298	94.8455431829	97.6740369759				79.0	95.0	98.0	DLR00012709	DLR00012709-2009-07-01_11-32-39
5	2	878	412	135	0.000213916241167	0.0	0.0		0.0	1.63643560808e-07	0.0	0.0				78.8829985615	95.7334967233	97.9393148276				79.0	96.0	98.0	DLR00012709	DLR00012709-2009-07-01_11-32-39
6	2	1012	412	135	-0.000197895321703	5.32793435985e-05	2.98061085398e-06	0.000219384647523	0.0	-1.83294661455e-06	0.25645654315	0.000372955405189	95.0	111.0	111.0	78.7054560955	96.1755647911	98.0475809889	95.0	111.0	111.0	78.0	96.0	98.0	DLR00012709	DLR00012709-2009-07-01_11-32-39
7	2	1154	412	135	-0.000209192945111	0.0	0.0		0.0	-2.08659776593e-06	0.0	0.000852469497576				78.6031221695	96.4302306996	97.8243912835				78.0	96.0	98.0	DLR00012709	DLR00012709-2009-07-01_11-32-39
8	2	1294	412	135	-0.000172300006327	0.000426234748788	3.19339898227e-05	0.000275480517594	0.000404572260272	-1.49177653967e-06	0.207708605196	0.00117214555917	100.25	117.125	116.25	78.2279729226	96.1398646128	97.2449229785	99.0	116.0	115.0	78.0	96.0	97.0	DLR00012709	DLR00012709-2009-07-01_11-32-39
9	2	1425	411	135	0.000399594866741	0.000159838030795	9.74926848705e-06	0.000225223823496	2.96739175038e-05	-3.1047972522e-07	0.376991118431	0.000532793435985	96.0	112.0	111.666666667	78.0262709155	95.8197271662	96.7849301929	95.0	111.0	111.0	78.0	96.0	97.0	DLR00012709	DLR00012709-2009-07-01_11-32-39
10	2	1565	412	135	-0.000512312042554	5.32793435985e-05	3.21884913721e-06	0.000236919919437	0.0	-2.57365355604e-06	0.502654824574	0.000266396717992	96.0	110.0	111.0	77.129955243	95.0658567775	95.8447357204	96.0	110.0	111.0	77.0	95.0	96.0	DLR00012709	DLR00012709-2009-07-01_11-32-39
11	2	1704	412	135	-0.000336665661119	0.000213117374394	1.3265576407e-05	0.0002430500906	8.53345678452e-06	-2.4180950033e-06	0.113980685845	0.00111886621557	94.75	112.75	112.75	76.9605115907	95.089048761	95.8973621103	94.5	112.5	112.5	77.0	95.0	96.0	DLR00012709	DLR00012709-2009-07-01_11-32-39
12	2	1839	409	135	-0.00082430053241	5.32793435985e-05	3.31689083702e-06	0.00024413617302	0.0	-3.57950958166e-06	0.196349540849	0.000426234748788	96.0	112.0	111.0	76.9268435635	95.3865089514	95.8048273657	96.0	112.0	111.0	77.0	95.0	96.0	DLR00012709	DLR00012709-2009-07-01_11-32-39
13	2	1968	403	135	-0.000749631998487	0.000266396717992	1.66155171647e-05	0.000224839269775	7.49586727873e-05	-4.37414263663e-06	0.118774769512	0.00122542490277	94.6	111.4	111.4	76.7018226391	94.9396717118	95.3639415903	94.0	110.0	110.0	77.0	95.0	95.0	DLR00012709	DLR00012709-2009-07-01_11-32-39
14	2	2114	403	135	-0.00130644175943	0.0	0.0		0.0	-5.92177648221e-06	0.0	0.0				75.9152325643	93.9691512601	94.9174170174				76.0	94.0	95.0	DLR00012709	DLR00012709-2009-07-01_11-32-39
15	2	2249	412	135	-0.000890131861906	0.0	0.0		0.0	-4.30420928421e-06	0.0	0.0				76.0149714956	93.9798604081	95.0712877617				76.0	94.0	95.0	DLR00012709	DLR00012709-2009-07-01_11-32-39
16	2	2385	412	135	-0.00116095845216	0.000639352123182	5.52631676909e-05	0.000304771410234	0.000909105737011	-5.05677091691e-06	0.0712648617071	0.00245084980553	101.25	116.916666667	115.75	76.1318441115	94.048515221	95.4162712587	98.5	114.5	114.0	76.0	94.0	95.0	DLR00012709	DLR00012709-2009-07-01_11-32-39
17	2	2526	407	135	-0.000659754936684	0.0	0.0		0.0	-3.27012820639e-06	0.0	0.000106558687197				76.2253183441	94.153817465	95.9617987106				76.0	94.0	96.0	DLR00012709	DLR00012709-2009-07-01_11-32-39
18	2	2659	412	135	0.00226463694038	5.32793435985e-05	2.98693542683e-06	0.000219850160887	0.0	6.11022588075e-06	0.0	0.0	91.0	107.0	107.0	76.8271526002	94.2188832055	95.8334931799	91.0	107.0	107.0	77.0	94.0	96.0	DLR00012709	DLR00012709-2009-07-01_11-32-39
19	2	2798	412	135	0.00145829626397	0.000266396717992	1.75709866422e-05	0.00023862934994	0.000181345549821	2.69121803329e-06	0.320570678938	0.000745910810379	95.4	111.4	110.8	76.3167235131	93.2146130889	95.1885525474	94.0	110.0	110.0	76.0	93.0	95.0	DLR00012709	DLR00012709-2009-07-01_11-32-39
20	2	2934	412	135	-0.00311719030522	0.0	0.0		0.0	-1.27976205843e-05	0.0	0.0				74.4083328893	91.3149874794	94.1554691246				74.0	91.0	94.0	DLR00012709	DLR00012709-2009-07-01_11-32-39
21	2	3066	412	135	0.000983415582145	0.000106558687197	5.887748057e-06	0.000216680673102	3.98070285654e-06	7.83510724519e-07	6.28318530718	0.000106558687197	90.5	106.5	105.5	74.1544732776	90.4693344701	93.6405925294	90.5	106.5	105.5	74.0	90.0	94.0	DLR00012709	DLR00012709-2009-07-01_11-32-39
22	2	3205	412	135	-0.0002484129567	0.000372955405189	2.74258486583e-05	0.000239092398714	0.000430119878474	-2.39541587652e-06	0.130125139498	0.00138526293356	88.5714285714	107.571428571	106.857142857	71.7008847671	87.264044345	90.5456241339	87.0	105.0	105.0	72.0	87.0	91.0	DLR00012709	DLR00012709-2009-07-01_11-32-39
23	2	3342	412	135	-0.000114230274813	0.0	0.0		0.0	-3.33288158374e-06	0.0	0.0				70.0229633971	84.6705205392	87.688635516				70.0	85.0	88.0	DLR00012709	DLR00012709-2009-07-01_11-32-39
24	2	3482	412	135	-0.000874622486401	0.000532793435985	3.95103284869e-05	0.000266355097515	0.000366056602822	-4.15692053823e-06	0.160285339469	0.00149182162076	88.8	101.3	102.3	72.2896742897	85.1721307106	86.5187376726	87.5	99.5	100.5	72.0	85.0	86.0	DLR00012709	DLR00012709-2009-07-01_11-32-39
1	3	338	551	135	0.000870318102643	0.000586072779583	4.42335847968e-05	0.000265263576675	0.00031538453579	1.0566806335e-06	0.153588974176	0.00159838030795	99.0	109.0	110.545454545	75.3013114405	88.7013007783	90.7567970999	97.0	107.0	109.0	75.0	89.0	91.0	DLR00012709	DLR00012709-2009-07-01_11-32-39
2	3	477	551	135	0.00100433566731	0.000159838030795	1.32723578004e-05	0.000285658433979	0.000300193803806	2.74943804316e-06	0.261799387799	0.000639352123182	99.0	110.333333333	110.666666667	76.5840349568	91.2247681978	93.213204732	96.0	108.0	108.0	77.0	91.0	93.0	DLR00012709	DLR00012709-2009-07-01_11-32-39
3	3	612	559	135	0.00110652812358	0.00127870424636	0.00018188637574	0.000421021786918	0.00737911009862	1.40393270995e-06	0.115952670029	0.00271724652352	117.541666667	129.666666667	128.375	77.8083755668	93.3172045879	95.3570552147	108.0	120.5	119.5	78.0	93.0	95.0	DLR00012709	DLR00012709-2009-07-01_11-32-39
4	3	739	560	135	0.000720614156779	0.000159838030795	1.39478979655e-05	0.000317439170772	0.000703963049279	1.59930316455e-06	0.147262155637	0.000852469497576	103.666666667	117.666666667	118.666666667	78.529521475	94.8111478205	97.0442822125	102.0	116.0	117.0	79.0	95.0	97.0	DLR00012709	DLR00012709-2009-07-01_11-32-39
5	3	883	551	135	0.00091961433033	0.0	0.0		0.0	2.05279025584e-06	0.0	0.0				78.9155522404	95.7662635196	97.481005914				79.0	96.0	97.0	DLR00012709	DLR00012709-2009-07-01_11-32-39
6	3	1020	545	135	0.00114603329066	0.0	0.0		0.0	2.01820568371e-06	0.0	0.0				79.0429964303	96.2773722628	97.3686397784				79.0	96.0	97.0	DLR00012709	DLR00012709-2009-07-01_11-32-39
7	3	1158	545	135	0.000461004384838	0.000106558687197	8.11897766733e-06	0.000298794297722	0.000170554625292	2.28150815389e-07	0.207708605196	0.000586072779583	100.5	116.5	115.5	78.5878936431	96.1639580114	96.8274098151	100.5	116.5	115.5	78.0	96.0	97.0	DLR00012709	DLR00012709-2009-07-01_11-32-39
8	3	1285	551	135	0.000217383031635	5.32793435985e-05	3.03645440852e-06	0.000223494952131	0.0	5.22019696619e-07	0.785398163397	0.000213117374394	95.0	111.0	110.0	78.3053069054	95.9420289855	96.2574062234	95.0	111.0	110.0	78.0	96.0	96.0	DLR00012709	DLR00012709-2009-07-01_11-32-39
9	3	1435	551	135	0.000162615381536	5.32793435985e-05	3.45300820642e-06	0.000254154945201	0.0	-1.21619269455e-06	0.349065850399	0.000319676061591	95.0	113.0	113.0	77.8125532822	95.4844416027	95.6020353794	95.0	113.0	113.0	78.0	95.0	95.0	DLR00012709	DLR00012709-2009-07-01_11-32-39
10	3	1565	544	135	-8.7429795702e-05	0.000159838030795	1.05620165932e-05	0.000237375134847	0.000151928999909	-1.24716095807e-06	0.130446753782	0.000905748841174	95.6666666667	112.666666667	112.0	77.1928487691	94.7826388149	95.033731216	95.0	111.0	111.0	77.0	95.0	95.0	DLR00012709	DLR00012709-2009-07-01_11-32-39
11	3	1710	545	135	-0.000141129427755	0.000159838030795	8.61850171458e-06	0.000209028441061	8.37643207797e-07	-2.42773811378e-06	0.589048622548	0.000426234748788	93.6666666667	107.666666667	108.0	76.5960247256	94.3626771821	94.8855909624	94.0	108.0	108.0	76.0	94.0	95.0	DLR00012709	DLR00012709-2009-07-01_11-32-39
12	3	1834	551	135	-0.000304475521746	0.000479514092386	3.57178357261e-05	0.000268282864791	0.000510393961369	-2.74266888251e-06	0.0826131011901	0.00197133571314	99.0	114.0	112.666666667	76.4941364606	94.6890724947	94.8767057569	98.0	112.0	111.0	76.0	95.0	95.0	DLR00012709	DLR00012709-2009-07-01_11-32-39
13	3	1966	551	135	-2.42163215154e-05	0.000266396717992	2.17368990516e-05	0.000268894758881	0.00102744383541	-2.70149852293e-06	0.193925472444	0.000959028184773	101.2	115.8	115.2	76.3836602004	94.7540503091	94.7456832232	98.0	112.0	113.0	76.0	95.0	95.0	DLR00012709	DLR00012709-2009-07-01_11-32-39
14	3	2116	544	135	-0.000597236271264	0.0	0.0		0.0	-2.5409566777e-06	0.0	0.0				76.0760296233	94.0461399116	94.5690233896				76.0	94.0	94.0	DLR00012709	DLR00012709-2009-07-01_11-32-39
15	3	2251	553	135	-0.000281413489437	0.0	0.0		0.0	-1.51974581393e-06	0.0	0.0				76.0222174863	93.8771378337	94.5990196601				76.0	94.0	94.0	DLR00012709	DLR00012709-2009-07-01_11-32-39
16	3	2385	547	135	-0.000871241993586	0.000586072779583	4.56049373595e-05	0.000261595821646	0.000854790135295	-4.8827260893e-06	0.134990309334	0.00170493899515	98.7272727273	114.818181818	113.909090909	75.9689199275	93.6393538757	94.369602303	96.0	112.0	111.0	76.0	94.0	94.0	DLR00012709	DLR00012709-2009-07-01_11-32-39
17	3	2535	551	135	0.00073083815072	0.0	0.0		0.0	2.04090133985e-06	0.0	0.0				76.210879642	93.7461239278	94.8289200277				76.0	94.0	95.0	DLR00012709	DLR00012709-2009-07-01_11-32-39
18	3	2659	559	135	0.00334350711084	0.00181149768235	0.000133273628208	0.000264350497866	0.000361975257604	1.03884211309e-05	0.131504032283	0.00303692258511	97.5294117647	111.676470588	108.941176471	76.6814518281	93.8845476381	94.7817453963	95.5	111.0	109.0	76.0	94.0	95.0	DLR00012709	DLR00012709-2009-07-01_11-32-39
19	3	2795	551	135	0.00042096272389	0.000159838030795	8.75761844176e-06	0.000209716502518	3.69209208345e-06	-1.40992584652e-06	0.465421133865	0.000479514092386	89.3333333333	107.333333333	106.666666667	75.3781839497	92.5254715976	94.315570713	88.0	108.0	107.0	75.0	92.0	94.0	DLR00012709	DLR00012709-2009-07-01_11-32-39
20	3	2934	549	135	-0.000491719152573	0.0	0.0		0.0	-2.67363695933e-06	0.0	0.0				74.1528051574	91.4392349086	94.216314135				74.0	91.0	94.0	DLR00012709	DLR00012709-2009-07-01_11-32-39
21	3	3069	551	135	0.000710960043301	0.000106558687197	7.42181173315e-06	0.000273137224352	4.21035088928e-06	-2.56230304831e-07	0.698131700798	0.000319676061591	93.5	107.5	108.5	73.3721958757	90.0886662759	93.4966696862	93.5	107.5	108.5	73.0	90.0	93.0	DLR00012709	DLR00012709-2009-07-01_11-32-39
22	3	3205	548	135	0.000164118353615	0.0	0.0		0.0	-9.90861540867e-07	0.0	0.000159838030795				71.5886301881	87.4937929565	91.034578294				72.0	87.0	91.0	DLR00012709	DLR00012709-2009-07-01_11-32-39
23	3	3338	551	135	0.00048523709407	0.000319676061591	2.07892796898e-05	0.000232032503069	8.97492114842e-05	-7.56829582625e-07	0.188495559215	0.00106558687197	87.0	101.333333333	101.5	70.0507914513	85.0973724884	88.3666791025	86.0	100.0	100.0	70.0	85.0	88.0	DLR00012709	DLR00012709-2009-07-01_11-32-39
24	3	3482	551	135	-4.41606092765e-05	5.32793435985e-05	2.94585016087e-06	0.000216826124193	0.0	-2.4590728302e-06	0.196349540849	0.000426234748788	82.0	96.0	99.0	71.1159953112	84.6824381927	86.7986999147	82.0	96.0	99.0	71.0	84.0	87.0	DLR00012709	DLR00012709-2009-07-01_11-32-39
1	4	331	685	135	0.000530262636092	0.00117214555917	8.43567871298e-05	0.000260684178857	0.000368697722403	-5.36097127189e-07	0.115143754067	0.00261068783633	95.9090909091	107.863636364	106.818181818	75.8023683789	89.0704646077	91.2301701606	94.0	107.0	105.5	76.0	89.0	91.0	DLR00012709	DLR00012709-2009-07-01_11-32-39
2	4	477	690	135	-8.85296136732e-05	5.32793435985e-05	3.84006199303e-06	0.000282643621753	0.0	-7.99952070402e-07	0.196349540849	0.000426234748788	97.0	111.0	112.0	76.5060208866	91.379102728	93.5854646206	97.0	111.0	112.0	77.0	91.0	94.0	DLR00012709	DLR00012709-2009-07-01_11-32-39
3	4	606	687	135	0.000612974660424	5.32793435985e-05	2.9580078775e-06	0.000217720979815	0.0	3.64955449064e-07	1.3962634016	0.000159838030795	93.0	107.0	107.0	77.7952365729	93.3321611253	95.8197463768	93.0	107.0	107.0	78.0	93.0	96.0	DLR00012709	DLR00012709-2009-07-01_11-32-39
4	4	754	687	135	0.000190781400305	0.0	0.0		0.0	1.92919423941e-07	0.0	0.0				78.4582023549	94.9172571794	97.3979966967				78.0	95.0	97.0	DLR00012709	DLR00012709-2009-07-01_11-32-39
5	4	884	689	135	0.00062337244665	5.32793435985e-05	2.99534214701e-06	0.00022046892846	0.0	1.82142564613e-06	0.785398163397	0.000213117374394	95.0	111.0	110.0	78.7058290708	95.753516624	97.5111892583	95.0	111.0	110.0	79.0	96.0	97.0	DLR00012709	DLR00012709-2009-07-01_11-32-39
6	4	1020	691	135	0.000633251180936	0.0	0.0		0.0	1.4553223565e-06	0.0	0.0				78.6395119612	96.0321274442	97.1829079866				78.0	96.0	97.0	DLR00012709	DLR00012709-2009-07-01_11-32-39
7	4	1154	687	135	0.00047114797885	0.0	0.0		0.0	4.12151337892e-07	0.0	0.0				78.5112685812	96.1176407907	96.7841120997				78.0	96.0	97.0	DLR00012709	DLR00012709-2009-07-01_11-32-39
8	4	1294	680	135	-0.000484724887062	0.000106558687197	6.07749634196e-06	0.000223663782044	3.25622904343e-10	-2.9230897373e-06	1.57079632679	0.000213117374394	94.0	111.5	110.0	78.0594127991	95.587573933	95.9198060425	94.0	111.5	110.0	78.0	96.0	96.0	DLR00012709	DLR00012709-2009-07-01_11-32-39
9	4	1429	687	135	-0.000233036210903	0.000159838030795	1.03968659849e-05	0.000253372579942	4.5365211618e-05	-2.65885806815e-06	0.261799387799	0.000639352123182	98.0	112.333333333	111.333333333	77.9514547586	95.3290525418	95.4123414686	98.0	112.0	112.0	78.0	95.0	95.0	DLR00012709	DLR00012709-2009-07-01_11-32-39
10	4	1565	687	135	-0.000296965875532	0.0	0.0		0.0	-1.81937163128e-06	0.0	0.0				77.4747189515	94.6540039427	94.8002557408				77.0	95.0	95.0	DLR00012709	DLR00012709-2009-07-01_11-32-39
11	4	1700	692	135	8.57334337874e-05	0.0	0.0		0.0	-8.55453343927e-07	0.0	0.0				76.7206564015	94.2731631946	94.5719004742				76.0	94.0	94.0	DLR00012709	DLR00012709-2009-07-01_11-32-39
12	4	1839	684	135	-0.000107165425188	0.0	0.0		0.0	-1.55387617105e-06	0.0	0.0				76.5408918962	94.1791251532	94.5560765091				76.0	94.0	94.0	DLR00012709	DLR00012709-2009-07-01_11-32-39
13	4	1977	696	135	-0.000209263680955	0.0	0.0		0.0	-2.14091725789e-06	0.0	0.0				76.4427513453	94.2239863605	94.6127124514				76.0	94.0	94.0	DLR00012709	DLR00012709-2009-07-01_11-32-39
14	4	2120	687	135	-0.000817609065745	0.000159838030795	1.03782963768e-05	0.000254197588108	9.76169837638e-06	-3.2720952828e-06	0.147262155637	0.000852469497576	94.3333333333	111.333333333	110.0	76.2927102206	93.9808696579	94.5252584461	94.0	112.0	110.0	76.0	94.0	94.0	DLR00012709	DLR00012709-2009-07-01_11-32-39
15	4	2247	687	135	-0.000609584594909	0.000586072779583	4.87149334174e-05	0.000286835878212	0.000726954771721	-2.83371377043e-06	0.176313873416	0.00149182162076	103.181818182	115.727272727	113.545454545	76.3631517219	93.8174112379	94.340654654	101.0	114.0	111.0	76.0	94.0	94.0	DLR00012709	DLR00012709-2009-07-01_11-32-39
16	4	2394	677	135	-0.00169699936861	0.0	0.0		0.0	-7.89702568221e-06	0.0	5.32793435985e-05				75.6883158399	93.198785231	94.0507219351				75.0	93.0	94.0	DLR00012709	DLR00012709-2009-07-01_11-32-39
17	4	2526	693	135	-0.000793654996579	5.32793435985e-05	2.89750172631e-06	0.000213267489808	0.0	-4.71073899723e-06	0.349065850399	0.000319676061591	95.0	107.0	107.0	75.9339300938	93.193041347	94.2385443308	95.0	107.0	107.0	76.0	93.0	94.0	DLR00012709	DLR00012709-2009-07-01_11-32-39
18	4	2659	685	135	0.00259807170962	0.000959028184773	6.3288324426e-05	0.000259100300127	7.29111115726e-05	6.9013217306e-06	0.334607501566	0.00138526293356	96.1666666667	109.333333333	107.166666667	76.3959788811	93.462482001	94.6860967415	96.5	109.0	106.5	76.0	93.0	95.0	DLR00012709	DLR00012709-2009-07-01_11-32-39
19	4	2788	687	135	-2.24448085081e-05	0.0	0.0		0.0	-2.25958150427e-06	0.0	0.0				74.7338163994	92.406574671	94.4690180617				75.0	92.0	94.0	DLR00012709	DLR00012709-2009-07-01_11-32-39
20	4	2934	688	135	-0.00015184834506	0.000106558687197	8.8277061516e-06	0.000324876895607	3.4658732395e-05	-1.85917939488e-06	0.5129130863	0.000372955405189	97.5	113.5	112.5	74.046944104	91.4495657271	94.2516651569	97.5	113.5	112.5	74.0	91.0	94.0	DLR00012709	DLR00012709-2009-07-01_11-32-39
21	4	3064	687	135	0.000801378326099	0.00255740849273	0.000202078926786	0.000310211939649	0.000294250748451	7.90514948276e-07	0.0834859224207	0.00452874420587	98.5416666667	108.75	106.979166667	73.3462956039	90.2803803216	93.6451578441	99.0	108.5	107.0	73.0	90.0	94.0	DLR00012709	DLR00012709-2009-07-01_11-32-39
22	4	3207	687	135	0.000550374050366	0.000213117374394	1.6378789266e-05	0.000274356297399	0.00032652269384	4.23055493671e-07	0.113980685845	0.00111886621557	90.25	106.75	107.25	71.8122568612	87.9177724487	91.7178790301	89.0	105.0	105.5	72.0	88.0	92.0	DLR00012709	DLR00012709-2009-07-01_11-32-39
23	4	3339	687	135	0.000568536602797	0.000159838030795	1.24359098015e-05	0.000258501203938	0.000431754936193	-1.15431400946e-06	0.589048622548	0.000426234748788	90.3333333333	107.0	107.666666667	70.1908238303	85.5654374933	89.1792603645	88.0	104.0	105.0	70.0	85.0	89.0	DLR00012709	DLR00012709-2009-07-01_11-32-39
24	4	3482	684	135	-0.000627715312634	0.000799190153977	9.27273327832e-05	0.000381903271053	0.0041536895699	-3.95542009778e-06	0.1121329918	0.00218445308754	97.4666666667	110.133333333	111.466666667	70.8811986776	85.0185027194	87.4206569265	94.0	105.0	107.0	70.0	85.0	87.0	DLR00012709	DLR00012709-2009-07-01_11-32-39
1	5	336	824	135	0.000102924088193	0.000266396717992	1.80746276295e-05	0.000270708384563	6.34255278696e-05	-4.79782644348e-07	0.193925472444	0.000959028184773	94.2	106.0	107.4	75.1511937753	89.0914517161	91.6616393093	95.0	107.0	108.0	75.0	89.0	92.0	DLR00012709	DLR00012709-2009-07-01_11-32-39
2	5	477	824	135	0.000358751539502	0.000426234748788	2.7481218427e-05	0.000239679018807	9.7553107335e-05	-4.88833855658e-07	0.392699081699	0.000852469497576	93.5	107.25	105.5	76.6625979425	91.690155109	94.2277597143	93.0	107.0	105.5	77.0	92.0	94.0	DLR00012709	DLR00012709-2009-07-01_11-32-39
3	5	603	818	135	0.000777935462239	0.0	0.0		0.0	7.66823512354e-07	0.0	0.000106558687197				77.771751292	93.6529916351	96.1178006287				78.0	94.0	96.0	DLR00012709	DLR00012709-2009-07-01_11-32-39
4	5	746	824	135	0.000498712916931	0.0	0.0		0.0	1.21838025623e-06	0.0	0.0				78.2289413394	95.1268581171	97.4695508551				78.0	95.0	97.0	DLR00012709	DLR00012709-2009-07-01_11-32-39
5	5	883	824	135	0.000790646732809	0.000159838030795	9.23846210001e-06	0.000226696879609	3.3928935346e-10	2.19711394864e-06	1.0471975512	0.000319676061591	97.0	111.0	111.0	78.5150271768	95.9110092721	97.6938079505	97.0	111.0	111.0	78.0	96.0	98.0	DLR00012709	DLR00012709-2009-07-01_11-32-39
6	5	1020	814	135	0.000306597888201	0.0	0.0		0.0	1.77214136008e-06	0.0	0.0				78.1964409398	95.927433534	97.0433693857				78.0	96.0	97.0	DLR00012709	DLR00012709-2009-07-01_11-32-39
7	5	1150	824	135	0.000453114356226	0.000213117374394	1.36619537491e-05	0.000251623955721	7.03517542913e-05	9.95704073495e-07	0.25645654315	0.000745910810379	96.0	113.0	113.0	78.1502264855	95.9184652278	96.4342126299	97.0	112.0	113.0	78.0	96.0	96.0	DLR00012709	DLR00012709-2009-07-01_11-32-39
8	5	1294	816	135	-6.73230527893e-05	0.0	0.0		0.0	-2.13802110139e-06	0.0	0.0				78.0937183654	95.4907027545	95.8033992221				78.0	95.0	96.0	DLR00012709	DLR00012709-2009-07-01_11-32-39
9	5	1431	821	135	0.0002598817598	0.0	0.0		0.0	-7.1957933077e-07	0.0	5.32793435985e-05				78.0108157068	95.2962331504	95.3052373595				78.0	95.0	95.0	DLR00012709	DLR00012709-2009-07-01_11-32-39
10	5	1565	814	135	8.50081921775e-05	0.0	0.0		0.0	-3.09399952402e-07	0.0	5.32793435985e-05				77.5396664713	94.5367361074	94.5346049337				78.0	94.0	94.0	DLR00012709	DLR00012709-2009-07-01_11-32-39
11	5	1704	818	135	0.00100292251095	0.0	0.0		0.0	3.16531710298e-06	0.0	0.0				76.9825776546	94.010229634	94.0951036283				77.0	94.0	94.0	DLR00012709	DLR00012709-2009-07-01_11-32-39
12	5	1839	833	135	-0.000354508661671	0.0	0.0		0.0	-1.17588717411e-06	0.0	0.0				76.7749480526	93.7497469231	93.9241302147				77.0	94.0	94.0	DLR00012709	DLR00012709-2009-07-01_11-32-39
13	5	1981	818	135	0.000157692741183	0.000213117374394	1.44267848995e-05	0.000250509629322	0.000137867885799	-4.68343011355e-07	0.297428890281	0.00069263146678	96.0	112.0	111.0	76.6853717026	93.9885424993	94.3907807088	95.0	111.0	110.0	76.0	94.0	94.0	DLR00012709	DLR00012709-2009-07-01_11-32-39
14	5	2112	824	135	-0.000605573800124	0.000532793435985	4.61107460116e-05	0.000252212692679	0.00093077307802	-2.96245433968e-06	0.115393669553	0.00175821833875	102.1	117.8	113.9	76.4336585106	93.6636281252	94.1469694547	97.0	112.0	109.5	76.0	94.0	94.0	DLR00012709	DLR00012709-2009-07-01_11-32-39
15	5	2245	821	135	-7.1734722322e-05	0.00159838030795	0.000128955452104	0.000302694620927	0.000422546874202	-3.45339355776e-06	0.178162154268	0.00245084980553	100.533333333	114.2	109.966666667	76.2948930039	93.5356742622	94.0810608891	100.5	113.0	110.0	76.0	93.0	94.0	DLR00012709	DLR00012709-2009-07-01_11-32-39
16	5	2385	830	135	-0.00141758555986	0.000106558687197	6.91783309961e-06	0.000254589822444	9.20764068571e-05	-6.60979297072e-06	0.31028075591	0.000479514092386	95.5	109.5	109.5	75.7970906378	92.9797516918	93.6372355731	95.5	109.5	109.5	76.0	93.0	93.0	DLR00012709	DLR00012709-2009-07-01_11-32-39
17	5	2526	827	135	-0.000471273405734	0.0	0.0		0.0	-2.98442266528e-06	0.0	0.000213117374394				75.5562896265	92.8877937024	94.0168362726				75.0	93.0	94.0	DLR00012709	DLR00012709-2009-07-01_11-32-39
18	5	2659	823	135	-0.000385407084571	0.000213117374394	1.65227434571e-05	0.000296302882462	0.000231422031693	-3.05027059347e-06	0.155140377955	0.000959028184773	97.0	113.0	113.0	74.8833999467	92.5090327738	94.2306954436	96.5	112.5	112.5	75.0	92.0	94.0	DLR00012709	DLR00012709-2009-07-01_11-32-39
19	5	2795	824	135	0.000833785776881	5.32793435985e-05	3.19467287088e-06	0.000235140451426	0.0	1.26771101315e-07	0.25645654315	0.000372955405189	92.0	108.0	107.0	74.7097719523	92.4091538789	94.8226236147	92.0	108.0	107.0	74.0	92.0	95.0	DLR00012709	DLR00012709-2009-07-01_11-32-39
20	5	2935	822	135	0.000615226397027	5.32793435985e-05	2.90444327448e-06	0.000213778414975	0.0	5.88138514736e-07	1.3962634016	0.000159838030795	91.0	105.0	106.0	73.8899190111	91.6435421995	94.4110720375	91.0	105.0	106.0	74.0	92.0	94.0	DLR00012709	DLR00012709-2009-07-01_11-32-39
21	5	3071	824	135	0.000595839022434	0.000959028184773	6.46438057239e-05	0.000247084419067	0.00015512364833	3.67778015399e-07	0.16522620238	0.00197133571314	92.8333333333	106.055555556	107.0	72.9011252733	90.2377473201	93.7633192896	91.5	105.0	106.5	73.0	90.0	94.0	DLR00012709	DLR00012709-2009-07-01_11-32-39
22	5	3205	820	135	4.03741430339e-05	0.000799190153977	9.50790856287e-05	0.000417301061535	0.00339121688172	-1.33551364679e-06	0.123928704284	0.00207789440034	103.4	117.133333333	118.333333333	71.3965554015	88.0867015037	91.9129785646	100.0	113.0	115.0	71.0	88.0	92.0	DLR00012709	DLR00012709-2009-07-01_11-32-39
23	5	3339	824	135	9.80195825055e-05	0.000372955405189	3.54279065405e-05	0.000394676719999	0.000808056340287	-1.38416689997e-06	0.166284677317	0.00122542490277	96.5714285714	110.571428571	111.571428571	70.039654621	86.1015883168	89.7149557616	98.0	112.0	113.0	70.0	86.0	90.0	DLR00012709	DLR00012709-2009-07-01_11-32-39
24	5	3482	824	135	-0.000919436927329	0.0	0.0		0.0	-5.51169768057e-06	0.0	0.0				70.6739304172	85.4228781501	88.0002663967				70.0	85.0	88.0	DLR00012709	DLR00012709-2009-07-01_11-32-39
1	6	339	961	135	0.000678140168164	0.0	0.0		0.0	1.26461524831e-06	0.0	0.0				75.1046406308	89.4398209814	92.2579785817				75.0	89.0	92.0	DLR00012709	DLR00012709-2009-07-01_11-32-39
2	6	477	958	135	0.000134698337841	0.000532793435985	3.78833974453e-05	0.000289826296817	0.00012335599024	-1.38831038183e-06	0.0969627362219	0.00191805636955	95.6	109.8	109.9	76.5099952023	91.9091102937	94.5054107362	96.0	110.0	110.0	77.0	92.0	94.0	DLR00012709	DLR00012709-2009-07-01_11-32-39
3	6	612	960	135	4.8426344898e-05	0.000159838030795	1.12536519037e-05	0.000266718073872	9.30428110649e-05	-1.90585716408e-06	0.223071667711	0.00069263146678	96.6666666667	112.666666667	112.333333333	77.5803048066	93.6892784824	96.1990834488	96.0	112.0	112.0	78.0	94.0	96.0	DLR00012709	DLR00012709-2009-07-01_11-32-39
4	6	738	955	135	0.000200335391895	0.000319676061591	1.85681504456e-05	0.000225042466385	1.67653823295e-05	-1.28123811765e-07	0.208859345391	0.00101230752837	95.8333333333	110.5	111.166666667	78.1867505196	95.1349464371	97.4766295369	95.5	110.5	111.0	78.0	95.0	97.0	DLR00012709	DLR00012709-2009-07-01_11-32-39
5	6	882	960	135	0.000597504682145	0.0	0.0		0.0	2.38490672233e-06	0.0	0.0				78.133358197	95.9323352336	97.728168789				78.0	96.0	98.0	DLR00012709	DLR00012709-2009-07-01_11-32-39
6	6	1020	951	135	9.54175202819e-05	0.000372955405189	2.31090213679e-05	0.00024748980056	2.62867905109e-05	8.9056624893e-07	0.271495661421	0.000959028184773	97.5714285714	111.0	111.428571429	77.9437160217	95.7118644068	97.0611342074	98.0	111.0	112.0	78.0	96.0	97.0	DLR00012709	DLR00012709-2009-07-01_11-32-39
7	6	1158	960	135	0.000337899039594	0.000106558687197	6.41759444745e-06	0.000236180059185	5.67112140467e-05	2.11700816419e-07	0.31028075591	0.000479514092386	94.0	112.0	112.0	77.9763414504	95.6554057654	96.3952150051	94.0	112.0	112.0	78.0	96.0	96.0	DLR00012709	DLR00012709-2009-07-01_11-32-39
8	6	1294	963	135	-2.13260423251e-05	0.000106558687197	6.11430108104e-06	0.000225018268608	3.52748018842e-06	-1.40232485078e-06	0.5129130863	0.000372955405189	94.5	110.5	109.5	77.7572867267	95.2705280546	95.5601854319	94.5	110.5	109.5	78.0	95.0	95.0	DLR00012709	DLR00012709-2009-07-01_11-32-39
9	6	1424	956	135	8.52617033086e-05	0.0	0.0		0.0	-3.48383614507e-07	0.0	0.0				77.906334914	95.0695295434	95.2216420694				78.0	95.0	95.0	DLR00012709	DLR00012709-2009-07-01_11-32-39
10	6	1565	954	135	6.26353635345e-06	0.0	0.0		0.0	-6.90756793334e-07	0.0	0.0				77.4755181416	94.3689061751	94.339123022				77.0	94.0	94.0	DLR00012709	DLR00012709-2009-07-01_11-32-39
11	6	1711	958	135	0.00120540114606	5.32793435985e-05	2.96833491707e-06	0.000218481090425	0.0	3.94057458154e-06	1.3962634016	0.000159838030795	92.0	108.0	108.0	77.2779198636	93.9830029838	93.8431905371	92.0	108.0	108.0	77.0	94.0	94.0	DLR00012709	DLR00012709-2009-07-01_11-32-39
12	6	1839	953	135	7.80171777432e-05	0.000745910810379	5.51756806338e-05	0.000303268982684	0.000216573770925	3.38070409617e-09	0.241329476819	0.00143854227716	100.785714286	112.357142857	106.428571429	77.126686217	93.9088776326	93.8543321781	101.5	113.5	107.5	77.0	94.0	94.0	DLR00012709	DLR00012709-2009-07-01_11-32-39
13	6	1975	967	135	-6.94475595257e-05	0.000479514092386	4.27817268631e-05	0.00038506611631	0.000580539890426	-1.19492669326e-06	0.117687133745	0.00165165965155	103.333333333	116.111111111	114.0	76.901652452	93.6431769723	93.83891258	106.0	118.0	115.0	77.0	94.0	94.0	DLR00012709	DLR00012709-2009-07-01_11-32-39
14	6	2106	960	135	-0.000781219555995	0.0	0.0		0.0	-4.50053469722e-06	0.0	0.0				76.5071127924	93.4211199318	93.6343438649				77.0	93.0	93.0	DLR00012709	DLR00012709-2009-07-01_11-32-39
15	6	2242	959	135	-0.000362402766383	5.32793435985e-05	3.19221821001e-06	0.00023495977876	0.0	-3.11934464646e-06	0.502654824574	0.000266396717992	93.0	109.0	108.0	76.2518648764	93.1938938619	93.6131180733	93.0	109.0	108.0	76.0	93.0	93.0	DLR00012709	DLR00012709-2009-07-01_11-32-39
16	6	2380	960	135	-0.000739389375909	0.000213117374394	1.30639280019e-05	0.000230467076473	8.32768014952e-05	-3.31872601372e-06	0.297428890281	0.00069263146678	92.0	109.75	108.25	75.7000799361	92.8214228617	93.4700239808	90.5	109.5	107.5	76.0	93.0	93.0	DLR00012709	DLR00012709-2009-07-01_11-32-39
17	6	2526	960	135	-0.000417235592305	0.000426234748788	2.76868866489e-05	0.000238582597409	7.96482760699e-05	-2.66950305318e-06	0.347858010086	0.000905748841174	95.125	108.5	107.375	75.2952934279	92.5506636107	93.5213474761	94.0	107.5	107.5	75.0	92.0	93.0	DLR00012709	DLR00012709-2009-07-01_11-32-39
18	6	2659	963	135	-0.000248006968416	5.32793435985e-05	2.8062997661e-06	0.000206554667882	0.0	-2.36246377695e-06	12.5663706144	5.32793435985e-05	90.0	106.0	105.0	74.6114663257	92.3096227621	93.8236359761	90.0	106.0	105.0	74.0	92.0	94.0	DLR00012709	DLR00012709-2009-07-01_11-32-39
19	6	2799	966	135	0.000777264309659	5.32793435985e-05	2.87442030758e-06	0.000211568606874	0.0	1.34567706181e-06	0.0	0.0	91.0	105.0	105.0	74.1377877238	92.148657289	94.5956415175	91.0	105.0	105.0	74.0	92.0	95.0	DLR00012709	DLR00012709-2009-07-01_11-32-39
20	6	2934	959	135	0.000513650636483	0.00314348127231	0.00022930313232	0.000277427103445	0.00016144569979	-4.6259612744e-07	0.121863225879	0.00415578880068	93.6949152542	109.033898305	107.983050847	73.4197220738	91.4752004276	94.2846606093	93.0	108.0	108.0	73.0	91.0	94.0	DLR00012709	DLR00012709-2009-07-01_11-32-39
21	6	3065	960	135	0.000650678515891	0.0	0.0		0.0	1.01815600263e-06	0.0	0.0				72.7214023123	90.4456284299	93.7061644201				73.0	90.0	94.0	DLR00012709	DLR00012709-2009-07-01_11-32-39
22	6	3205	954	135	0.000340708038205	0.0	0.0		0.0	-1.11772934976e-06	0.0	0.0				71.4133411476	88.4759443764	92.3782833395				71.0	88.0	92.0	DLR00012709	DLR00012709-2009-07-01_11-32-39
23	6	3342	960	135	0.000668700397877	0.000159838030795	9.69130200225e-06	0.000224619449939	5.17673120083e-05	-5.42009795963e-08	0.223071667711	0.00069263146678	86.0	102.0	104.0	70.2514654162	86.7116060961	90.0262709155	85.0	102.0	103.0	70.0	87.0	90.0	DLR00012709	DLR00012709-2009-07-01_11-32-39
24	6	3472	958	135	-0.00088264344301	0.000266396717992	1.91686139363e-05	0.000284387529078	2.91895138102e-05	-5.36840767045e-06	0.0929465282127	0.00138526293356	89.2	102.6	103.8	69.8463547218	85.5454593903	88.1662758474	90.0	103.0	104.0	70.0	85.0	88.0	DLR00012709	DLR00012709-2009-07-01_11-32-39
1	7	342	1099	135	0.000892968286967	0.0	0.0		0.0	1.99701157405e-06	0.0	0.0				75.2958069157	90.0415046087	92.9560978209				75.0	90.0	93.0	DLR00012709	DLR00012709-2009-07-01_11-32-39
2	7	477	1099	135	0.00081655598627	0.0	0.0		0.0	1.86020508657e-06	0.0	0.0				76.608929618	92.3504715222	94.951622356				77.0	92.0	95.0	DLR00012709	DLR00012709-2009-07-01_11-32-39
3	7	619	1099	135	0.00147345116904	5.32793435985e-05	2.86559453302e-06	0.000210918995256	0.0	4.49230910217e-06	0.0	0.0	92.0	108.0	108.0	77.6430093777	94.3174019608	96.8466538789	92.0	108.0	108.0	78.0	94.0	97.0	DLR00012709	DLR00012709-2009-07-01_11-32-39
4	7	746	1102	135	0.000695632039664	0.0	0.0		0.0	1.9466069362e-06	0.0	0.0				77.8588630188	95.2643188236	97.5473386968				78.0	95.0	98.0	DLR00012709	DLR00012709-2009-07-01_11-32-39
5	7	883	1090	135	0.000980148959762	0.0	0.0		0.0	3.71696964725e-06	0.0	0.0				78.0496563482	95.9283925622	97.5013053439				78.0	96.0	98.0	DLR00012709	DLR00012709-2009-07-01_11-32-39
6	7	1012	1091	135	0.00051681763708	0.0	0.0		0.0	2.26571431277e-06	0.0	0.0				77.8853428526	95.8583835047	96.9343598487				78.0	96.0	97.0	DLR00012709	DLR00012709-2009-07-01_11-32-39
7	7	1153	1105	135	0.00104626711766	0.0	0.0		0.0	1.91534756262e-06	0.0	0.000106558687197				77.90990463	95.5680110821	96.3145612446				78.0	95.0	96.0	DLR00012709	DLR00012709-2009-07-01_11-32-39
8	7	1294	1097	135	0.000536439499793	0.000213117374394	1.78879819483e-05	0.00033650367232	7.40882358371e-05	7.06716858353e-07	0.173929005043	0.000905748841174	101.0	117.75	116.5	77.7607780442	95.1466027178	95.4917665867	101.5	118.0	117.0	78.0	95.0	95.0	DLR00012709	DLR00012709-2009-07-01_11-32-39
9	7	1431	1094	135	0.000922589670498	0.000479514092386	3.57552232044e-05	0.000276340908534	0.000338891834126	2.48522418299e-06	0.117687133745	0.00165165965155	100.0	114.222222222	114.111111111	77.8319296375	94.8804371002	94.8320895522	99.0	113.0	113.0	78.0	95.0	95.0	DLR00012709	DLR00012709-2009-07-01_11-32-39
10	7	1565	1098	135	0.000232509506411	5.32793435985e-05	3.95313004106e-06	0.000290965873493	0.0	4.81829217996e-07	0.155140377955	0.000479514092386	99.0	113.0	113.0	77.2448316283	94.1018755328	93.9856138107	99.0	113.0	113.0	77.0	94.0	94.0	DLR00012709	DLR00012709-2009-07-01_11-32-39
11	7	1708	1104	135	0.000631272858003	0.0	0.0		0.0	1.83329381307e-06	0.0	0.0				77.4746656721	93.9932335234	93.6963610208				78.0	94.0	94.0	DLR00012709	DLR00012709-2009-07-01_11-32-39
12	7	1839	1099	135	-1.47199752394e-05	0.000319676061591	3.33853383368e-05	0.000339967819754	0.00102208289854	1.53955680588e-07	0.142529723414	0.00122542490277	108.666666667	120.666666667	120.666666667	77.3069871556	93.7269093429	93.4338325428	104.0	116.0	116.0	77.0	94.0	93.0	DLR00012709	DLR00012709-2009-07-01_11-32-39
13	7	1976	1101	135	0.000319946457267	0.000213117374394	1.77150609712e-05	0.000306639997579	0.00020918254955	-1.02796000649e-06	0.125663706144	0.00106558687197	100.0	115.0	112.75	77.1090327738	93.4469491074	93.3194244604	98.5	114.0	112.0	77.0	93.0	93.0	DLR00012709	DLR00012709-2009-07-01_11-32-39
14	7	2114	1099	135	-0.000459776543337	0.000159838030795	9.19709478321e-06	0.000219136594985	1.11177119145e-05	-2.1780599191e-06	0.261799387799	0.000639352123182	93.6666666667	108.0	107.0	76.5098582543	92.8345411915	93.045614409	93.0	108.0	107.0	77.0	93.0	93.0	DLR00012709	DLR00012709-2009-07-01_11-32-39
15	7	2252	1101	135	0.000349577678488	0.0	0.0		0.0	1.03461335679e-06	0.0	0.0				76.0977675955	92.8116575204	93.1733177047				76.0	93.0	93.0	DLR00012709	DLR00012709-2009-07-01_11-32-39
16	7	2382	1093	135	-0.000387025598048	0.000159838030795	9.07843242219e-06	0.000207833010739	2.99811217077e-05	-2.23640596356e-06	0.465421133865	0.000479514092386	90.0	109.0	107.0	75.635724182	92.4679207077	93.0533944367	89.0	108.0	106.0	76.0	92.0	93.0	DLR00012709	DLR00012709-2009-07-01_11-32-39
17	7	2526	1099	135	0.000901166631902	0.000106558687197	6.62910147712e-06	0.000243963932596	1.06806832162e-07	1.42439285536e-06	0.392699081699	0.000426234748788	92.5	107.5	107.5	75.444556935	92.5167048543	93.3790696435	92.5	107.5	107.5	75.0	92.0	93.0	DLR00012709	DLR00012709-2009-07-01_11-32-39
18	7	2659	1096	135	0.00192108348439	0.00372955405189	0.000225547514047	0.000229370901098	6.9952031649e-05	3.5554990147e-06	0.152293272681	0.00404923011349	91.6714285714	107.385714286	105.442857143	74.7145836676	92.3933900209	93.6988074229	91.0	107.0	105.0	74.0	92.0	94.0	DLR00012709	DLR00012709-2009-07-01_11-32-39
19	7	2793	1095	135	0.00115899852968	0.0	0.0		0.0	3.90298881564e-06	0.0	0.0				73.7939687783	91.8626458522	93.991315467				74.0	92.0	94.0	DLR00012709	DLR00012709-2009-07-01_11-32-39
20	7	2940	1099	135	8.11988764138e-05	0.0	0.0		0.0	-7.55640438219e-07	0.0	0.0				73.0525867121	90.9838030795	93.8283872343				73.0	91.0	94.0	DLR00012709	DLR00012709-2009-07-01_11-32-39
21	7	3067	1099	135	0.000730891100585	0.000479514092386	3.43342379034e-05	0.000270539480275	0.000176856309006	1.33254838699e-06	0.213794585121	0.00122542490277	93.6666666667	109.666666667	108.777777778	72.4998400853	90.2950426439	93.5897654584	93.0	109.0	108.0	72.0	90.0	94.0	DLR00012709	DLR00012709-2009-07-01_11-32-39
22	7	3205	1092	135	0.000647946380474	5.32793435985e-05	3.67829104958e-06	0.00027073664592	0.0	4.4036802724e-07	1.3962634016	0.000159838030795	90.0	104.0	104.0	71.2824488491	88.6690643649	92.3108482523	90.0	104.0	104.0	71.0	89.0	92.0	DLR00012709	DLR00012709-2009-07-01_11-32-39
23	7	3335	1092	135	0.000754823410751	0.000106558687197	5.87144310747e-06	0.000216080618988	1.66381439766e-06	5.73950392012e-07	0.0	0.0	85.5	100.0	98.5	70.1236212501	86.9306229019	90.1862311504	85.5	100.0	98.5	70.0	87.0	90.0	DLR00012709	DLR00012709-2009-07-01_11-32-39
24	7	3479	1099	135	-0.000704587540991	0.000213117374394	1.18946529348e-05	0.000216589533419	2.83471601403e-06	-4.33653980655e-06	12.5663706144	0.000106558687197	88.25	100.25	96.75	70.0517452705	85.7928057554	88.2423128164	88.0	100.0	96.5	70.0	85.0	88.0	DLR00012709	DLR00012709-2009-07-01_11-32-39
1	8	344	1240	135	0.00106331094392	0.0	0.0		0.0	2.36531338721e-06	0.0	0.0				75.4797272098	90.7383451436	93.4922478555				76.0	91.0	93.0	DLR00012709	DLR00012709-2009-07-01_11-32-39
2	8	479	1235	135	0.000259964115527	0.0	0.0		0.0	4.7210304099e-07	0.0	0.0				76.3399754915	92.6975331664	95.228408546				76.0	93.0	95.0	DLR00012709	DLR00012709-2009-07-01_11-32-39
3	8	614	1223	135	0.000911226084465	0.000159838030795	1.0798898083e-05	0.000268467829722	0.000109511056464	2.43008294704e-06	0.223071667711	0.00069263146678	97.3333333333	111.666666667	113.333333333	77.2447511457	94.2703826068	96.7559415965	98.0	111.0	115.0	77.0	94.0	97.0	DLR00012709	DLR00012709-2009-07-01_11-32-39
4	8	746	1236	135	0.000574209430906	0.0	0.0		0.0	1.05677745059e-06	0.0	0.0				77.543502584	95.2014491981	97.4317225212				77.0	95.0	97.0	DLR00012709	DLR00012709-2009-07-01_11-32-39
5	8	890	1232	135	0.0014234398802	0.0	0.0		0.0	5.59135945131e-06	0.0	0.0				77.9713357131	95.8235920933	97.3443443977				78.0	96.0	97.0	DLR00012709	DLR00012709-2009-07-01_11-32-39
6	8	1020	1238	135	0.00113896916071	0.0	0.0		0.0	3.02261422889e-06	0.0	0.0				77.5632159412	95.5339655815	96.8067025414				77.0	95.0	97.0	DLR00012709	DLR00012709-2009-07-01_11-32-39
7	8	1150	1232	135	0.00151249352226	0.000266396717992	2.40077965765e-05	0.000391973312072	0.000473203365262	4.26412545989e-06	0.217411256304	0.000905748841174	103.4	119.4	118.4	77.8690577702	95.3959177148	96.0824984012	106.0	122.0	121.0	78.0	95.0	96.0	DLR00012709	DLR00012709-2009-07-01_11-32-39
8	8	1294	1225	135	0.00111109583448	0.0	0.0		0.0	4.22406618648e-06	0.0	0.0				77.6847461239	94.8949864138	95.155522404				78.0	95.0	95.0	DLR00012709	DLR00012709-2009-07-01_11-32-39
9	8	1426	1234	135	0.00102947424555	0.0	0.0		0.0	3.3781215401e-06	0.0	0.0				77.4759443764	94.4111566945	94.5636954553				77.0	94.0	94.0	DLR00012709	DLR00012709-2009-07-01_11-32-39
10	8	1567	1232	135	0.000197034489177	0.0	0.0		0.0	1.48329877006e-06	0.0	0.0				77.0219510896	93.7515051415	93.64366775				77.0	94.0	94.0	DLR00012709	DLR00012709-2009-07-01_11-32-39
11	8	1703	1232	135	0.000596368455645	0.00293036389792	0.000242397955839	0.0003041610525	0.000565009867501	1.82276854685e-06	0.0592550054689	0.00575416910864	105.0	117.472727273	111.6	77.4190980015	93.8997007588	93.6022229347	104.0	116.0	110.0	78.0	94.0	94.0	DLR00012709	DLR00012709-2009-07-01_11-32-39
12	8	1845	1225	135	0.000172895973103	0.000745910810379	4.77516937478e-05	0.000250855439321	4.51478017376e-05	6.60339140864e-07	0.305432619099	0.00127870424636	100.0	112.571428571	107.357142857	77.5009864036	93.7074913356	93.4107171421	100.0	113.0	107.0	78.0	94.0	93.0	DLR00012709	DLR00012709-2009-07-01_11-32-39
13	8	1971	1232	135	0.000468037231334	5.32793435985e-05	3.08323482007e-06	0.000226938173874	0.0	2.78219481278e-07	1.3962634016	0.000159838030795	95.0	107.0	107.0	77.1253196931	93.2536231884	93.0717710997	95.0	107.0	107.0	77.0	93.0	93.0	DLR00012709	DLR00012709-2009-07-01_11-32-39
14	8	2115	1232	135	0.000265348001288	0.000106558687197	6.40685667775e-06	0.000235784888205	1.51288947203e-05	8.98106647568e-07	1.57079632679	0.000213117374394	94.0	108.0	108.0	76.548036447	92.721106197	92.6474662972	94.0	108.0	108.0	77.0	93.0	93.0	DLR00012709	DLR00012709-2009-07-01_11-32-39
15	8	2250	1232	135	0.00116150187951	0.0	0.0		0.0	4.49589789042e-06	0.0	0.0				76.1382598966	92.6617294475	92.7259310565				76.0	93.0	93.0	DLR00012709	DLR00012709-2009-07-01_11-32-39
16	8	2385	1232	135	0.000882341573644	0.000959028184773	0.00011424677907	0.000470090242166	0.00272095267126	1.47677964242e-06	0.0942085260552	0.00261068783633	109.055555556	122.444444444	121.388888889	75.6779905072	92.3508612874	92.890299184	109.5	122.5	121.5	76.0	92.0	93.0	DLR00012709	DLR00012709-2009-07-01_11-32-39
17	8	2520	1232	135	0.00126844425122	0.0	0.0		0.0	3.09426702233e-06	0.0	0.0				75.2487079759	92.1902072566	93.0551441206				75.0	92.0	93.0	DLR00012709	DLR00012709-2009-07-01_11-32-39
18	8	2659	1231	135	0.000924137290875	5.32793435985e-05	2.95929257204e-06	0.000217815538371	0.0	3.21287739315e-06	3.14159265359	0.000106558687197	91.0	105.0	105.0	74.3042412617	91.7408887468	93.2990196078	91.0	105.0	105.0	74.0	92.0	93.0	DLR00012709	DLR00012709-2009-07-01_11-32-39
19	8	2789	1236	135	0.000723319076633	0.0	0.0		0.0	7.93840948202e-07	0.0	0.0				73.4395013053	91.3331024562	93.6640737386				73.0	91.0	94.0	DLR00012709	DLR00012709-2009-07-01_11-32-39
20	8	2934	1232	135	6.55748442899e-05	0.000266396717992	2.06311741218e-05	0.000270136656307	0.000600246394342	2.23943546275e-07	0.245436926062	0.000852469497576	94.6	109.8	109.8	72.8217863995	90.8441696866	93.5742379024	92.0	108.0	107.0	73.0	91.0	94.0	DLR00012709	DLR00012709-2009-07-01_11-32-39
21	8	3064	1232	135	0.000590461673652	0.000266396717992	1.62142473718e-05	0.000253618519567	4.45391031259e-05	5.20227421064e-07	0.193925472444	0.000959028184773	88.6	105.8	105.8	72.4605627798	90.2026753357	93.2599658921	89.0	106.0	106.0	72.0	90.0	93.0	DLR00012709	DLR00012709-2009-07-01_11-32-39
22	8	3205	1223	135	0.00111675100335	5.32793435985e-05	3.67829104958e-06	0.00027073664592	0.0	2.36114581969e-06	0.502654824574	0.000266396717992	90.0	104.0	104.0	71.2401427962	88.6947463768	92.0104433078	90.0	104.0	104.0	71.0	89.0	92.0	DLR00012709	DLR00012709-2009-07-01_11-32-39
23	8	3337	1232	135	0.00157755403661	0.000106558687197	6.40174011727e-06	0.000235596588747	6.89692562172e-09	4.16675991016e-06	0.698131700798	0.000319676061591	85.5	100.0	104.0	70.372888581	87.0510470507	89.9669632866	85.5	100.0	104.0	70.0	87.0	90.0	DLR00012709	DLR00012709-2009-07-01_11-32-39
24	8	3476	1232	135	2.55557135942e-05	0.00287708455432	0.000246430143861	0.000326103301288	0.000573673767214	-2.10261828031e-06	0.165669925092	0.0034098779903	93.2777777778	104.518518519	101.62962963	70.0260219076	85.5962062517	88.1267966871	92.5	104.0	101.0	70.0	85.0	88.0	DLR00012709	DLR00012709-2009-07-01_11-32-39
1	9	346	1372	135	0.000880699793351	0.0	0.0		0.0	1.7681174362e-06	0.0	0.0				75.5962491342	91.3037455379	93.7302466834				76.0	91.0	94.0	DLR00012709	DLR00012709-2009-07-01_11-32-39
2	9	477	1372	135	0.000817491544736	0.000426234748788	3.52638255971e-05	0.000324696595727	0.000451333487789	1.98571494751e-06	0.14871444514	0.00138526293356	99.75	114.375	113.75	76.3737540643	93.0692926816	95.1152923618	99.5	114.5	114.0	76.0	93.0	95.0	DLR00012709	DLR00012709-2009-07-01_11-32-39
3	9	609	1369	135	0.00113246897209	0.000213117374394	1.83703857098e-05	0.000328129822028	0.000367140474221	2.54581904838e-06	0.139239563594	0.00101230752837	100.25	116.0	115.0	76.9129762856	94.2228617106	96.2816413536	99.0	116.0	115.5	77.0	94.0	96.0	DLR00012709	DLR00012709-2009-07-01_11-32-39
4	9	747	1372	135	0.000742879068398	0.000372955405189	2.44261554025e-05	0.00024777937912	5.87117026498e-05	1.45319397325e-06	0.120664738409	0.00143854227716	97.0	112.428571429	112.285714286	77.6425221192	95.2548235796	97.0964715915	97.0	112.0	112.0	77.0	95.0	97.0	DLR00012709	DLR00012709-2009-07-01_11-32-39
5	9	883	1372	135	0.00172441433167	0.000106558687197	7.17940726217e-06	0.000264216264517	0.000174070299635	6.81344351344e-06	0.392699081699	0.000426234748788	97.5	113.5	113.5	77.8693984121	95.8569297171	97.2435658336	97.5	113.5	113.5	78.0	96.0	97.0	DLR00012709	DLR00012709-2009-07-01_11-32-39
6	9	1020	1369	135	0.00140383824423	5.32793435985e-05	4.01919764087e-06	0.000295828707927	0.0	3.47851626305e-06	0.196349540849	0.000426234748788	99.0	115.0	115.0	77.5358589088	95.4528985507	96.582374254	99.0	115.0	115.0	77.0	95.0	97.0	DLR00012709	DLR00012709-2009-07-01_11-32-39
7	9	1150	1372	135	0.00198908729771	0.0	0.0		0.0	6.48562849173e-06	0.0	0.0				77.5771218499	95.1712930897	95.8701582397				77.0	95.0	96.0	DLR00012709	DLR00012709-2009-07-01_11-32-39
8	9	1301	1372	135	0.00146341945922	0.000266396717992	1.72696909397e-05	0.000255124844256	9.15131875461e-05	4.6956843987e-06	0.217411256304	0.000905748841174	95.2	110.8	110.0	77.3566936687	94.6827435515	95.0474845449	95.0	111.0	110.0	77.0	95.0	95.0	DLR00012709	DLR00012709-2009-07-01_11-32-39
9	9	1422	1368	135	0.000969398134301	0.0	0.0		0.0	2.94198123426e-06	0.0	0.0				77.0221109276	94.0443816932	94.1739570568				77.0	94.0	94.0	DLR00012709	DLR00012709-2009-07-01_11-32-39
10	9	1565	1371	135	0.000594722803234	0.000319676061591	2.5024724712e-05	0.000269518270091	0.000497874940777	1.69390512594e-06	0.260893507565	0.000905748841174	99.0	114.0	111.0	76.9367904919	93.7572882801	93.5589191494	96.5	111.5	108.5	77.0	94.0	93.0	DLR00012709	DLR00012709-2009-07-01_11-32-39
11	9	1704	1379	135	0.0010804390896	0.000586072779583	3.95652126154e-05	0.000252252118956	0.000117718552551	3.57953130024e-06	0.100971568121	0.00197133571314	97.6363636364	110.727272727	109.818181818	77.2571169634	93.8255144472	93.5414756371	97.0	109.0	109.0	77.0	94.0	93.0	DLR00012709	DLR00012709-2009-07-01_11-32-39
12	9	1839	1372	135	0.000196275212157	0.000213117374394	1.34592384398e-05	0.000221418172423	0.000146181510903	-1.06798515441e-06	0.223402144255	0.000799190153977	93.5	109.75	108.75	76.9482014388	93.4999200639	93.0912336797	92.5	108.5	107.0	77.0	93.0	93.0	DLR00012709	DLR00012709-2009-07-01_11-32-39
13	9	1974	1378	135	0.000544393920355	0.000479514092386	3.71409503236e-05	0.000279930878557	0.000323505627835	1.52532102107e-07	0.0706858347058	0.00213117374394	98.7777777778	113.0	111.666666667	76.8778251599	93.259434968	92.8624733475	97.0	112.0	111.0	77.0	93.0	93.0	DLR00012709	DLR00012709-2009-07-01_11-32-39
14	9	2107	1374	135	0.000374194240722	0.000372955405189	3.32619650556e-05	0.000275527840812	0.00131626025911	8.79204832159e-08	0.304375758825	0.000905748841174	101.0	116.714285714	115.857142857	76.1711438013	92.7267881889	92.524517642	96.0	112.0	111.0	76.0	93.0	92.0	DLR00012709	DLR00012709-2009-07-01_11-32-39
15	9	2248	1372	135	0.00187853949074	5.32793435985e-05	2.82747508752e-06	0.000208113254579	0.0	5.98164336298e-06	1.3962634016	0.000159838030795	91.0	105.0	105.0	75.6009697357	92.0756606991	92.0426790281	91.0	105.0	105.0	76.0	92.0	92.0	DLR00012709	DLR00012709-2009-07-01_11-32-39
16	9	2385	1365	135	0.000422687973019	0.000106558687197	6.27704710845e-06	0.000231007641526	3.85490543287e-06	6.21158857829e-07	0.5129130863	0.000372955405189	90.5	106.5	106.5	74.7403953749	91.479085629	91.7430063409	90.5	106.5	106.5	75.0	91.0	92.0	DLR00012709	DLR00012709-2009-07-01_11-32-39
17	9	2533	1372	135	0.00133364546788	0.000372955405189	2.36093261065e-05	0.000251908320218	4.3787009169e-05	4.05735920683e-06	0.448798950513	0.000745910810379	93.2857142857	107.285714286	107.571428571	74.8465515403	91.8026862808	92.5962583946	93.0	107.0	108.0	75.0	92.0	92.0	DLR00012709	DLR00012709-2009-07-01_11-32-39
18	9	2659	1363	135	0.000576235288971	0.000532793435985	4.73815243801e-05	0.000335405602767	0.0005664200407	-2.17767276606e-08	0.122718463031	0.00170493899515	98.1	113.7	113.0	73.8736606429	91.1856175702	92.8728610267	97.0	113.0	112.0	74.0	91.0	93.0	DLR00012709	DLR00012709-2009-07-01_11-32-39
19	9	2793	1372	135	0.000488752673334	0.0	0.0		0.0	1.37809109949e-06	0.0	0.0				72.9758644573	90.9805530396	93.0915339123				73.0	91.0	93.0	DLR00012709	DLR00012709-2009-07-01_11-32-39
20	9	2934	1372	135	6.65790002881e-05	0.000159838030795	9.87669312715e-06	0.000224406595023	5.29683718366e-05	-1.69544454029e-06	0.311562907794	0.000586072779583	91.0	105.666666667	105.333333333	72.4978151977	90.5041564532	93.2291378024	90.0	105.0	104.0	72.0	90.0	93.0	DLR00012709	DLR00012709-2009-07-01_11-32-39
21	9	3060	1372	135	0.00061240440597	0.000106558687197	7.21842490171e-06	0.000265652190157	8.56144559265e-06	5.02722583357e-07	0.5129130863	0.000372955405189	89.5	108.0	107.0	72.1127511057	89.9685618373	92.8019395748	89.5	108.0	107.0	72.0	90.0	93.0	DLR00012709	DLR00012709-2009-07-01_11-32-39
22	9	3211	1362	135	0.000432509304208	0.000319676061591	2.4531415569e-05	0.000324154622767	0.000196416356244	1.44964461634e-06	0.111535833855	0.00138526293356	92.3333333333	107.666666667	107.5	70.9408943133	88.2517721047	91.4807333582	93.0	109.0	109.0	71.0	88.0	92.0	DLR00012709	DLR00012709-2009-07-01_11-32-39
23	9	3339	1372	135	0.00192458694029	0.000745910810379	5.37524197004e-05	0.00027238092551	0.000212723977557	4.98249022891e-06	0.152187879413	0.00181149768235	89.9285714286	102.357142857	101.142857143	70.4695281258	87.034817382	89.7043455079	89.5	101.5	100.5	70.0	87.0	90.0	DLR00012709	DLR00012709-2009-07-01_11-32-39
24	9	3480	1372	135	0.000423310554779	5.32793435985e-05	2.81662405046e-06	0.000207314575698	0.0	6.927771916e-07	12.5663706144	5.32793435985e-05	88.0	100.0	100.0	70.3340792839	85.7259697357	88.014599318	88.0	100.0	100.0	70.0	85.0	88.0	DLR00012709	DLR00012709-2009-07-01_11-32-39
1	10	333	1499	135	0.000869159033379	0.000426234748788	2.47571071492e-05	0.000219033887245	2.45489010933e-05	9.93485849462e-07	1.24112302364	0.000479514092386	105.0	110.875	105.0	76.4727359949	91.7959597036	93.8519268696	106.5	111.0	104.5	76.0	92.0	94.0	DLR00012709	DLR00012709-2009-07-01_11-32-39
2	10	477	1506	135	0.000257877107237	0.000159838030795	9.47230791547e-06	0.000229250236252	2.66779419929e-06	1.45298557799e-07	1.0471975512	0.000319676061591	94.6666666667	106.666666667	109.0	76.3972610039	92.9663220718	94.9324842801	95.0	107.0	109.0	76.0	93.0	95.0	DLR00012709	DLR00012709-2009-07-01_11-32-39
3	10	612	1514	135	0.00139225237761	0.000639352123182	5.81517154424e-05	0.000330540059195	0.000917822093044	3.36566258517e-06	0.104429672696	0.00202461505674	103.0	117.833333333	117.916666667	77.1128645306	94.2430559258	96.2155461961	101.0	116.0	116.0	77.0	94.0	96.0	DLR00012709	DLR00012709-2009-07-01_11-32-39
4	10	746	1499	135	0.001119801709	0.00106558687197	8.0944442007e-05	0.000275888084359	0.00037006593762	2.57266552241e-06	0.0830834420784	0.00293036389792	98.65	114.4	114.8	77.5804576244	95.3221505147	97.108219105	97.0	113.0	114.0	77.0	95.0	97.0	DLR00012709	DLR00012709-2009-07-01_11-32-39
5	10	888	1501	135	0.00238333813796	0.00111886621557	7.51877075122e-05	0.000263790959273	8.44395730607e-05	8.52810003054e-06	0.422230052642	0.00133198358996	98.4285714286	112.047619048	110.761904762	78.2159163644	95.9285257094	97.3532643482	98.0	113.0	110.0	78.0	96.0	97.0	DLR00012709	DLR00012709-2009-07-01_11-32-39
6	10	1029	1507	135	0.00162647021286	0.0	0.0		0.0	4.89749620653e-06	0.0	0.0				77.4024188822	95.4180297299	96.6796313069				77.0	95.0	97.0	DLR00012709	DLR00012709-2009-07-01_11-32-39
7	10	1161	1510	135	0.00207706002234	5.32793435985e-05	3.71982654185e-06	0.000273793821035	0.0	7.14275239306e-06	0.349065850399	0.000319676061591	97.0	113.0	112.0	77.42407289	94.9738917306	95.646898977	97.0	113.0	112.0	77.0	95.0	95.0	DLR00012709	DLR00012709-2009-07-01_11-32-39
8	10	1294	1506	135	0.00160861566641	0.0	0.0		0.0	4.8916609092e-06	0.0	0.0				77.1457190047	94.2838190633	94.7476690287				77.0	94.0	95.0	DLR00012709	DLR00012709-2009-07-01_11-32-39
9	10	1423	1500	135	0.00105465749148	0.0	0.0		0.0	3.66351568404e-06	0.0	0.0				76.7204432841	93.7534231978	94.155682242				77.0	94.0	94.0	DLR00012709	DLR00012709-2009-07-01_11-32-39
10	10	1571	1499	135	0.000718764828262	0.000745910810379	5.71346181306e-05	0.000278396454945	0.000362562536614	2.05730807306e-06	0.109955742876	0.00213117374394	100.571428571	113.428571429	111.357142857	76.814396161	93.5475873101	93.4161556918	99.0	112.0	110.0	77.0	93.0	93.0	DLR00012709	DLR00012709-2009-07-01_11-32-39
11	10	1710	1506	135	0.000798364541165	0.0	0.0		0.0	2.24235478203e-06	0.0	0.0				76.9718685066	93.7061111407	93.4527145826				77.0	94.0	93.0	DLR00012709	DLR00012709-2009-07-01_11-32-39
12	10	1839	1506	135	0.000313162834088	0.0	0.0		0.0	2.04996760649e-07	0.0	0.0				76.4374234109	93.3390164633	93.0425169162				76.0	93.0	93.0	DLR00012709	DLR00012709-2009-07-01_11-32-39
13	10	1972	1506	135	0.000493275652516	0.000213117374394	1.44175460315e-05	0.000258511792691	0.000197365720207	9.19014587358e-07	0.25645654315	0.000745910810379	92.5	111.5	109.0	76.2166799893	93.0396482814	92.767759126	92.0	111.0	109.0	76.0	93.0	93.0	DLR00012709	DLR00012709-2009-07-01_11-32-39
14	10	2114	1507	135	0.00107547640232	0.000159838030795	1.10832208348e-05	0.000288815952903	0.000120980134683	3.03540707274e-06	0.130446753782	0.000905748841174	96.0	109.333333333	109.0	75.8137056379	92.5360225941	92.3672599382	97.0	110.0	110.0	76.0	92.0	92.0	DLR00012709	DLR00012709-2009-07-01_11-32-39
15	10	2252	1506	135	0.00118617288138	0.00133198358996	0.000146743735382	0.000385933713104	0.00167782112507	2.98462472287e-06	0.0966941413847	0.00303692258511	109.96	122.28	114.08	75.0653542467	91.6939287239	91.6580772514	106.0	119.0	112.0	75.0	92.0	92.0	DLR00012709	DLR00012709-2009-07-01_11-32-39
16	10	2387	1506	135	0.000281511660138	0.000266396717992	1.56974653239e-05	0.000230799161237	1.9008288182e-05	4.03075831489e-07	0.371786112851	0.00069263146678	91.4	106.2	106.2	74.3129929653	90.924909401	91.455553187	92.0	106.0	106.0	74.0	91.0	91.0	DLR00012709	DLR00012709-2009-07-01_11-32-39
17	10	2530	1496	135	0.00180174921652	0.000905748841174	6.97862064277e-05	0.000266364196791	0.000399813098747	4.67321709078e-06	0.140452531521	0.00207789440034	97.1764705882	109.823529412	109.529411765	74.5249040102	91.4497120307	92.3195925768	94.0	108.0	108.0	74.0	91.0	92.0	DLR00012709	DLR00012709-2009-07-01_11-32-39
18	10	2659	1506	135	-0.000108636452447	0.000532793435985	3.47829856661e-05	0.000253076501795	8.8887785954e-05	-7.04754172353e-07	0.259635756495	0.00117214555917	92.4	108.4	107.9	73.3837624607	90.6855909164	92.3049203049	92.5	108.5	108.0	73.0	91.0	92.0	DLR00012709	DLR00012709-2009-07-01_11-32-39
19	10	2789	1506	135	0.000631307802092	0.000586072779583	5.91149353368e-05	0.00034736896565	0.00120604780631	1.38324227679e-06	0.285599332145	0.00117214555917	99.3636363636	115.0	113.363636364	72.6141912784	90.3823435334	92.7265699968	96.0	112.0	111.0	72.0	90.0	93.0	DLR00012709	DLR00012709-2009-07-01_11-32-39
20	10	2934	1503	135	8.25660398337e-05	0.000213117374394	1.65868093419e-05	0.000307081527997	0.000165029484014	4.18163062486e-08	0.125663706144	0.00106558687197	92.5	109.75	109.25	72.0246203038	89.9113242739	92.6250466294	92.5	110.0	109.0	72.0	90.0	93.0	DLR00012709	DLR00012709-2009-07-01_11-32-39
21	10	3071	1506	135	0.000670294895525	0.0	0.0		0.0	1.35069334238e-06	0.0	0.0				71.8423464223	89.4413660824	92.5391869572				72.0	89.0	93.0	DLR00012709	DLR00012709-2009-07-01_11-32-39
22	10	3204	1498	135	0.00199800776247	0.0	0.0		0.0	5.54923488124e-06	0.0	0.0				71.4312430071	88.5037561937	91.4608130428				71.0	88.0	91.0	DLR00012709	DLR00012709-2009-07-01_11-32-39
23	10	3342	1506	135	0.0020887872763	0.000479514092386	3.0755810439e-05	0.000257254280646	0.000115143828633	6.15084201709e-06	0.144256805522	0.00149182162076	87.6666666667	102.555555556	101.555555556	70.5087420043	86.7598081023	89.4395522388	88.0	103.0	101.0	71.0	87.0	89.0	DLR00012709	DLR00012709-2009-07-01_11-32-39
24	10	3482	1506	135	1.39947064971e-05	0.000213117374394	1.37268200786e-05	0.000231304679626	0.000159066467467	-1.77858721398e-06	0.297428890281	0.00069263146678	88.25	101.25	99.25	70.2736477485	85.3944044764	87.7611510791	88.0	100.0	97.0	70.0	85.0	88.0	DLR00012709	DLR00012709-2009-07-01_11-32-39
1	11	340	1646	135	0.0013583705723	0.000266396717992	1.83758490887e-05	0.000281740428327	5.04169263191e-05	4.59804013045e-06	0.217411256304	0.000905748841174	95.2	108.8	109.6	76.1582818162	91.3898422511	93.5627264975	96.0	109.0	110.0	76.0	91.0	94.0	DLR00012709	DLR00012709-2009-07-01_11-32-39
2	11	477	1645	135	0.00123176107405	0.0	0.0		0.0	4.48794154549e-06	0.0	0.000266396717992				76.9017528904	93.1177473494	94.7829932335				77.0	93.0	95.0	DLR00012709	DLR00012709-2009-07-01_11-32-39
3	11	607	1648	135	0.00200778461794	0.000159838030795	9.4918740289e-06	0.000221491513204	3.82570248387e-05	6.74507154985e-06	0.376991118431	0.000532793435985	94.3333333333	108.666666667	111.666666667	77.5248854311	94.3925716722	96.180965576	94.0	108.0	111.0	77.0	94.0	96.0	DLR00012709	DLR00012709-2009-07-01_11-32-39
4	11	746	1646	135	0.00207610017562	0.000159838030795	1.04328648556e-05	0.000214856435042	0.000250722861089	6.10749163001e-06	0.261799387799	0.000639352123182	96.3333333333	111.666666667	112.333333333	78.017265267	95.1389747416	96.9158051796	94.0	110.0	110.0	78.0	95.0	97.0	DLR00012709	DLR00012709-2009-07-01_11-32-39
5	11	883	1646	135	0.00231553220146	0.000213117374394	1.34143516704e-05	0.000244135643319	7.07559311049e-05	7.9557211446e-06	0.415417210392	0.000586072779583	96.0	110.5	110.25	78.2194511058	95.5475086597	97.0034638956	96.0	110.5	110.0	78.0	95.0	97.0	DLR00012709	DLR00012709-2009-07-01_11-32-39
6	11	1022	1644	135	0.00113917884548	0.0	0.0		0.0	3.7807308838e-06	0.0	0.0				77.1246203847	94.9968032394	96.2896265118				77.0	95.0	96.0	DLR00012709	DLR00012709-2009-07-01_11-32-39
7	11	1158	1642	135	0.00188211973745	0.000372955405189	2.39164894995e-05	0.000240022574724	0.000105415974545	5.41890422027e-06	0.199466200228	0.00111886621557	94.5714285714	110.857142857	110.428571429	77.1382581814	94.5705681697	95.5483956934	94.0	110.0	109.0	77.0	94.0	95.0	DLR00012709	DLR00012709-2009-07-01_11-32-39
8	11	1294	1648	135	0.0014502649002	0.000532793435985	3.44917888233e-05	0.000244172153861	8.95173583043e-05	4.8339894565e-06	0.160285339469	0.00149182162076	94.6	110.0	109.3	76.6058425289	93.8531371608	94.4053520977	94.0	109.5	109.0	76.0	94.0	94.0	DLR00012709	DLR00012709-2009-07-01_11-32-39
9	11	1434	1654	135	0.00206043976574	0.000266396717992	1.9510777403e-05	0.000251287453762	0.000306948357283	6.94566347526e-06	0.245436926062	0.000852469497576	96.4	112.4	111.4	76.6478895758	93.5502025155	93.7765401833	94.0	110.0	109.0	77.0	93.0	94.0	DLR00012709	DLR00012709-2009-07-01_11-32-39
10	11	1565	1646	135	0.00137506879396	0.000586072779583	6.13836236126e-05	0.000356714306297	0.00145029277925	5.03300305058e-06	0.153588974176	0.00159838030795	106.818181818	119.363636364	117.727272727	76.0390766606	92.9376799232	92.9065465401	103.0	116.0	113.0	76.0	93.0	93.0	DLR00012709	DLR00012709-2009-07-01_11-32-39
11	11	1707	1639	135	0.00186625512534	0.000159838030795	1.15833941771e-05	0.000270037531512	3.13725742215e-05	6.21768416978e-06	0.147262155637	0.000852469497576	96.6666666667	110.666666667	110.666666667	76.2677182138	93.1273579879	93.0666631141	96.0	110.0	110.0	76.0	93.0	93.0	DLR00012709	DLR00012709-2009-07-01_11-32-39
12	11	1839	1637	135	0.000363303289579	0.000106558687197	7.14968225133e-06	0.000263122325834	3.40780073202e-05	1.10195822418e-06	0.31028075591	0.000479514092386	93.5	109.5	106.5	75.837001119	92.5875206479	92.5169712794	93.5	109.5	106.5	76.0	93.0	92.0	DLR00012709	DLR00012709-2009-07-01_11-32-39
13	11	1976	1638	135	0.00100962342077	0.0	0.0		0.0	2.62055522055e-06	0.0	0.000319676061591				75.7519313762	92.5198998348	92.361606905				76.0	92.0	92.0	DLR00012709	DLR00012709-2009-07-01_11-32-39
14	11	2114	1646	135	0.000764966862252	0.000745910810379	9.96351312772e-05	0.000428267143884	0.00479154311417	2.16957911575e-06	0.171805848243	0.00170493899515	114.857142857	126.714285714	125.0	75.0955478539	91.8068248467	91.8727805918	109.5	120.0	117.5	75.0	92.0	92.0	DLR00012709	DLR00012709-2009-07-01_11-32-39
15	11	2246	1646	135	0.00117536876924	5.32793435985e-05	3.08507966712e-06	0.000227073961852	0.0	3.70942606467e-06	12.5663706144	5.32793435985e-05	90.0	106.0	106.0	74.4137894288	91.0213661552	91.2512787724	90.0	106.0	106.0	75.0	91.0	91.0	DLR00012709	DLR00012709-2009-07-01_11-32-39
16	11	2388	1643	135	0.000300021368	0.000372955405189	3.38312072064e-05	0.000311341361008	0.000807685041138	-9.85844150475e-08	0.24366923629	0.00101230752837	99.0	113.714285714	111.571428571	73.9400916747	90.4164268202	91.0149770813	96.0	111.0	110.0	74.0	90.0	91.0	DLR00012709	DLR00012709-2009-07-01_11-32-39
17	11	2526	1646	135	0.00299838732408	0.000106558687197	8.89754409722e-06	0.000327447068942	1.860343975e-06	1.04682986488e-05	0.0775701889775	0.000959028184773	96.0	111.0	111.0	74.4409868386	90.9319017424	91.7151915597	96.0	111.0	111.0	75.0	91.0	92.0	DLR00012709	DLR00012709-2009-07-01_11-32-39
18	11	2659	1641	135	0.00178023684703	0.000159838030795	9.55445786603e-06	0.000223348987671	4.47014619393e-05	6.23320667487e-06	0.376991118431	0.000532793435985	88.6666666667	104.666666667	104.0	73.5109240115	90.5202493872	92.2404348289	88.0	104.0	103.0	73.0	90.0	92.0	DLR00012709	DLR00012709-2009-07-01_11-32-39
19	11	2792	1646	135	0.0010316947037	0.0	0.0		0.0	2.39661331595e-06	0.0	0.0				72.6677500133	89.9864137674	92.2580851404				72.0	90.0	92.0	DLR00012709	DLR00012709-2009-07-01_11-32-39
20	11	2934	1646	135	0.000734314647553	0.0	0.0		0.0	2.83207002146e-06	0.0	0.0				72.1387394107	89.4884650221	92.065586872				72.0	89.0	92.0	DLR00012709	DLR00012709-2009-07-01_11-32-39
21	11	3062	1646	135	0.00151587131578	0.0	0.0		0.0	4.24335792462e-06	0.0	0.0				71.8905109489	88.815014119	91.8970643082				72.0	89.0	92.0	DLR00012709	DLR00012709-2009-07-01_11-32-39
22	11	3205	1639	135	0.000862857075737	0.0	0.0		0.0	2.08342799543e-06	0.0	0.0				71.1309606266	87.7137833662	90.797485215				71.0	88.0	91.0	DLR00012709	DLR00012709-2009-07-01_11-32-39
23	11	3340	1646	135	0.00138569510221	0.000106558687197	6.55358961118e-06	0.000241184947867	3.96243245227e-05	2.50258410457e-06	1.00530964915	0.000266396717992	86.5	100.5	103.5	70.3179517238	86.1047583524	88.7072520914	86.5	100.5	103.5	70.0	86.0	89.0	DLR00012709	DLR00012709-2009-07-01_11-32-39
24	11	3473	1636	135	-0.000349762052771	0.000159838030795	1.0261049163e-05	0.000252188928608	4.77892728402e-05	-2.42872228998e-06	0.311562907794	0.000586072779583	85.0	101.0	101.0	69.5002131514	84.3701907705	86.943621443	85.0	101.0	101.0	69.0	84.0	87.0	DLR00012709	DLR00012709-2009-07-01_11-32-39
1	12	337	1779	135	0.00175100139513	0.000159838030795	1.22642092638e-05	0.000258510717935	0.000433459731206	5.31719058887e-06	0.223071667711	0.00069263146678	95.6666666667	109.666666667	110.333333333	76.2395289353	91.170254716	93.3041671107	93.0	107.0	107.0	76.0	91.0	93.0	DLR00012709	DLR00012709-2009-07-01_11-32-39
2	12	477	1772	135	0.00121112063658	0.000106558687197	6.48292384299e-06	0.000238584309037	4.15713574496e-05	3.60317588724e-06	0.5129130863	0.000372955405189	95.0	105.5	107.5	76.414717323	92.4830287206	94.3838120104	95.0	105.5	107.5	77.0	92.0	94.0	DLR00012709	DLR00012709-2009-07-01_11-32-39
3	12	612	1779	135	0.00215312007067	0.000106558687197	6.63127145699e-06	0.00024404379211	3.30720585837e-05	7.13891259604e-06	0.31028075591	0.000479514092386	95.5	109.5	112.5	77.1955027442	93.7757766292	95.7391698194	95.5	109.5	112.5	77.0	94.0	96.0	DLR00012709	DLR00012709-2009-07-01_11-32-39
4	12	748	1779	135	0.00302672144427	0.0	0.0		0.0	1.00570471729e-05	0.0	5.32793435985e-05				77.8720230167	94.8620065001	96.6862912249				78.0	95.0	97.0	DLR00012709	DLR00012709-2009-07-01_11-32-39
5	12	883	1772	135	0.00349524930717	0.000213117374394	1.34143516704e-05	0.000244135643319	7.07559311049e-05	1.08971001017e-05	0.415417210392	0.000586072779583	96.0	110.5	110.25	77.8356514788	95.3190514255	96.8503597122	96.0	110.5	110.0	78.0	95.0	97.0	DLR00012709	DLR00012709-2009-07-01_11-32-39
6	12	1020	1777	135	0.00125623472288	0.0	0.0		0.0	4.4920252966e-06	0.0	0.0				76.8949864138	94.6227822473	95.9302040599				77.0	95.0	96.0	DLR00012709	DLR00012709-2009-07-01_11-32-39
7	12	1154	1780	135	0.00136774343979	0.000426234748788	3.0436058297e-05	0.000278924779068	0.00020664474353	3.76125802664e-06	0.251327412287	0.00106558687197	98.75	113.375	110.625	76.4263632003	94.1040989286	94.9538404136	99.5	112.5	111.0	76.0	94.0	95.0	DLR00012709	DLR00012709-2009-07-01_11-32-39
8	12	1290	1779	135	0.00124833153506	0.000266396717992	1.73156102653e-05	0.000261937301574	3.18690344108e-05	3.65039786096e-06	0.193925472444	0.000959028184773	93.6	109.6	108.8	76.2635365594	93.3978895758	94.0544659987	94.0	110.0	109.0	76.0	93.0	94.0	DLR00012709	DLR00012709-2009-07-01_11-32-39
9	12	1431	1779	135	0.00179294149152	0.000426234748788	3.49945911749e-05	0.000294076008644	0.000315949410845	5.24210992587e-06	0.0734338677245	0.00197133571314	99.5	113.0	112.625	76.1173711423	93.1620382709	93.5400031981	98.0	111.5	113.0	76.0	93.0	93.0	DLR00012709	DLR00012709-2009-07-01_11-32-39
10	12	1565	1779	135	0.00110597813372	0.000213117374394	1.78741123539e-05	0.000284031257712	0.00111345592568	3.75740737897e-06	0.25645654315	0.000745910810379	101.75	113.5	112.25	75.710418332	92.5465494271	92.7706901146	100.0	110.5	109.0	76.0	93.0	93.0	DLR00012709	DLR00012709-2009-07-01_11-32-39
11	12	1702	1773	135	0.0020223487918	0.000532793435985	4.02998469927e-05	0.000294240295497	0.000284979182005	6.54244916317e-06	0.237549539024	0.00122542490277	96.6	112.6	110.0	75.7621408391	92.2867423637	92.5426728504	96.5	112.5	109.5	76.0	92.0	92.0	DLR00012709	DLR00012709-2009-07-01_11-32-39
12	12	1839	1773	135	0.000740031847058	0.000213117374394	1.28979072571e-05	0.000238291039256	1.47399347056e-05	1.75521590727e-06	0.139239563594	0.00101230752837	91.75	107.25	105.25	75.1591793232	91.8300026645	91.9620037303	91.5	107.0	105.5	75.0	92.0	92.0	DLR00012709	DLR00012709-2009-07-01_11-32-39
13	12	1972	1783	135	0.000648037008455	5.32793435985e-05	3.10619675422e-06	0.000228628262275	0.0	1.01095505063e-06	0.349065850399	0.000319676061591	91.0	106.0	103.0	74.5645247229	91.5260549872	91.6898976982	91.0	106.0	103.0	75.0	91.0	92.0	DLR00012709	DLR00012709-2009-07-01_11-32-39
14	12	2114	1779	135	0.000411147846628	0.000213117374394	1.65256155857e-05	0.0002842288068	0.000589985784712	4.76677334448e-07	0.349065850399	0.000639352123182	94.25	110.25	109.5	74.2036237677	90.7711164402	91.1670663469	93.0	109.0	108.0	74.0	91.0	91.0	DLR00012709	DLR00012709-2009-07-01_11-32-39
15	12	2252	1779	135	0.000969855353875	0.00101230752837	9.58257930665e-05	0.000340891452335	0.00127542471988	1.86128277305e-06	0.112836031036	0.00245084980553	101.842105263	114.894736842	113.210526316	73.6715733333	90.2902933333	90.9005333333	100.0	113.0	111.0	74.0	90.0	91.0	DLR00012709	DLR00012709-2009-07-01_11-32-39
16	12	2385	1779	135	0.00063633123964	0.000639352123182	5.3712578734e-05	0.000279207537056	0.000796115967031	1.27831442094e-06	0.0778907269485	0.00234429111833	96.5	110.583333333	111.416666667	73.316415205	89.9019566029	90.7751239537	92.5	108.0	108.5	73.0	90.0	91.0	DLR00012709	DLR00012709-2009-07-01_11-32-39
17	12	2532	1778	135	0.00315607169724	0.000106558687197	7.41711263411e-06	0.000272964288293	3.57384474249e-05	1.13223021536e-05	0.392699081699	0.000426234748788	92.5	106.5	106.5	73.9377098098	90.3770980977	91.4346992061	92.5	106.5	106.5	74.0	90.0	91.0	DLR00012709	DLR00012709-2009-07-01_11-32-39
18	12	2659	1779	135	0.000343981228841	0.000266396717992	1.77461928695e-05	0.000265745144061	4.19731806833e-05	1.44006955395e-06	0.371786112851	0.00069263146678	91.2	106.4	105.8	72.6231080793	89.6585482839	91.5819654658	91.0	107.0	106.0	72.0	90.0	92.0	DLR00012709	DLR00012709-2009-07-01_11-32-39
19	12	2790	1779	135	0.000566103877676	0.0	0.0		0.0	1.43651884966e-06	0.0	0.0				72.1881826416	89.5462198306	91.6652458842				72.0	89.0	92.0	DLR00012709	DLR00012709-2009-07-01_11-32-39
20	12	2934	1783	135	0.00127699004191	0.0	0.0		0.0	3.92803684976e-06	0.0	0.0				72.0660131067	88.7696201183	91.4176567745				72.0	89.0	91.0	DLR00012709	DLR00012709-2009-07-01_11-32-39
21	12	3067	1779	135	0.00209114564907	0.000426234748788	3.0306751515e-05	0.000268725817968	0.000262672966749	5.73178988786e-06	0.207708605196	0.00117214555917	90.125	105.125	105.625	71.4954959757	87.9819306007	90.9815041842	89.0	104.5	105.0	71.0	88.0	91.0	DLR00012709	DLR00012709-2009-07-01_11-32-39
22	12	3205	1771	135	0.000218548684003	0.000372955405189	2.7540132438e-05	0.000261985712852	0.000251907694246	-6.27280199231e-07	0.166284677317	0.00122542490277	91.8571428571	104.857142857	104.571428571	70.6205628398	86.8278435135	89.8112141563	91.0	103.0	103.0	71.0	87.0	90.0	DLR00012709	DLR00012709-2009-07-01_11-32-39
23	12	3340	1779	135	0.000914038384599	0.0	0.0		0.0	2.19680715696e-06	0.0	0.0				69.8764452022	85.1666577868	87.9428312643				70.0	85.0	88.0	DLR00012709	DLR00012709-2009-07-01_11-32-39
24	12	3473	1771	135	0.000206535849334	0.0	0.0		0.0	-1.34101680552e-06	0.0	0.0				69.2919175236	83.8849698972	86.3167456977				69.0	84.0	86.0	DLR00012709	DLR00012709-2009-07-01_11-32-39
1	13	343	1926	135	0.00149101506687	0.000159838030795	1.33415435334e-05	0.000367224086157	0.000425342662438	4.02863514389e-06	0.376991118431	0.000532793435985	100.666666667	112.333333333	114.333333333	75.9201747842	90.5913353938	92.8410955984	105.0	116.0	118.0	76.0	90.5	93.0	DLR00012709	DLR00012709-2009-07-01_11-32-39
2	13	477	1915	135	0.00106731485928	0.000266396717992	2.32350733238e-05	0.00036700849788	0.000336702192807	3.07142139628e-06	0.129817878248	0.00117214555917	101.2	113.2	114.0	76.1202835216	91.6674483053	93.7986037092	103.0	115.0	115.0	76.0	92.0	94.0	DLR00012709	DLR00012709-2009-07-01_11-32-39
3	13	612	1918	135	0.00180245012309	0.00133198358996	9.34955018064e-05	0.000265808491511	0.000232345633061	4.58085634514e-06	0.0791532540587	0.0033565986467	96.0	110.64	110.68	76.7297801963	92.9439287239	95.032757149	95.0	110.0	110.0	77.0	93.0	95.0	DLR00012709	DLR00012709-2009-07-01_11-32-39
4	13	746	1921	135	0.00242045023489	0.000372955405189	2.92087667645e-05	0.000271183029556	0.000385687037201	8.00381951558e-06	0.24366923629	0.00101230752837	101.428571429	113.428571429	113.142857143	77.4646093167	94.109796397	95.7694275664	99.0	111.0	111.0	77.0	94.0	96.0	DLR00012709	DLR00012709-2009-07-01_11-32-39
5	13	883	1918	135	0.00304029541845	0.0	0.0		0.0	1.09018227109e-05	0.0	0.0				77.7343491928	94.7402099206	96.12824338				78.0	95.0	96.0	DLR00012709	DLR00012709-2009-07-01_11-32-39
6	13	1017	1918	135	0.00205628787743	0.0	0.0		0.0	6.78179730527e-06	0.0	0.0				77.2005967286	94.3988491662	95.6832543023				77.0	94.0	96.0	DLR00012709	DLR00012709-2009-07-01_11-32-39
7	13	1149	1914	135	0.0012463741968	0.00207789440034	0.000130650986157	0.000245456305547	2.65940277805e-05	3.55239931942e-06	30.6305283725	0.000213117374394	105.461538462	106.41025641	97.9230769231	76.5528029899	93.9217832355	94.8595301655	105.0	106.0	98.0	76.0	94.0	95.0	DLR00012709	DLR00012709-2009-07-01_11-32-39
8	13	1294	1918	135	0.000790257585234	0.000106558687197	7.5747851258e-06	0.000278766945149	5.79555489586e-06	1.75016191721e-06	0.251327412287	0.000532793435985	94.5	112.0	109.5	75.9219907284	93.0396440561	93.8287952257	94.5	112.0	109.5	76.0	93.0	94.0	DLR00012709	DLR00012709-2009-07-01_11-32-39
9	13	1435	1919	135	0.00096822699054	0.000319676061591	1.99434937432e-05	0.00024427577678	2.72875619843e-05	2.83383313958e-06	0.384684814725	0.000745910810379	95.8333333333	108.833333333	105.833333333	75.7389010286	92.684005756	93.0123114641	96.5	109.0	106.0	76.0	93.0	93.0	DLR00012709	DLR00012709-2009-07-01_11-32-39
10	13	1562	1913	135	0.0013627034396	0.000159838030795	9.54000573141e-06	0.000224555919571	4.39496219492e-05	3.85936482701e-06	0.167551608191	0.000799190153977	91.3333333333	107.666666667	106.333333333	75.4754875839	92.2700628797	92.694394117	90.0	107.0	107.0	76.0	92.0	92.0	DLR00012709	DLR00012709-2009-07-01_11-32-39
11	13	1706	1918	135	0.00156679864805	0.000586072779583	3.87455946055e-05	0.000240157089119	0.000152567522084	5.15705772186e-06	0.221168122813	0.00133198358996	94.3636363636	108.181818182	105.454545455	75.1822688986	91.7321142979	92.1300245229	94.0	107.0	105.0	75.0	92.0	92.0	DLR00012709	DLR00012709-2009-07-01_11-32-39
12	13	1839	1918	135	0.00114195833088	0.000745910810379	7.69827723369e-05	0.00035746969953	0.00157747193706	2.72866146042e-06	0.143615664164	0.00186477702595	104.0	118.785714286	116.142857143	74.7429485471	91.2851506265	91.5027992535	103.0	115.5	112.0	75.0	91.0	91.0	DLR00012709	DLR00012709-2009-07-01_11-32-39
13	13	1976	1918	135	0.00150932316013	0.000319676061591	1.93487345273e-05	0.000229376343035	4.75100029187e-05	4.20756910621e-06	0.294524311274	0.000852469497576	90.1666666667	106.166666667	105.166666667	74.3862921708	91.032297607	91.3100783457	89.5	105.5	104.5	74.0	91.0	91.0	DLR00012709	DLR00012709-2009-07-01_11-32-39
14	13	2114	1913	135	0.000633064430588	0.000586072779583	4.4342853756e-05	0.000277030547916	0.000277328355341	7.82979406672e-07	0.112840878986	0.00186477702595	94.8181818182	109.545454545	108.0	73.6571596119	90.20780467	90.5558161851	94.0	108.0	107.0	74.0	90.0	90.0	DLR00012709	DLR00012709-2009-07-01_11-32-39
15	13	2252	1911	135	0.000919143466225	0.000106558687197	6.29337124957e-06	0.000231608401928	4.14314415468e-06	2.70891594692e-06	0.31028075591	0.000479514092386	86.5	104.5	104.5	73.1463206693	89.5217136463	90.2673309533	86.5	104.5	104.5	73.0	89.0	90.0	DLR00012709	DLR00012709-2009-07-01_11-32-39
16	13	2385	1909	135	0.000560165813431	0.00127870424636	7.76091598137e-05	0.000233073116993	3.78805452876e-05	1.92441256059e-07	1.04357403026	0.000905748841174	91.75	104.083333333	100.0	72.6819418512	89.2054947986	89.9306481728	92.0	104.0	100.0	73.0	89.0	90.0	DLR00012709	DLR00012709-2009-07-01_11-32-39
17	13	2526	1918	135	0.000705166649924	0.000213117374394	1.69336754043e-05	0.000309445990067	0.000135120864573	1.33895327008e-06	0.173929005043	0.000905748841174	95.0	108.5	108.75	72.4864908074	89.3243272049	90.7490007994	95.0	108.5	109.0	72.0	89.0	91.0	DLR00012709	DLR00012709-2009-07-01_11-32-39
18	13	2650	1918	135	6.527601762e-06	0.000159838030795	1.12363265835e-05	0.000291668632514	0.000140755190524	-2.05706917079e-06	0.261799387799	0.000639352123182	89.0	108.0	106.0	71.9087711819	89.1600234467	91.1489928594	90.0	109.0	107.0	72.0	89.0	91.0	DLR00012709	DLR00012709-2009-07-01_11-32-39
19	13	2797	1918	135	0.000377368277262	0.0	0.0		0.0	-6.38892753468e-07	0.0	0.0				71.873781235	89.086365816	91.0668655762				72.0	89.0	91.0	DLR00012709	DLR00012709-2009-07-01_11-32-39
20	13	2934	1909	135	0.000669248348929	0.0	0.0		0.0	1.45927523781e-06	0.0	0.0				71.5419042037	88.1808833715	90.3660290905				72.0	88.0	90.0	DLR00012709	DLR00012709-2009-07-01_11-32-39
21	13	3066	1918	135	0.00181948427296	0.0	0.0		0.0	4.80346738683e-06	0.0	5.32793435985e-05				71.3799349992	87.4992274495	89.9637700464				71.0	87.0	90.0	DLR00012709	DLR00012709-2009-07-01_11-32-39
22	13	3205	1914	135	0.000469747233672	0.000852469497576	5.28918789761e-05	0.000246000432089	2.67827794348e-05	4.75804255308e-07	1.66166884157	0.000586072779583	84.6875	101.625	101.625	70.2825681224	86.0060790274	88.8053111502	84.5	101.0	101.5	70.0	86.0	89.0	DLR00012709	DLR00012709-2009-07-01_11-32-39
23	13	3342	1916	135	0.00131823547215	0.0	0.0		0.0	3.34758494003e-06	0.0	0.0				69.3680004262	84.2655975278	87.1332516383				69.0	84.0	87.0	DLR00012709	DLR00012709-2009-07-01_11-32-39
24	13	3477	1924	135	0.00036011694508	0.0	0.0		0.0	4.51818609017e-07	0.0	0.0				69.0106558687	83.2666098354	85.9315360435				69.0	83.0	86.0	DLR00012709	DLR00012709-2009-07-01_11-32-39
1	14	345	2053	135	0.00156987059447	0.000266396717992	1.74546140246e-05	0.000236015722908	0.00011280329819	5.01187494872e-06	0.436332312999	0.000639352123182	90.6	106.2	106.8	75.5901193775	90.0386378171	92.3849392454	89.0	105.0	106.0	75.0	90.0	92.0	DLR00012709	DLR00012709-2009-07-01_11-32-39
2	14	477	2053	135	0.00114803132183	0.000586072779583	4.54596971836e-05	0.000278422661248	0.000502979337488	3.39948497628e-06	0.0957271999709	0.00202461505674	97.6363636364	110.636363636	111.636363636	75.5681842414	90.9233393752	93.4015353449	96.0	110.0	111.0	76.0	91.0	93.0	DLR00012709	DLR00012709-2009-07-01_11-32-39
3	14	608	2053	135	0.00192105833373	0.000213117374394	1.89829913561e-05	0.000300738475281	0.000770170046362	5.25227290394e-06	0.297428890281	0.00069263146678	100.75	114.75	115.25	76.9084465761	92.5294431122	95.0165201172	97.5	111.5	112.5	77.0	92.0	95.0	DLR00012709	DLR00012709-2009-07-01_11-32-39
4	14	746	2048	135	0.00171747059959	0.000426234748788	3.20570852028e-05	0.000270053837093	0.000405055521984	5.37255698569e-06	0.207708605196	0.00117214555917	100.125	112.625	112.375	77.2308512339	93.6708064602	95.9182346357	99.0	111.0	110.0	77.0	94.0	96.0	DLR00012709	DLR00012709-2009-07-01_11-32-39
5	14	882	2053	135	0.0023754724928	0.0	0.0		0.0	6.85921735526e-06	0.0	0.0				77.4832436464	94.2444456284	96.3264958176				77.0	94.0	96.0	DLR00012709	DLR00012709-2009-07-01_11-32-39
6	14	1020	2053	135	0.00169627772553	0.000159838030795	1.07143752256e-05	0.000264861602906	4.72064666482e-05	5.07977607095e-06	0.147262155637	0.000852469497576	95.6666666667	111.666666667	111.666666667	76.9312053714	94.0177981456	95.5300543536	96.0	112.0	112.0	77.0	94.0	96.0	DLR00012709	DLR00012709-2009-07-01_11-32-39
7	14	1150	2057	135	0.00238755156378	0.0	0.0		0.0	8.14033414381e-06	0.0	0.0				76.6960946241	93.9827374927	95.2895199531				76.0	94.0	95.0	DLR00012709	DLR00012709-2009-07-01_11-32-39
8	14	1294	2046	135	0.00175702721768	0.0	0.0		0.0	5.66521000255e-06	0.0	0.0				75.9285524002	93.1100218445	94.2861633545				76.0	93.0	94.0	DLR00012709	DLR00012709-2009-07-01_11-32-39
9	14	1430	2053	135	0.00200519004588	0.0	0.0		0.0	7.12282207655e-06	0.0	0.0				75.214609196	92.2954339603	93.0780542384				75.0	92.0	93.0	DLR00012709	DLR00012709-2009-07-01_11-32-39
10	14	1566	2053	135	0.00177829709204	0.000532793435985	3.90171701794e-05	0.000268978064386	0.000321673307665	5.71978972336e-06	0.0870247272463	0.00202461505674	94.2	109.4	109.6	74.7218934911	91.5852657391	92.1806599499	93.0	108.0	108.0	75.0	92.0	92.0	DLR00012709	DLR00012709-2009-07-01_11-32-39
11	14	1701	2053	135	0.00177740191552	0.000479514092386	3.80732325407e-05	0.000273884432279	0.000505649214842	6.09051380626e-06	0.117687133745	0.00165165965155	95.7777777778	110.444444444	110.555555556	74.3952025586	91.0878997868	91.673880597	94.0	108.0	108.0	74.0	91.0	91.0	DLR00012709	DLR00012709-2009-07-01_11-32-39
12	14	1839	2048	135	0.00121725400824	0.0	0.0		0.0	3.67322814007e-06	0.0	0.0				74.0421439608	90.6028024935	91.2642655442				74.0	91.0	91.0	DLR00012709	DLR00012709-2009-07-01_11-32-39
13	14	1974	2053	135	0.00102223394618	0.0	0.0		0.0	2.69719477621e-06	0.0	0.000106558687197				73.3094464276	90.0637220949	90.686930577				73.0	90.0	91.0	DLR00012709	DLR00012709-2009-07-01_11-32-39
14	14	2107	2045	135	0.000380321163245	5.32793435985e-05	3.43322675718e-06	0.000252698952963	0.0	9.60242646699e-07	1.3962634016	0.000159838030795	90.0	106.0	105.0	72.5077259165	89.2468030691	90.1145034101	90.0	106.0	105.0	72.0	89.0	90.0	DLR00012709	DLR00012709-2009-07-01_11-32-39
15	14	2252	2061	135	0.000842749634867	0.0122542490277	0.00094293511578	0.000294635372539	0.000309569574246	1.22754493582e-06	0.145378262728	0.00751238744739	94.9956521739	106.769565217	100.895652174	72.1649495658	88.708830034	89.5680996818	95.0	106.0	100.0	72.0	89.0	89.0	DLR00012709	DLR00012709-2009-07-01_11-32-39
16	14	2385	2048	135	0.000256629839401	0.0	0.0		0.0	3.40130342894e-07	0.0	0.0				71.84415792	88.3350205125	89.7107464436				72.0	88.0	90.0	DLR00012709	DLR00012709-2009-07-01_11-32-39
17	14	2534	2053	135	0.000590844176973	0.0	0.0		0.0	1.89561877152e-06	0.0	0.000106558687197				71.5991262188	88.530928659	90.3896851191				71.0	88.0	90.0	DLR00012709	DLR00012709-2009-07-01_11-32-39
18	14	2659	2053	135	0.000106160938619	0.0	0.0		0.0	6.06780916388e-07	0.0	0.0				71.5119079333	88.5002930364	90.5617773989				71.0	88.0	91.0	DLR00012709	DLR00012709-2009-07-01_11-32-39
19	14	2793	2053	135	0.000283628212528	0.000426234748788	2.4745264106e-05	0.000219710646282	3.06039168392e-05	-2.59620828033e-07	0.830834420784	0.000586072779583	86.375	101.875	101.375	71.5981024466	88.3697031075	90.4835563136	86.0	101.5	101.0	72.0	88.0	90.0	DLR00012709	DLR00012709-2009-07-01_11-32-39
20	14	2934	2051	135	0.000700242512598	0.000639352123182	4.04003422474e-05	0.000245677116635	5.54565854579e-05	1.89610574268e-06	1.24625163118	0.000586072779583	90.5	104.666666667	102.333333333	71.3434984273	87.5469957882	89.8776989924	90.5	104.5	102.5	71.0	87.0	90.0	DLR00012709	DLR00012709-2009-07-01_11-32-39
21	14	3072	2053	135	0.00114465105717	0.000213117374394	1.19296716047e-05	0.000219528028832	4.17550219027e-06	2.7283200984e-06	50.2654824574	5.32793435985e-05	87.5	103.5	100.5	71.1029043432	86.9667998934	89.8553690381	87.5	103.5	100.5	71.0	87.0	90.0	DLR00012709	DLR00012709-2009-07-01_11-32-39
22	14	3205	2053	135	0.000130506178975	0.0	0.0		0.0	-1.09213524009e-06	0.0	0.0				69.6710000533	85.1484895306	88.4259150727				70.0	85.0	88.0	DLR00012709	DLR00012709-2009-07-01_11-32-39
23	14	3336	2053	135	0.000975643573853	0.0	0.0		0.0	2.29962227491e-06	0.0	0.0				68.655762161	83.3998081944	86.6594384357				69.0	83.0	87.0	DLR00012709	DLR00012709-2009-07-01_11-32-39
24	14	3480	2053	135	-0.000256362236524	0.0	0.0		0.0	-1.5378642085e-06	0.0	0.0				68.9050029304	82.6606638606	85.508444776				68.0	82.0	85.0	DLR00012709	DLR00012709-2009-07-01_11-32-39
1	15	337	2195	135	0.00202982335306	5.32793435985e-05	3.88448285529e-06	0.000285913171416	0.0	6.9912771824e-06	0.25645654315	0.000372955405189	99.0	109.0	110.0	75.3640771526	89.1223358909	91.9615835465	99.0	109.0	110.0	75.0	89.0	92.0	DLR00012709	DLR00012709-2009-07-01_11-32-39
2	15	477	2192	135	0.00157291057849	0.0	0.0		0.0	5.24137130229e-06	0.0	0.0				75.2633065161	90.2509989877	93.7373328361				75.0	90.0	94.0	DLR00012709	DLR00012709-2009-07-01_11-32-39
3	15	612	2190	135	0.00281370293957	0.00101230752837	8.47097429102e-05	0.000314460815538	0.00056554177559	8.50622426642e-06	0.0761355362477	0.00298364324152	100.421052632	112.947368421	113.894736842	76.99456	92.5088533333	95.8959466667	100.0	112.0	113.0	77.0	92.0	96.0	DLR00012709	DLR00012709-2009-07-01_11-32-39
4	15	743	2191	135	0.00199669721549	0.000159838030795	8.70241011651e-06	0.000209587138592	2.95201366051e-06	5.96209382965e-06	37.6991118431	5.32793435985e-05	93.3333333333	107.333333333	107.666666667	77.3068847916	93.8653948631	97.0594692529	93.0	107.0	108.0	77.0	94.0	97.0	DLR00012709	DLR00012709-2009-07-01_11-32-39
5	15	883	2197	135	0.00241436503501	0.000106558687197	7.54045974205e-06	0.000277503703723	1.42842184778e-05	7.26857590006e-06	0.251327412287	0.000532793435985	97.0	111.0	114.0	76.9842276336	93.9642990355	96.9526829008	97.0	111.0	114.0	77.0	94.0	97.0	DLR00012709	DLR00012709-2009-07-01_11-32-39
6	15	1020	2192	135	0.00200566556217	0.0	0.0		0.0	7.69698991669e-06	0.0	0.0				76.9438435718	93.4449357984	95.8601417231				77.0	93.0	96.0	DLR00012709	DLR00012709-2009-07-01_11-32-39
7	15	1158	2190	135	0.00253522702159	0.000372955405189	2.9055191261e-05	0.000335752017087	0.00033920694436	8.74905365642e-06	0.24366923629	0.00101230752837	99.1428571429	114.714285714	116.0	76.9614113634	93.8000746189	95.6250399744	101.0	117.0	117.0	77.0	94.0	96.0	DLR00012709	DLR00012709-2009-07-01_11-32-39
8	15	1290	2190	135	0.00161739579653	0.0	0.0		0.0	5.14098200199e-06	0.0	0.0				75.5600191806	92.811604241	95.050242421				75.0	93.0	95.0	DLR00012709	DLR00012709-2009-07-01_11-32-39
9	15	1434	2190	135	0.00325081617819	0.000106558687197	5.74908267825e-06	0.000211577515271	3.75245496047e-09	1.19391576537e-05	25.1327412287	5.32793435985e-05	89.5	105.0	106.5	74.6874300634	91.6146427239	93.8335908776	89.5	105.0	106.5	75.0	92.0	94.0	DLR00012709	DLR00012709-2009-07-01_11-32-39
10	15	1565	2190	135	0.00245211064499	0.0	0.0		0.0	9.15966281473e-06	0.0	0.0				73.6231019234	90.4200543449	92.1164153658				74.0	90.0	92.0	DLR00012709	DLR00012709-2009-07-01_11-32-39
11	15	1698	2190	135	0.0017125024048	0.0	0.0		0.0	6.03202738335e-06	0.0	0.0				72.9640897224	89.7349885449	91.5382812084				73.0	90.0	92.0	DLR00012709	DLR00012709-2009-07-01_11-32-39
12	15	1839	2190	135	0.000379021246684	0.000266396717992	1.7488675877e-05	0.000247930552081	7.64612051183e-05	1.5732659557e-06	0.628318530718	0.000532793435985	90.6	104.6	104.6	72.509166489	89.5845235557	91.4361010446	90.0	104.0	104.0	72.0	90.0	91.0	DLR00012709	DLR00012709-2009-07-01_11-32-39
13	15	1969	2190	135	0.000155766917713	0.000266396717992	1.96998578461e-05	0.000283061064347	0.000238833454857	-1.38665709852e-08	0.320570678938	0.000745910810379	91.8	108.8	108.2	72.1963334044	89.1268386272	91.0021850352	92.0	108.0	108.0	72.0	89.0	91.0	DLR00012709	DLR00012709-2009-07-01_11-32-39
14	15	2111	2190	135	0.000711209375316	0.0	0.0		0.0	2.12967729267e-06	0.0	0.000159838030795				71.6307741489	88.3741275507	90.4153124834				72.0	88.0	90.0	DLR00012709	DLR00012709-2009-07-01_11-32-39
15	15	2257	2190	135	0.00100759489761	0.0	0.0		0.0	2.24122736974e-06	0.0	0.0				71.5999254089	88.1545100964	90.0555703554				72.0	88.0	90.0	DLR00012709	DLR00012709-2009-07-01_11-32-39
16	15	2391	2190	135	0.000329873898761	5.32793435985e-05	2.94910494226e-06	0.000217065688868	0.0	-4.74786641546e-07	1.3962634016	0.000159838030795	86.0	102.0	102.0	71.3993499574	87.8651960784	90.4207161125	86.0	102.0	102.0	71.0	88.0	90.0	DLR00012709	DLR00012709-2009-07-01_11-32-39
17	15	2526	2190	135	0.00103958869968	0.0	0.0		0.0	1.90735291605e-06	0.0	0.0				71.5095103628	88.4132345889	91.1562150354				71.0	88.0	91.0	DLR00012709	DLR00012709-2009-07-01_11-32-39
18	15	2659	2196	135	0.000375923747182	0.000106558687197	6.32757465134e-06	0.000232867154179	2.23195217409e-09	1.37758875101e-06	1.57079632679	0.000213117374394	89.0	103.0	103.0	71.7738050834	88.6758672137	91.2769755422	89.0	103.0	103.0	72.0	89.0	91.0	DLR00012709	DLR00012709-2009-07-01_11-32-39
19	15	2798	2193	135	0.00100072954191	0.00255740849273	0.000187743298823	0.000279250321275	0.000213294514063	1.20926194597e-06	0.199400260988	0.00293036389792	92.875	105.708333333	103.520833333	72.1934725709	88.4097537525	91.0441749907	93.0	105.0	104.0	72.0	88.0	91.0	DLR00012709	DLR00012709-2009-07-01_11-32-39
20	15	2939	2192	135	0.000859474931468	0.0	0.0		0.0	2.05642188304e-06	0.0	0.0				71.9490649475	88.1597847515	91.4947519847				72.0	88.0	92.0	DLR00012709	DLR00012709-2009-07-01_11-32-39
21	15	3069	2190	135	0.0012908811879	0.0	0.0		0.0	3.94106457056e-06	0.0	0.000159838030795				71.7290212585	87.5616175609	91.1084234642				72.0	87.0	91.0	DLR00012709	DLR00012709-2009-07-01_11-32-39
22	15	3205	2190	135	0.000172882801757	5.32793435985e-05	3.28348307281e-06	0.000241677230563	0.0	-4.95532280039e-07	0.349065850399	0.000319676061591	87.0	101.0	104.0	70.2189897698	85.3530477408	89.1452472293	87.0	101.0	104.0	70.0	85.0	89.0	DLR00012709	DLR00012709-2009-07-01_11-32-39
23	15	3332	2190	135	0.00116103442165	0.0	0.0		0.0	2.85312672886e-06	0.0	0.0				69.3593158932	83.7780382546	87.5257072833				69.0	84.0	88.0	DLR00012709	DLR00012709-2009-07-01_11-32-39
24	15	3485	2199	135	0.000508082574358	0.0	0.0		0.0	9.41492699661e-07	0.0	0.0				69.6339709095	82.9633438116	86.2897863498				69.0	83.0	86.0	DLR00012709	DLR00012709-2009-07-01_11-32-39
1	16	339	2329	135	-4.92921368028e-05	0.0	0.0		0.0	3.92628493577e-06	0.0	0.0149182162076				89.0690500293	99.4104107837	99.9459214662				84.0	95.0	96.0	DLR00012709	DLR00012709-2009-07-01_11-32-39
2	16	477	2329	135	-0.000583862479545	0.000905748841174	7.77362557956e-05	0.000293864143454	0.00124888849162	2.85177179301e-06	0.00222297919297	0.0165165965155	109.411764706	119.470588235	120.352941176	89.8147930887	101.176941126	102.029170222	107.0	117.0	119.0	85.0	97.0	98.0	DLR00012709	DLR00012709-2009-07-01_11-32-39
3	16	621	2329	135	0.000115497845296	0.00223773243114	0.00033320147669	0.000418384727991	0.00760222517054	3.69997112551e-06	0.011854800337	0.0112419414993	129.047619048	138.547619048	138.547619048	89.327708656	101.783894911	103.200138837	123.0	132.0	132.5	85.0	98.0	100.0	DLR00012709	DLR00012709-2009-07-01_11-32-39
4	16	746	2329	135	-0.000356421848461	0.000106558687197	7.64489889412e-06	0.000281347269302	0.000292956896105	2.27427925479e-06	0.0628318530718	0.00106558687197	112.5	123.0	122.5	88.6364895828	101.994724783	103.984760484	112.5	123.0	122.5	85.0	98.0	101.0	DLR00012709	DLR00012709-2009-07-01_11-32-39
5	16	883	2329	135	0.00059861357362	0.00591400713943	0.000626186700254	0.000435009713381	0.000901030123738	3.77052015662e-06	0.0440243384104	0.00948372316053	182.90990991	185.243243243	171.621621622	86.0110408404	100.329081359	102.252117054	184.0	186.0	174.0	82.0	97.0	100.0	DLR00012709	DLR00012709-2009-07-01_11-32-39
6	16	1020	2329	135	-0.000148150592633	0.000426234748788	4.15041104309e-05	0.00036639232763	0.00062036590278	-2.35296092045e-07	0.207708605196	0.00117214555917	112.625	124.125	125.5	83.4828100848	98.3024892063	99.984702308	112.0	123.0	124.0	81.0	96.0	98.0	DLR00012709	DLR00012709-2009-07-01_11-32-39
7	16	1157	2329	135	0.000976345204302	0.000106558687197	6.38694632649e-06	0.000235052148239	5.20246660026e-05	3.78133283346e-06	1.00530964915	0.000266396717992	93.0	109.5	111.0	83.1557521181	98.1081685938	99.6510896787	93.0	109.5	111.0	80.0	96.0	98.0	DLR00012709	DLR00012709-2009-07-01_11-32-39
8	16	1294	2329	135	-0.000125136472826	0.0	0.0		0.0	2.12386982657e-07	0.0	0.0				81.0784804731	96.7487878949	98.7716447333				78.0	94.0	98.0	DLR00012709	DLR00012709-2009-07-01_11-32-39
9	16	1425	2331	135	0.000831190359044	0.0	0.0		0.0	5.13581632567e-06	0.0	0.000319676061591				79.8298790559	95.2819542863	97.5394000746				77.0	93.0	96.0	DLR00012709	DLR00012709-2009-07-01_11-32-39
10	16	1565	2334	135	-0.000575109744978	0.0	0.0		0.0	1.54623254388e-06	0.0	0.00117214555917				79.0478981299	94.4370504555	96.0099632373				76.0	92.0	94.0	DLR00012709	DLR00012709-2009-07-01_11-32-39
11	16	1705	2329	135	7.48164944465e-05	0.0	0.0		0.0	1.18389730678e-06	0.0	0.00266396717992				78.7883211679	94.4595343385	95.8975971016				76.0	92.0	94.0	DLR00012709	DLR00012709-2009-07-01_11-32-39
12	16	1834	2329	135	-0.00106404919252	0.000532793435985	4.26907269789e-05	0.000236184060115	0.000889366707226	-2.82761994279e-06	0.0109759547684	0.00570088976504	109.2	121.3	119.7	79.7273308812	95.4151074151	96.8156618157	109.5	120.5	117.5	76.0	93.0	95.0	DLR00012709	DLR00012709-2009-07-01_11-32-39
13	16	1972	2333	135	-0.000712331510907	0.00655335926261	0.000713509051461	0.000407335895693	0.0016718893231	-1.39957019165e-06	0.00966039740979	0.0213117374394	181.788617886	185.991869919	170.25203252	80.6452858522	96.1544030891	97.0062748042	190.0	193.0	175.0	77.0	93.0	94.0	DLR00012709	DLR00012709-2009-07-01_11-32-39
14	16	2114	2329	135	-0.000950608059529	0.00234429111833	0.000193601556657	0.00030536271368	0.000607012232055	-3.36856216338e-06	0.0191321905547	0.00905748841174	106.818181818	109.590909091	99.7727272727	78.0468891856	93.7469158879	95.1978104139	106.0	109.0	98.0	75.0	91.0	94.0	DLR00012709	DLR00012709-2009-07-01_11-32-39
15	16	2252	2327	135	-0.00037421308078	0.0	0.0		0.0	-1.00546065054e-06	0.0	0.0034631573339				77.8610474719	93.4348127231	95.4181895679				75.0	91.0	94.0	DLR00012709	DLR00012709-2009-07-01_11-32-39
16	16	2385	2329	135	-0.00189809760203	5.32793435985e-05	2.95558696218e-06	0.000217542790953	0.0	-3.07636453578e-06	0.013962634016	0.00159838030795	107.0	117.0	116.0	78.7290601023	94.3296568627	96.5246696505	107.0	117.0	116.0	75.0	91.0	95.0	DLR00012709	DLR00012709-2009-07-01_11-32-39
17	16	2531	2337	135	0.00185068993152	0.0482710853002	0.00301568533303	0.00024394649319	1.99837174032e-05	-5.99608976927e-07	0.0934732208817	0.0185944909159	173.728476821	175.835540839	157.945916115	82.5790740637	97.7048648043	99.2299165874	174.0	176.0	158.0	78.0	93.0	96.0	DLR00012709	DLR00012709-2009-07-01_11-32-39
18	16	2659	2329	135	-0.00137450723535	0.00282380521072	0.000169026971552	0.000229937098836	2.69249170378e-05	-7.07776397886e-07	0.005795438976	0.0180616974799	171.320754717	174.716981132	156.79245283	83.0297072024	97.8773776448	99.251709767	170.0	174.0	156.0	78.0	93.0	96.0	DLR00012709	DLR00012709-2009-07-01_11-32-39
19	16	2802	2329	135	-0.000100428007553	0.00831157760136	0.000518110426152	0.000242616182047	3.30967632093e-05	1.77303966238e-06	0.0148772003722	0.0193404017263	172.224358974	175.653846154	158.108974359	83.5701391501	97.8711653146	99.4614516736	172.0	176.0	158.0	79.0	93.0	96.0	DLR00012709	DLR00012709-2009-07-01_11-32-39
20	16	2934	2338	135	0.00325263623072	0.0646811231286	0.00472421510573	0.000275687997373	0.000226318501182	-2.61170094939e-06	0.031402411083	0.0371357024881	176.910214168	179.389621087	164.111202636	85.6258615779	99.4083736827	100.713813728	178.0	180.0	164.0	80.0	94.0	96.0	DLR00012709	DLR00012709-2009-07-01_11-32-39
21	16	3063	2337	135	0.00357350593474	0.0570088976504	0.00443385261527	0.000276296878673	0.000498382506214	-1.58497087697e-06	0.0334514637357	0.0337791038414	182.421495327	184.679439252	168.098130841	86.7932651562	100.179275665	101.566020679	181.0	184.0	168.0	80.0	94.0	96.0	DLR00012709	DLR00012709-2009-07-01_11-32-39
22	16	3205	2322	135	-0.00122639165199	0.000159838030795	9.03505807086e-06	0.000226478775625	4.58721395441e-06	-5.60427303159e-07	1.0471975512	0.000319676061591	97.0	109.0	106.333333333	80.9833208995	93.9974954705	96.085900032	88.0	103.0	100.0	77.0	90.0	93.0	DLR00012709	DLR00012709-2009-07-01_11-32-39
23	16	3337	2335	135	0.00457484907095	0.0640417710054	0.00579224555889	0.000310438974658	0.000965016002727	4.57842969218e-07	0.0253442667563	0.041131653258	190.876039933	192.368552413	169.270382696	84.6174076393	96.4264814709	97.729492799	188.0	189.0	169.0	79.0	91.0	93.0	DLR00012709	DLR00012709-2009-07-01_11-32-39
24	16	3482	2319	135	-0.00129010985283	0.00106558687197	6.14782888198e-05	0.000220533048619	2.79766740051e-05	-3.37814417389e-06	0.0196826229374	0.00602056582663	117.9	120.55	116.45	81.2361725959	92.4287161982	94.0989919462	119.0	121.0	117.0	77.0	88.0	91.0	DLR00012709	DLR00012709-2009-07-01_11-32-39
